
> backend@0.0.1 start:dev /Users/eduardodev/Documents/Barbearia dos Reis/apps/backend
> nest start --watch

[2J[3J[H[[90m9:58:49 PM[0m] Starting compilation in watch mode...

[96msrc/auth/auth.controller.ts[0m:[93m16[0m:[93m17[0m - [91merror[0m[90m TS2304: [0mCannot find name 'UnauthorizedException'.

[7m16[0m       throw new UnauthorizedException();
[7m  [0m [91m                ~~~~~~~~~~~~~~~~~~~~~[0m

[96msrc/auth/dto/auth.dto.ts[0m:[93m2[0m:[93m58[0m - [91merror[0m[90m TS2307: [0mCannot find module 'class-validator' or its corresponding type declarations.

[7m2[0m import { IsEmail, IsNotEmpty, IsString, MinLength } from 'class-validator';
[7m [0m [91m                                                         ~~~~~~~~~~~~~~~~~[0m

[96msrc/haircuts/dto/haircut.dto.ts[0m:[93m2[0m:[93m60[0m - [91merror[0m[90m TS2307: [0mCannot find module 'class-validator' or its corresponding type declarations.

[7m2[0m import { IsNotEmpty, IsNumber, IsString, IsOptional } from 'class-validator';
[7m [0m [91m                                                           ~~~~~~~~~~~~~~~~~[0m

[96msrc/haircuts/dto/haircut.dto.ts[0m:[93m3[0m:[93m22[0m - [91merror[0m[90m TS2307: [0mCannot find module 'class-transformer' or its corresponding type declarations.

[7m3[0m import { Type } from 'class-transformer';
[7m [0m [91m                     ~~~~~~~~~~~~~~~~~~~[0m

[[90m9:58:51 PM[0m] Found 4 errors. Watching for file changes.

[2J[3J[H[[90m10:00:06 PM[0m] File change detected. Starting incremental compilation...

[96msrc/auth/auth.controller.ts[0m:[93m16[0m:[93m17[0m - [91merror[0m[90m TS2304: [0mCannot find name 'UnauthorizedException'.

[7m16[0m       throw new UnauthorizedException();
[7m  [0m [91m                ~~~~~~~~~~~~~~~~~~~~~[0m

[96msrc/auth/dto/auth.dto.ts[0m:[93m2[0m:[93m58[0m - [91merror[0m[90m TS2307: [0mCannot find module 'class-validator' or its corresponding type declarations.

[7m2[0m import { IsEmail, IsNotEmpty, IsString, MinLength } from 'class-validator';
[7m [0m [91m                                                         ~~~~~~~~~~~~~~~~~[0m

[96msrc/haircuts/dto/haircut.dto.ts[0m:[93m2[0m:[93m60[0m - [91merror[0m[90m TS2307: [0mCannot find module 'class-validator' or its corresponding type declarations.

[7m2[0m import { IsNotEmpty, IsNumber, IsString, IsOptional } from 'class-validator';
[7m [0m [91m                                                           ~~~~~~~~~~~~~~~~~[0m

[96msrc/haircuts/dto/haircut.dto.ts[0m:[93m3[0m:[93m22[0m - [91merror[0m[90m TS2307: [0mCannot find module 'class-transformer' or its corresponding type declarations.

[7m3[0m import { Type } from 'class-transformer';
[7m [0m [91m                     ~~~~~~~~~~~~~~~~~~~[0m

[[90m10:00:06 PM[0m] Found 4 errors. Watching for file changes.

[2J[3J[H[[90m10:00:10 PM[0m] File change detected. Starting incremental compilation...

[96msrc/auth/auth.controller.ts[0m:[93m16[0m:[93m17[0m - [91merror[0m[90m TS2304: [0mCannot find name 'UnauthorizedException'.

[7m16[0m       throw new UnauthorizedException();
[7m  [0m [91m                ~~~~~~~~~~~~~~~~~~~~~[0m

[96msrc/auth/dto/auth.dto.ts[0m:[93m2[0m:[93m58[0m - [91merror[0m[90m TS2307: [0mCannot find module 'class-validator' or its corresponding type declarations.

[7m2[0m import { IsEmail, IsNotEmpty, IsString, MinLength } from 'class-validator';
[7m [0m [91m                                                         ~~~~~~~~~~~~~~~~~[0m

[96msrc/haircuts/dto/haircut.dto.ts[0m:[93m2[0m:[93m60[0m - [91merror[0m[90m TS2307: [0mCannot find module 'class-validator' or its corresponding type declarations.

[7m2[0m import { IsNotEmpty, IsNumber, IsString, IsOptional } from 'class-validator';
[7m [0m [91m                                                           ~~~~~~~~~~~~~~~~~[0m

[96msrc/haircuts/dto/haircut.dto.ts[0m:[93m3[0m:[93m22[0m - [91merror[0m[90m TS2307: [0mCannot find module 'class-transformer' or its corresponding type declarations.

[7m3[0m import { Type } from 'class-transformer';
[7m [0m [91m                     ~~~~~~~~~~~~~~~~~~~[0m

[[90m10:00:10 PM[0m] Found 4 errors. Watching for file changes.

[2J[3J[H[[90m10:00:12 PM[0m] File change detected. Starting incremental compilation...

[96msrc/auth/auth.controller.ts[0m:[93m16[0m:[93m17[0m - [91merror[0m[90m TS2304: [0mCannot find name 'UnauthorizedException'.

[7m16[0m       throw new UnauthorizedException();
[7m  [0m [91m                ~~~~~~~~~~~~~~~~~~~~~[0m

[96msrc/auth/dto/auth.dto.ts[0m:[93m2[0m:[93m58[0m - [91merror[0m[90m TS2307: [0mCannot find module 'class-validator' or its corresponding type declarations.

[7m2[0m import { IsEmail, IsNotEmpty, IsString, MinLength } from 'class-validator';
[7m [0m [91m                                                         ~~~~~~~~~~~~~~~~~[0m

[96msrc/haircuts/dto/haircut.dto.ts[0m:[93m2[0m:[93m60[0m - [91merror[0m[90m TS2307: [0mCannot find module 'class-validator' or its corresponding type declarations.

[7m2[0m import { IsNotEmpty, IsNumber, IsString, IsOptional } from 'class-validator';
[7m [0m [91m                                                           ~~~~~~~~~~~~~~~~~[0m

[96msrc/haircuts/dto/haircut.dto.ts[0m:[93m18[0m:[93m6[0m - [91merror[0m[90m TS2304: [0mCannot find name 'Type'.

[7m18[0m     @Type(() => Number)
[7m  [0m [91m     ~~~~[0m

[96msrc/haircuts/dto/haircut.dto.ts[0m:[93m41[0m:[93m6[0m - [91merror[0m[90m TS2304: [0mCannot find name 'Type'.

[7m41[0m     @Type(() => Number)
[7m  [0m [91m     ~~~~[0m

[[90m10:00:13 PM[0m] Found 5 errors. Watching for file changes.

[2J[3J[H[[90m10:00:23 PM[0m] File change detected. Starting incremental compilation...

[96msrc/auth/auth.controller.ts[0m:[93m16[0m:[93m17[0m - [91merror[0m[90m TS2304: [0mCannot find name 'UnauthorizedException'.

[7m16[0m       throw new UnauthorizedException();
[7m  [0m [91m                ~~~~~~~~~~~~~~~~~~~~~[0m

[96msrc/auth/dto/auth.dto.ts[0m:[93m2[0m:[93m58[0m - [91merror[0m[90m TS2307: [0mCannot find module 'class-validator' or its corresponding type declarations.

[7m2[0m import { IsEmail, IsNotEmpty, IsString, MinLength } from 'class-validator';
[7m [0m [91m                                                         ~~~~~~~~~~~~~~~~~[0m

[96msrc/haircuts/dto/haircut.dto.ts[0m:[93m2[0m:[93m60[0m - [91merror[0m[90m TS2307: [0mCannot find module 'class-validator' or its corresponding type declarations.

[7m2[0m import { IsNotEmpty, IsNumber, IsString, IsOptional } from 'class-validator';
[7m [0m [91m                                                           ~~~~~~~~~~~~~~~~~[0m

[96msrc/haircuts/dto/haircut.dto.ts[0m:[93m3[0m:[93m22[0m - [91merror[0m[90m TS2307: [0mCannot find module 'class-transformer' or its corresponding type declarations.

[7m3[0m import { Type } from 'class-transformer';
[7m [0m [91m                     ~~~~~~~~~~~~~~~~~~~[0m

[[90m10:00:23 PM[0m] Found 4 errors. Watching for file changes.

[2J[3J[H[[90m10:00:32 PM[0m] File change detected. Starting incremental compilation...

[96msrc/app.controller.ts[0m:[93m1[0m:[93m33[0m - [91merror[0m[90m TS2307: [0mCannot find module '@nestjs/common' or its corresponding type declarations.

[7m1[0m import { Controller, Get } from '@nestjs/common';
[7m [0m [91m                                ~~~~~~~~~~~~~~~~[0m

[96msrc/app.module.ts[0m:[93m1[0m:[93m24[0m - [91merror[0m[90m TS2307: [0mCannot find module '@nestjs/common' or its corresponding type declarations.

[7m1[0m import { Module } from '@nestjs/common';
[7m [0m [91m                       ~~~~~~~~~~~~~~~~[0m

[96msrc/app.service.ts[0m:[93m1[0m:[93m28[0m - [91merror[0m[90m TS2307: [0mCannot find module '@nestjs/common' or its corresponding type declarations.

[7m1[0m import { Injectable } from '@nestjs/common';
[7m [0m [91m                           ~~~~~~~~~~~~~~~~[0m

[96msrc/auth/auth.controller.ts[0m:[93m1[0m:[93m65[0m - [91merror[0m[90m TS2307: [0mCannot find module '@nestjs/common' or its corresponding type declarations.

[7m1[0m import { Controller, Post, Body, UseGuards, Request, Get } from '@nestjs/common';
[7m [0m [91m                                                                ~~~~~~~~~~~~~~~~[0m

[96msrc/auth/auth.controller.ts[0m:[93m3[0m:[93m34[0m - [91merror[0m[90m TS2307: [0mCannot find module '@nestjs/swagger' or its corresponding type declarations.

[7m3[0m import { ApiTags, ApiBody } from '@nestjs/swagger';
[7m [0m [91m                                 ~~~~~~~~~~~~~~~~~[0m

[96msrc/auth/auth.controller.ts[0m:[93m16[0m:[93m17[0m - [91merror[0m[90m TS2304: [0mCannot find name 'UnauthorizedException'.

[7m16[0m       throw new UnauthorizedException();
[7m  [0m [91m                ~~~~~~~~~~~~~~~~~~~~~[0m

[96msrc/auth/auth.module.ts[0m:[93m1[0m:[93m24[0m - [91merror[0m[90m TS2307: [0mCannot find module '@nestjs/common' or its corresponding type declarations.

[7m1[0m import { Module } from '@nestjs/common';
[7m [0m [91m                       ~~~~~~~~~~~~~~~~[0m

[96msrc/auth/auth.service.ts[0m:[93m1[0m:[93m51[0m - [91merror[0m[90m TS2307: [0mCannot find module '@nestjs/common' or its corresponding type declarations.

[7m1[0m import { Injectable, UnauthorizedException } from '@nestjs/common';
[7m [0m [91m                                                  ~~~~~~~~~~~~~~~~[0m

[96msrc/auth/dto/auth.dto.ts[0m:[93m1[0m:[93m29[0m - [91merror[0m[90m TS2307: [0mCannot find module '@nestjs/swagger' or its corresponding type declarations.

[7m1[0m import { ApiProperty } from '@nestjs/swagger';
[7m [0m [91m                            ~~~~~~~~~~~~~~~~~[0m

[96msrc/auth/dto/auth.dto.ts[0m:[93m2[0m:[93m58[0m - [91merror[0m[90m TS2307: [0mCannot find module 'class-validator' or its corresponding type declarations.

[7m2[0m import { IsEmail, IsNotEmpty, IsString, MinLength } from 'class-validator';
[7m [0m [91m                                                         ~~~~~~~~~~~~~~~~~[0m

[96msrc/auth/dto/update-auth.dto.ts[0m:[93m1[0m:[93m29[0m - [91merror[0m[90m TS2307: [0mCannot find module '@nestjs/mapped-types' or its corresponding type declarations.

[7m1[0m import { PartialType } from '@nestjs/mapped-types';
[7m [0m [91m                            ~~~~~~~~~~~~~~~~~~~~~~[0m

[96msrc/auth/jwt-auth.guard.ts[0m:[93m1[0m:[93m28[0m - [91merror[0m[90m TS2307: [0mCannot find module '@nestjs/common' or its corresponding type declarations.

[7m1[0m import { Injectable } from '@nestjs/common';
[7m [0m [91m                           ~~~~~~~~~~~~~~~~[0m

[96msrc/auth/jwt.strategy.ts[0m:[93m3[0m:[93m28[0m - [91merror[0m[90m TS2307: [0mCannot find module '@nestjs/common' or its corresponding type declarations.

[7m3[0m import { Injectable } from '@nestjs/common';
[7m [0m [91m                           ~~~~~~~~~~~~~~~~[0m

[96msrc/auth/roles.decorator.ts[0m:[93m1[0m:[93m29[0m - [91merror[0m[90m TS2307: [0mCannot find module '@nestjs/common' or its corresponding type declarations.

[7m1[0m import { SetMetadata } from '@nestjs/common';
[7m [0m [91m                            ~~~~~~~~~~~~~~~~[0m

[96msrc/auth/roles.guard.ts[0m:[93m1[0m:[93m59[0m - [91merror[0m[90m TS2307: [0mCannot find module '@nestjs/common' or its corresponding type declarations.

[7m1[0m import { Injectable, CanActivate, ExecutionContext } from '@nestjs/common';
[7m [0m [91m                                                          ~~~~~~~~~~~~~~~~[0m

[96msrc/haircuts/dto/haircut.dto.ts[0m:[93m1[0m:[93m29[0m - [91merror[0m[90m TS2307: [0mCannot find module '@nestjs/swagger' or its corresponding type declarations.

[7m1[0m import { ApiProperty } from '@nestjs/swagger';
[7m [0m [91m                            ~~~~~~~~~~~~~~~~~[0m

[96msrc/haircuts/dto/haircut.dto.ts[0m:[93m2[0m:[93m60[0m - [91merror[0m[90m TS2307: [0mCannot find module 'class-validator' or its corresponding type declarations.

[7m2[0m import { IsNotEmpty, IsNumber, IsString, IsOptional } from 'class-validator';
[7m [0m [91m                                                           ~~~~~~~~~~~~~~~~~[0m

[96msrc/haircuts/dto/haircut.dto.ts[0m:[93m3[0m:[93m22[0m - [91merror[0m[90m TS2307: [0mCannot find module 'class-transformer' or its corresponding type declarations.

[7m3[0m import { Type } from 'class-transformer';
[7m [0m [91m                     ~~~~~~~~~~~~~~~~~~~[0m

[96msrc/haircuts/haircuts.controller.ts[0m:[93m1[0m:[93m131[0m - [91merror[0m[90m TS2307: [0mCannot find module '@nestjs/common' or its corresponding type declarations.

[7m1[0m import { Controller, Get, Post, Body, Patch, Param, Delete, UseGuards, UseInterceptors, UploadedFiles, Query, ParseIntPipe } from '@nestjs/common';
[7m [0m [91m                                                                                                                                  ~~~~~~~~~~~~~~~~[0m

[96msrc/haircuts/haircuts.controller.ts[0m:[93m11[0m:[93m63[0m - [91merror[0m[90m TS2307: [0mCannot find module '@nestjs/swagger' or its corresponding type declarations.

[7m11[0m import { ApiTags, ApiConsumes, ApiBearerAuth, ApiQuery } from '@nestjs/swagger';
[7m  [0m [91m                                                              ~~~~~~~~~~~~~~~~~[0m

[96msrc/haircuts/haircuts.module.ts[0m:[93m1[0m:[93m24[0m - [91merror[0m[90m TS2307: [0mCannot find module '@nestjs/common' or its corresponding type declarations.

[7m1[0m import { Module } from '@nestjs/common';
[7m [0m [91m                       ~~~~~~~~~~~~~~~~[0m

[96msrc/haircuts/haircuts.service.ts[0m:[93m1[0m:[93m47[0m - [91merror[0m[90m TS2307: [0mCannot find module '@nestjs/common' or its corresponding type declarations.

[7m1[0m import { Injectable, NotFoundException } from '@nestjs/common';
[7m [0m [91m                                              ~~~~~~~~~~~~~~~~[0m

[96msrc/main.ts[0m:[93m3[0m:[93m32[0m - [91merror[0m[90m TS2307: [0mCannot find module '@nestjs/common' or its corresponding type declarations.

[7m3[0m import { ValidationPipe } from '@nestjs/common';
[7m [0m [91m                               ~~~~~~~~~~~~~~~~[0m

[96msrc/main.ts[0m:[93m4[0m:[93m48[0m - [91merror[0m[90m TS2307: [0mCannot find module '@nestjs/swagger' or its corresponding type declarations.

[7m4[0m import { DocumentBuilder, SwaggerModule } from '@nestjs/swagger';
[7m [0m [91m                                               ~~~~~~~~~~~~~~~~~[0m

[96msrc/prisma/prisma.module.ts[0m:[93m1[0m:[93m32[0m - [91merror[0m[90m TS2307: [0mCannot find module '@nestjs/common' or its corresponding type declarations.

[7m1[0m import { Global, Module } from '@nestjs/common';
[7m [0m [91m                               ~~~~~~~~~~~~~~~~[0m

[96msrc/prisma/prisma.service.ts[0m:[93m1[0m:[93m42[0m - [91merror[0m[90m TS2307: [0mCannot find module '@nestjs/common' or its corresponding type declarations.

[7m1[0m import { Injectable, OnModuleInit } from '@nestjs/common';
[7m [0m [91m                                         ~~~~~~~~~~~~~~~~[0m

[96msrc/users/users.controller.ts[0m:[93m1[0m:[93m28[0m - [91merror[0m[90m TS2307: [0mCannot find module '@nestjs/common' or its corresponding type declarations.

[7m1[0m import { Controller } from '@nestjs/common';
[7m [0m [91m                           ~~~~~~~~~~~~~~~~[0m

[96msrc/users/users.module.ts[0m:[93m1[0m:[93m24[0m - [91merror[0m[90m TS2307: [0mCannot find module '@nestjs/common' or its corresponding type declarations.

[7m1[0m import { Module } from '@nestjs/common';
[7m [0m [91m                       ~~~~~~~~~~~~~~~~[0m

[96msrc/users/users.service.ts[0m:[93m1[0m:[93m28[0m - [91merror[0m[90m TS2307: [0mCannot find module '@nestjs/common' or its corresponding type declarations.

[7m1[0m import { Injectable } from '@nestjs/common';
[7m [0m [91m                           ~~~~~~~~~~~~~~~~[0m

[[90m10:00:33 PM[0m] Found 29 errors. Watching for file changes.

[2J[3J[H[[90m10:00:34 PM[0m] File change detected. Starting incremental compilation...

[96msrc/auth/auth.controller.ts[0m:[93m16[0m:[93m17[0m - [91merror[0m[90m TS2304: [0mCannot find name 'UnauthorizedException'.

[7m16[0m       throw new UnauthorizedException();
[7m  [0m [91m                ~~~~~~~~~~~~~~~~~~~~~[0m

[96msrc/main.ts[0m:[93m18[0m:[93m49[0m - [91merror[0m[90m TS2345: [0mArgument of type 'import("/Users/eduardodev/Documents/Barbearia dos Reis/node_modules/.pnpm/@nestjs+common@11.1.13_reflect-metadata@0.2.2_rxjs@7.8.2/node_modules/@nestjs/common/interfaces/nest-application.interface").INestApplication<any>' is not assignable to parameter of type 'import("/Users/eduardodev/Documents/Barbearia dos Reis/node_modules/.pnpm/@nestjs+common@11.1.13_class-transformer@0.5.1_class-validator@0.14.3_reflect-metadata@0.2.2_rxjs@7.8.2/node_modules/@nestjs/common/interfaces/nest-application.interface").INestApplication<any>'.
  Types of property 'enableVersioning' are incompatible.
    Type '(options?: import("/Users/eduardodev/Documents/Barbearia dos Reis/node_modules/.pnpm/@nestjs+common@11.1.13_reflect-metadata@0.2.2_rxjs@7.8.2/node_modules/@nestjs/common/interfaces/version-options.interface").VersioningOptions | undefined) => import("/Users/eduardodev/Documents/Barbearia dos Reis/node_modules/.pnpm/...' is not assignable to type '(options?: import("/Users/eduardodev/Documents/Barbearia dos Reis/node_modules/.pnpm/@nestjs+common@11.1.13_class-transformer@0.5.1_class-validator@0.14.3_reflect-metadata@0.2.2_rxjs@7.8.2/node_modules/@nestjs/common/interfaces/version-options.interface").VersioningOptions | undefined) => import("/Users/eduardodev/D...'.
      Types of parameters 'options' and 'options' are incompatible.
        Type 'import("/Users/eduardodev/Documents/Barbearia dos Reis/node_modules/.pnpm/@nestjs+common@11.1.13_class-transformer@0.5.1_class-validator@0.14.3_reflect-metadata@0.2.2_rxjs@7.8.2/node_modules/@nestjs/common/interfaces/version-options.interface").VersioningOptions | undefined' is not assignable to type 'import("/Users/eduardodev/Documents/Barbearia dos Reis/node_modules/.pnpm/@nestjs+common@11.1.13_reflect-metadata@0.2.2_rxjs@7.8.2/node_modules/@nestjs/common/interfaces/version-options.interface").VersioningOptions | undefined'.
          Type 'VersioningCommonOptions & HeaderVersioningOptions' is not assignable to type 'VersioningOptions | undefined'.
            Type 'VersioningCommonOptions & import("/Users/eduardodev/Documents/Barbearia dos Reis/node_modules/.pnpm/@nestjs+common@11.1.13_class-transformer@0.5.1_class-validator@0.14.3_reflect-metadata@0.2.2_rxjs@7.8.2/node_modules/@nestjs/common/interfaces/version-options.interface").HeaderVersioningOptions' is not assignable to type 'VersioningCommonOptions & import("/Users/eduardodev/Documents/Barbearia dos Reis/node_modules/.pnpm/@nestjs+common@11.1.13_reflect-metadata@0.2.2_rxjs@7.8.2/node_modules/@nestjs/common/interfaces/version-options.interface").HeaderVersioningOptions'.
              Type 'VersioningCommonOptions & HeaderVersioningOptions' is not assignable to type 'VersioningCommonOptions'.
                Types of property 'defaultVersion' are incompatible.
                  Type 'import("/Users/eduardodev/Documents/Barbearia dos Reis/node_modules/.pnpm/@nestjs+common@11.1.13_class-transformer@0.5.1_class-validator@0.14.3_reflect-metadata@0.2.2_rxjs@7.8.2/node_modules/@nestjs/common/interfaces/version-options.interface").VersionValue | undefined' is not assignable to type 'import("/Users/eduardodev/Documents/Barbearia dos Reis/node_modules/.pnpm/@nestjs+common@11.1.13_reflect-metadata@0.2.2_rxjs@7.8.2/node_modules/@nestjs/common/interfaces/version-options.interface").VersionValue | undefined'.
                    Type 'unique symbol' is not assignable to type 'VersionValue | undefined'.

[7m18[0m   const document = SwaggerModule.createDocument(app, config);
[7m  [0m [91m                                                ~~~[0m

[96msrc/main.ts[0m:[93m19[0m:[93m38[0m - [91merror[0m[90m TS2345: [0mArgument of type 'import("/Users/eduardodev/Documents/Barbearia dos Reis/node_modules/.pnpm/@nestjs+common@11.1.13_reflect-metadata@0.2.2_rxjs@7.8.2/node_modules/@nestjs/common/interfaces/nest-application.interface").INestApplication<any>' is not assignable to parameter of type 'import("/Users/eduardodev/Documents/Barbearia dos Reis/node_modules/.pnpm/@nestjs+common@11.1.13_class-transformer@0.5.1_class-validator@0.14.3_reflect-metadata@0.2.2_rxjs@7.8.2/node_modules/@nestjs/common/interfaces/nest-application.interface").INestApplication<any>'.
  Types of property 'enableVersioning' are incompatible.
    Type '(options?: import("/Users/eduardodev/Documents/Barbearia dos Reis/node_modules/.pnpm/@nestjs+common@11.1.13_reflect-metadata@0.2.2_rxjs@7.8.2/node_modules/@nestjs/common/interfaces/version-options.interface").VersioningOptions | undefined) => import("/Users/eduardodev/Documents/Barbearia dos Reis/node_modules/.pnpm/...' is not assignable to type '(options?: import("/Users/eduardodev/Documents/Barbearia dos Reis/node_modules/.pnpm/@nestjs+common@11.1.13_class-transformer@0.5.1_class-validator@0.14.3_reflect-metadata@0.2.2_rxjs@7.8.2/node_modules/@nestjs/common/interfaces/version-options.interface").VersioningOptions | undefined) => import("/Users/eduardodev/D...'.
      Types of parameters 'options' and 'options' are incompatible.
        Type 'import("/Users/eduardodev/Documents/Barbearia dos Reis/node_modules/.pnpm/@nestjs+common@11.1.13_class-transformer@0.5.1_class-validator@0.14.3_reflect-metadata@0.2.2_rxjs@7.8.2/node_modules/@nestjs/common/interfaces/version-options.interface").VersioningOptions | undefined' is not assignable to type 'import("/Users/eduardodev/Documents/Barbearia dos Reis/node_modules/.pnpm/@nestjs+common@11.1.13_reflect-metadata@0.2.2_rxjs@7.8.2/node_modules/@nestjs/common/interfaces/version-options.interface").VersioningOptions | undefined'.
          Type 'VersioningCommonOptions & HeaderVersioningOptions' is not assignable to type 'VersioningOptions | undefined'.
            Type 'VersioningCommonOptions & import("/Users/eduardodev/Documents/Barbearia dos Reis/node_modules/.pnpm/@nestjs+common@11.1.13_class-transformer@0.5.1_class-validator@0.14.3_reflect-metadata@0.2.2_rxjs@7.8.2/node_modules/@nestjs/common/interfaces/version-options.interface").HeaderVersioningOptions' is not assignable to type 'VersioningCommonOptions & import("/Users/eduardodev/Documents/Barbearia dos Reis/node_modules/.pnpm/@nestjs+common@11.1.13_reflect-metadata@0.2.2_rxjs@7.8.2/node_modules/@nestjs/common/interfaces/version-options.interface").HeaderVersioningOptions'.
              Type 'VersioningCommonOptions & HeaderVersioningOptions' is not assignable to type 'VersioningCommonOptions'.
                Types of property 'defaultVersion' are incompatible.
                  Type 'import("/Users/eduardodev/Documents/Barbearia dos Reis/node_modules/.pnpm/@nestjs+common@11.1.13_class-transformer@0.5.1_class-validator@0.14.3_reflect-metadata@0.2.2_rxjs@7.8.2/node_modules/@nestjs/common/interfaces/version-options.interface").VersionValue | undefined' is not assignable to type 'import("/Users/eduardodev/Documents/Barbearia dos Reis/node_modules/.pnpm/@nestjs+common@11.1.13_reflect-metadata@0.2.2_rxjs@7.8.2/node_modules/@nestjs/common/interfaces/version-options.interface").VersionValue | undefined'.
                    Type 'unique symbol' is not assignable to type 'VersionValue | undefined'.

[7m19[0m   SwaggerModule.setup('api/swagger', app, document);
[7m  [0m [91m                                     ~~~[0m

[[90m10:00:35 PM[0m] Found 3 errors. Watching for file changes.

[2J[3J[H[[90m10:01:36 PM[0m] File change detected. Starting incremental compilation...

[96msrc/auth/auth.controller.ts[0m:[93m16[0m:[93m17[0m - [91merror[0m[90m TS2304: [0mCannot find name 'UnauthorizedException'.

[7m16[0m       throw new UnauthorizedException();
[7m  [0m [91m                ~~~~~~~~~~~~~~~~~~~~~[0m

[96msrc/main.ts[0m:[93m18[0m:[93m49[0m - [91merror[0m[90m TS2345: [0mArgument of type 'import("/Users/eduardodev/Documents/Barbearia dos Reis/node_modules/.pnpm/@nestjs+common@11.1.13_reflect-metadata@0.2.2_rxjs@7.8.2/node_modules/@nestjs/common/interfaces/nest-application.interface").INestApplication<any>' is not assignable to parameter of type 'import("/Users/eduardodev/Documents/Barbearia dos Reis/node_modules/.pnpm/@nestjs+common@11.1.13_class-transformer@0.5.1_class-validator@0.14.3_reflect-metadata@0.2.2_rxjs@7.8.2/node_modules/@nestjs/common/interfaces/nest-application.interface").INestApplication<any>'.
  Types of property 'enableVersioning' are incompatible.
    Type '(options?: import("/Users/eduardodev/Documents/Barbearia dos Reis/node_modules/.pnpm/@nestjs+common@11.1.13_reflect-metadata@0.2.2_rxjs@7.8.2/node_modules/@nestjs/common/interfaces/version-options.interface").VersioningOptions | undefined) => import("/Users/eduardodev/Documents/Barbearia dos Reis/node_modules/.pnpm/...' is not assignable to type '(options?: import("/Users/eduardodev/Documents/Barbearia dos Reis/node_modules/.pnpm/@nestjs+common@11.1.13_class-transformer@0.5.1_class-validator@0.14.3_reflect-metadata@0.2.2_rxjs@7.8.2/node_modules/@nestjs/common/interfaces/version-options.interface").VersioningOptions | undefined) => import("/Users/eduardodev/D...'.
      Types of parameters 'options' and 'options' are incompatible.
        Type 'import("/Users/eduardodev/Documents/Barbearia dos Reis/node_modules/.pnpm/@nestjs+common@11.1.13_class-transformer@0.5.1_class-validator@0.14.3_reflect-metadata@0.2.2_rxjs@7.8.2/node_modules/@nestjs/common/interfaces/version-options.interface").VersioningOptions | undefined' is not assignable to type 'import("/Users/eduardodev/Documents/Barbearia dos Reis/node_modules/.pnpm/@nestjs+common@11.1.13_reflect-metadata@0.2.2_rxjs@7.8.2/node_modules/@nestjs/common/interfaces/version-options.interface").VersioningOptions | undefined'.
          Type 'VersioningCommonOptions & HeaderVersioningOptions' is not assignable to type 'VersioningOptions | undefined'.
            Type 'VersioningCommonOptions & import("/Users/eduardodev/Documents/Barbearia dos Reis/node_modules/.pnpm/@nestjs+common@11.1.13_class-transformer@0.5.1_class-validator@0.14.3_reflect-metadata@0.2.2_rxjs@7.8.2/node_modules/@nestjs/common/interfaces/version-options.interface").HeaderVersioningOptions' is not assignable to type 'VersioningCommonOptions & import("/Users/eduardodev/Documents/Barbearia dos Reis/node_modules/.pnpm/@nestjs+common@11.1.13_reflect-metadata@0.2.2_rxjs@7.8.2/node_modules/@nestjs/common/interfaces/version-options.interface").HeaderVersioningOptions'.
              Type 'VersioningCommonOptions & HeaderVersioningOptions' is not assignable to type 'VersioningCommonOptions'.
                Types of property 'defaultVersion' are incompatible.
                  Type 'import("/Users/eduardodev/Documents/Barbearia dos Reis/node_modules/.pnpm/@nestjs+common@11.1.13_class-transformer@0.5.1_class-validator@0.14.3_reflect-metadata@0.2.2_rxjs@7.8.2/node_modules/@nestjs/common/interfaces/version-options.interface").VersionValue | undefined' is not assignable to type 'import("/Users/eduardodev/Documents/Barbearia dos Reis/node_modules/.pnpm/@nestjs+common@11.1.13_reflect-metadata@0.2.2_rxjs@7.8.2/node_modules/@nestjs/common/interfaces/version-options.interface").VersionValue | undefined'.
                    Type 'unique symbol' is not assignable to type 'VersionValue | undefined'.

[7m18[0m   const document = SwaggerModule.createDocument(app, config);
[7m  [0m [91m                                                ~~~[0m

[96msrc/main.ts[0m:[93m19[0m:[93m38[0m - [91merror[0m[90m TS2345: [0mArgument of type 'import("/Users/eduardodev/Documents/Barbearia dos Reis/node_modules/.pnpm/@nestjs+common@11.1.13_reflect-metadata@0.2.2_rxjs@7.8.2/node_modules/@nestjs/common/interfaces/nest-application.interface").INestApplication<any>' is not assignable to parameter of type 'import("/Users/eduardodev/Documents/Barbearia dos Reis/node_modules/.pnpm/@nestjs+common@11.1.13_class-transformer@0.5.1_class-validator@0.14.3_reflect-metadata@0.2.2_rxjs@7.8.2/node_modules/@nestjs/common/interfaces/nest-application.interface").INestApplication<any>'.
  Types of property 'enableVersioning' are incompatible.
    Type '(options?: import("/Users/eduardodev/Documents/Barbearia dos Reis/node_modules/.pnpm/@nestjs+common@11.1.13_reflect-metadata@0.2.2_rxjs@7.8.2/node_modules/@nestjs/common/interfaces/version-options.interface").VersioningOptions | undefined) => import("/Users/eduardodev/Documents/Barbearia dos Reis/node_modules/.pnpm/...' is not assignable to type '(options?: import("/Users/eduardodev/Documents/Barbearia dos Reis/node_modules/.pnpm/@nestjs+common@11.1.13_class-transformer@0.5.1_class-validator@0.14.3_reflect-metadata@0.2.2_rxjs@7.8.2/node_modules/@nestjs/common/interfaces/version-options.interface").VersioningOptions | undefined) => import("/Users/eduardodev/D...'.
      Types of parameters 'options' and 'options' are incompatible.
        Type 'import("/Users/eduardodev/Documents/Barbearia dos Reis/node_modules/.pnpm/@nestjs+common@11.1.13_class-transformer@0.5.1_class-validator@0.14.3_reflect-metadata@0.2.2_rxjs@7.8.2/node_modules/@nestjs/common/interfaces/version-options.interface").VersioningOptions | undefined' is not assignable to type 'import("/Users/eduardodev/Documents/Barbearia dos Reis/node_modules/.pnpm/@nestjs+common@11.1.13_reflect-metadata@0.2.2_rxjs@7.8.2/node_modules/@nestjs/common/interfaces/version-options.interface").VersioningOptions | undefined'.
          Type 'VersioningCommonOptions & HeaderVersioningOptions' is not assignable to type 'VersioningOptions | undefined'.
            Type 'VersioningCommonOptions & import("/Users/eduardodev/Documents/Barbearia dos Reis/node_modules/.pnpm/@nestjs+common@11.1.13_class-transformer@0.5.1_class-validator@0.14.3_reflect-metadata@0.2.2_rxjs@7.8.2/node_modules/@nestjs/common/interfaces/version-options.interface").HeaderVersioningOptions' is not assignable to type 'VersioningCommonOptions & import("/Users/eduardodev/Documents/Barbearia dos Reis/node_modules/.pnpm/@nestjs+common@11.1.13_reflect-metadata@0.2.2_rxjs@7.8.2/node_modules/@nestjs/common/interfaces/version-options.interface").HeaderVersioningOptions'.
              Type 'VersioningCommonOptions & HeaderVersioningOptions' is not assignable to type 'VersioningCommonOptions'.
                Types of property 'defaultVersion' are incompatible.
                  Type 'import("/Users/eduardodev/Documents/Barbearia dos Reis/node_modules/.pnpm/@nestjs+common@11.1.13_class-transformer@0.5.1_class-validator@0.14.3_reflect-metadata@0.2.2_rxjs@7.8.2/node_modules/@nestjs/common/interfaces/version-options.interface").VersionValue | undefined' is not assignable to type 'import("/Users/eduardodev/Documents/Barbearia dos Reis/node_modules/.pnpm/@nestjs+common@11.1.13_reflect-metadata@0.2.2_rxjs@7.8.2/node_modules/@nestjs/common/interfaces/version-options.interface").VersionValue | undefined'.
                    Type 'unique symbol' is not assignable to type 'VersionValue | undefined'.

[7m19[0m   SwaggerModule.setup('api/swagger', app, document);
[7m  [0m [91m                                     ~~~[0m

[[90m10:01:37 PM[0m] Found 3 errors. Watching for file changes.

[2J[3J[H[[90m10:02:24 PM[0m] File change detected. Starting incremental compilation...

[2J[3J[H[[90m10:02:58 PM[0m] File change detected. Starting incremental compilation...

[2J[3J[H[[90m10:03:04 PM[0m] File change detected. Starting incremental compilation...

[96msrc/main.ts[0m:[93m18[0m:[93m49[0m - [91merror[0m[90m TS2345: [0mArgument of type 'import("/Users/eduardodev/Documents/Barbearia dos Reis/node_modules/.pnpm/@nestjs+common@11.1.13_reflect-metadata@0.2.2_rxjs@7.8.2/node_modules/@nestjs/common/interfaces/nest-application.interface").INestApplication<any>' is not assignable to parameter of type 'import("/Users/eduardodev/Documents/Barbearia dos Reis/node_modules/.pnpm/@nestjs+common@11.1.13_class-transformer@0.5.1_class-validator@0.14.3_reflect-metadata@0.2.2_rxjs@7.8.2/node_modules/@nestjs/common/interfaces/nest-application.interface").INestApplication<any>'.
  Types of property 'enableVersioning' are incompatible.
    Type '(options?: import("/Users/eduardodev/Documents/Barbearia dos Reis/node_modules/.pnpm/@nestjs+common@11.1.13_reflect-metadata@0.2.2_rxjs@7.8.2/node_modules/@nestjs/common/interfaces/version-options.interface").VersioningOptions | undefined) => import("/Users/eduardodev/Documents/Barbearia dos Reis/node_modules/.pnpm/...' is not assignable to type '(options?: import("/Users/eduardodev/Documents/Barbearia dos Reis/node_modules/.pnpm/@nestjs+common@11.1.13_class-transformer@0.5.1_class-validator@0.14.3_reflect-metadata@0.2.2_rxjs@7.8.2/node_modules/@nestjs/common/interfaces/version-options.interface").VersioningOptions | undefined) => import("/Users/eduardodev/D...'.
      Types of parameters 'options' and 'options' are incompatible.
        Type 'import("/Users/eduardodev/Documents/Barbearia dos Reis/node_modules/.pnpm/@nestjs+common@11.1.13_class-transformer@0.5.1_class-validator@0.14.3_reflect-metadata@0.2.2_rxjs@7.8.2/node_modules/@nestjs/common/interfaces/version-options.interface").VersioningOptions | undefined' is not assignable to type 'import("/Users/eduardodev/Documents/Barbearia dos Reis/node_modules/.pnpm/@nestjs+common@11.1.13_reflect-metadata@0.2.2_rxjs@7.8.2/node_modules/@nestjs/common/interfaces/version-options.interface").VersioningOptions | undefined'.
          Type 'VersioningCommonOptions & HeaderVersioningOptions' is not assignable to type 'VersioningOptions | undefined'.
            Type 'VersioningCommonOptions & import("/Users/eduardodev/Documents/Barbearia dos Reis/node_modules/.pnpm/@nestjs+common@11.1.13_class-transformer@0.5.1_class-validator@0.14.3_reflect-metadata@0.2.2_rxjs@7.8.2/node_modules/@nestjs/common/interfaces/version-options.interface").HeaderVersioningOptions' is not assignable to type 'VersioningCommonOptions & import("/Users/eduardodev/Documents/Barbearia dos Reis/node_modules/.pnpm/@nestjs+common@11.1.13_reflect-metadata@0.2.2_rxjs@7.8.2/node_modules/@nestjs/common/interfaces/version-options.interface").HeaderVersioningOptions'.
              Type 'VersioningCommonOptions & HeaderVersioningOptions' is not assignable to type 'VersioningCommonOptions'.
                Types of property 'defaultVersion' are incompatible.
                  Type 'import("/Users/eduardodev/Documents/Barbearia dos Reis/node_modules/.pnpm/@nestjs+common@11.1.13_class-transformer@0.5.1_class-validator@0.14.3_reflect-metadata@0.2.2_rxjs@7.8.2/node_modules/@nestjs/common/interfaces/version-options.interface").VersionValue | undefined' is not assignable to type 'import("/Users/eduardodev/Documents/Barbearia dos Reis/node_modules/.pnpm/@nestjs+common@11.1.13_reflect-metadata@0.2.2_rxjs@7.8.2/node_modules/@nestjs/common/interfaces/version-options.interface").VersionValue | undefined'.
                    Type 'unique symbol' is not assignable to type 'VersionValue | undefined'.

[7m18[0m   const document = SwaggerModule.createDocument(app, config);
[7m  [0m [91m                                                ~~~[0m

[96msrc/main.ts[0m:[93m19[0m:[93m38[0m - [91merror[0m[90m TS2345: [0mArgument of type 'import("/Users/eduardodev/Documents/Barbearia dos Reis/node_modules/.pnpm/@nestjs+common@11.1.13_reflect-metadata@0.2.2_rxjs@7.8.2/node_modules/@nestjs/common/interfaces/nest-application.interface").INestApplication<any>' is not assignable to parameter of type 'import("/Users/eduardodev/Documents/Barbearia dos Reis/node_modules/.pnpm/@nestjs+common@11.1.13_class-transformer@0.5.1_class-validator@0.14.3_reflect-metadata@0.2.2_rxjs@7.8.2/node_modules/@nestjs/common/interfaces/nest-application.interface").INestApplication<any>'.
  Types of property 'enableVersioning' are incompatible.
    Type '(options?: import("/Users/eduardodev/Documents/Barbearia dos Reis/node_modules/.pnpm/@nestjs+common@11.1.13_reflect-metadata@0.2.2_rxjs@7.8.2/node_modules/@nestjs/common/interfaces/version-options.interface").VersioningOptions | undefined) => import("/Users/eduardodev/Documents/Barbearia dos Reis/node_modules/.pnpm/...' is not assignable to type '(options?: import("/Users/eduardodev/Documents/Barbearia dos Reis/node_modules/.pnpm/@nestjs+common@11.1.13_class-transformer@0.5.1_class-validator@0.14.3_reflect-metadata@0.2.2_rxjs@7.8.2/node_modules/@nestjs/common/interfaces/version-options.interface").VersioningOptions | undefined) => import("/Users/eduardodev/D...'.
      Types of parameters 'options' and 'options' are incompatible.
        Type 'import("/Users/eduardodev/Documents/Barbearia dos Reis/node_modules/.pnpm/@nestjs+common@11.1.13_class-transformer@0.5.1_class-validator@0.14.3_reflect-metadata@0.2.2_rxjs@7.8.2/node_modules/@nestjs/common/interfaces/version-options.interface").VersioningOptions | undefined' is not assignable to type 'import("/Users/eduardodev/Documents/Barbearia dos Reis/node_modules/.pnpm/@nestjs+common@11.1.13_reflect-metadata@0.2.2_rxjs@7.8.2/node_modules/@nestjs/common/interfaces/version-options.interface").VersioningOptions | undefined'.
          Type 'VersioningCommonOptions & HeaderVersioningOptions' is not assignable to type 'VersioningOptions | undefined'.
            Type 'VersioningCommonOptions & import("/Users/eduardodev/Documents/Barbearia dos Reis/node_modules/.pnpm/@nestjs+common@11.1.13_class-transformer@0.5.1_class-validator@0.14.3_reflect-metadata@0.2.2_rxjs@7.8.2/node_modules/@nestjs/common/interfaces/version-options.interface").HeaderVersioningOptions' is not assignable to type 'VersioningCommonOptions & import("/Users/eduardodev/Documents/Barbearia dos Reis/node_modules/.pnpm/@nestjs+common@11.1.13_reflect-metadata@0.2.2_rxjs@7.8.2/node_modules/@nestjs/common/interfaces/version-options.interface").HeaderVersioningOptions'.
              Type 'VersioningCommonOptions & HeaderVersioningOptions' is not assignable to type 'VersioningCommonOptions'.
                Types of property 'defaultVersion' are incompatible.
                  Type 'import("/Users/eduardodev/Documents/Barbearia dos Reis/node_modules/.pnpm/@nestjs+common@11.1.13_class-transformer@0.5.1_class-validator@0.14.3_reflect-metadata@0.2.2_rxjs@7.8.2/node_modules/@nestjs/common/interfaces/version-options.interface").VersionValue | undefined' is not assignable to type 'import("/Users/eduardodev/Documents/Barbearia dos Reis/node_modules/.pnpm/@nestjs+common@11.1.13_reflect-metadata@0.2.2_rxjs@7.8.2/node_modules/@nestjs/common/interfaces/version-options.interface").VersionValue | undefined'.
                    Type 'unique symbol' is not assignable to type 'VersionValue | undefined'.

[7m19[0m   SwaggerModule.setup('api/swagger', app, document);
[7m  [0m [91m                                     ~~~[0m

[[90m10:03:05 PM[0m] Found 2 errors. Watching for file changes.

[2J[3J[H[[90m10:08:16 PM[0m] File change detected. Starting incremental compilation...

[96msrc/main.ts[0m:[93m18[0m:[93m49[0m - [91merror[0m[90m TS2345: [0mArgument of type 'import("/Users/eduardodev/Documents/Barbearia dos Reis/node_modules/.pnpm/@nestjs+common@11.1.13_reflect-metadata@0.2.2_rxjs@7.8.2/node_modules/@nestjs/common/interfaces/nest-application.interface").INestApplication<any>' is not assignable to parameter of type 'import("/Users/eduardodev/Documents/Barbearia dos Reis/node_modules/.pnpm/@nestjs+common@11.1.13_class-transformer@0.5.1_class-validator@0.14.3_reflect-metadata@0.2.2_rxjs@7.8.2/node_modules/@nestjs/common/interfaces/nest-application.interface").INestApplication<any>'.
  Types of property 'enableVersioning' are incompatible.
    Type '(options?: import("/Users/eduardodev/Documents/Barbearia dos Reis/node_modules/.pnpm/@nestjs+common@11.1.13_reflect-metadata@0.2.2_rxjs@7.8.2/node_modules/@nestjs/common/interfaces/version-options.interface").VersioningOptions | undefined) => import("/Users/eduardodev/Documents/Barbearia dos Reis/node_modules/.pnpm/...' is not assignable to type '(options?: import("/Users/eduardodev/Documents/Barbearia dos Reis/node_modules/.pnpm/@nestjs+common@11.1.13_class-transformer@0.5.1_class-validator@0.14.3_reflect-metadata@0.2.2_rxjs@7.8.2/node_modules/@nestjs/common/interfaces/version-options.interface").VersioningOptions | undefined) => import("/Users/eduardodev/D...'.
      Types of parameters 'options' and 'options' are incompatible.
        Type 'import("/Users/eduardodev/Documents/Barbearia dos Reis/node_modules/.pnpm/@nestjs+common@11.1.13_class-transformer@0.5.1_class-validator@0.14.3_reflect-metadata@0.2.2_rxjs@7.8.2/node_modules/@nestjs/common/interfaces/version-options.interface").VersioningOptions | undefined' is not assignable to type 'import("/Users/eduardodev/Documents/Barbearia dos Reis/node_modules/.pnpm/@nestjs+common@11.1.13_reflect-metadata@0.2.2_rxjs@7.8.2/node_modules/@nestjs/common/interfaces/version-options.interface").VersioningOptions | undefined'.
          Type 'VersioningCommonOptions & HeaderVersioningOptions' is not assignable to type 'VersioningOptions | undefined'.
            Type 'VersioningCommonOptions & import("/Users/eduardodev/Documents/Barbearia dos Reis/node_modules/.pnpm/@nestjs+common@11.1.13_class-transformer@0.5.1_class-validator@0.14.3_reflect-metadata@0.2.2_rxjs@7.8.2/node_modules/@nestjs/common/interfaces/version-options.interface").HeaderVersioningOptions' is not assignable to type 'VersioningCommonOptions & import("/Users/eduardodev/Documents/Barbearia dos Reis/node_modules/.pnpm/@nestjs+common@11.1.13_reflect-metadata@0.2.2_rxjs@7.8.2/node_modules/@nestjs/common/interfaces/version-options.interface").HeaderVersioningOptions'.
              Type 'VersioningCommonOptions & HeaderVersioningOptions' is not assignable to type 'VersioningCommonOptions'.
                Types of property 'defaultVersion' are incompatible.
                  Type 'import("/Users/eduardodev/Documents/Barbearia dos Reis/node_modules/.pnpm/@nestjs+common@11.1.13_class-transformer@0.5.1_class-validator@0.14.3_reflect-metadata@0.2.2_rxjs@7.8.2/node_modules/@nestjs/common/interfaces/version-options.interface").VersionValue | undefined' is not assignable to type 'import("/Users/eduardodev/Documents/Barbearia dos Reis/node_modules/.pnpm/@nestjs+common@11.1.13_reflect-metadata@0.2.2_rxjs@7.8.2/node_modules/@nestjs/common/interfaces/version-options.interface").VersionValue | undefined'.
                    Type 'unique symbol' is not assignable to type 'VersionValue | undefined'.

[7m18[0m   const document = SwaggerModule.createDocument(app, config);
[7m  [0m [91m                                                ~~~[0m

[[90m10:08:17 PM[0m] Found 1 error. Watching for file changes.

[2J[3J[H[[90m10:09:23 PM[0m] File change detected. Starting incremental compilation...

[96msrc/main.ts[0m:[93m18[0m:[93m49[0m - [91merror[0m[90m TS2345: [0mArgument of type 'import("/Users/eduardodev/Documents/Barbearia dos Reis/node_modules/.pnpm/@nestjs+common@11.1.13_reflect-metadata@0.2.2_rxjs@7.8.2/node_modules/@nestjs/common/interfaces/nest-application.interface").INestApplication<any>' is not assignable to parameter of type 'import("/Users/eduardodev/Documents/Barbearia dos Reis/node_modules/.pnpm/@nestjs+common@11.1.13_class-transformer@0.5.1_class-validator@0.14.3_reflect-metadata@0.2.2_rxjs@7.8.2/node_modules/@nestjs/common/interfaces/nest-application.interface").INestApplication<any>'.
  Types of property 'enableVersioning' are incompatible.
    Type '(options?: import("/Users/eduardodev/Documents/Barbearia dos Reis/node_modules/.pnpm/@nestjs+common@11.1.13_reflect-metadata@0.2.2_rxjs@7.8.2/node_modules/@nestjs/common/interfaces/version-options.interface").VersioningOptions | undefined) => import("/Users/eduardodev/Documents/Barbearia dos Reis/node_modules/.pnpm/...' is not assignable to type '(options?: import("/Users/eduardodev/Documents/Barbearia dos Reis/node_modules/.pnpm/@nestjs+common@11.1.13_class-transformer@0.5.1_class-validator@0.14.3_reflect-metadata@0.2.2_rxjs@7.8.2/node_modules/@nestjs/common/interfaces/version-options.interface").VersioningOptions | undefined) => import("/Users/eduardodev/D...'.
      Types of parameters 'options' and 'options' are incompatible.
        Type 'import("/Users/eduardodev/Documents/Barbearia dos Reis/node_modules/.pnpm/@nestjs+common@11.1.13_class-transformer@0.5.1_class-validator@0.14.3_reflect-metadata@0.2.2_rxjs@7.8.2/node_modules/@nestjs/common/interfaces/version-options.interface").VersioningOptions | undefined' is not assignable to type 'import("/Users/eduardodev/Documents/Barbearia dos Reis/node_modules/.pnpm/@nestjs+common@11.1.13_reflect-metadata@0.2.2_rxjs@7.8.2/node_modules/@nestjs/common/interfaces/version-options.interface").VersioningOptions | undefined'.
          Type 'VersioningCommonOptions & HeaderVersioningOptions' is not assignable to type 'VersioningOptions | undefined'.
            Type 'VersioningCommonOptions & import("/Users/eduardodev/Documents/Barbearia dos Reis/node_modules/.pnpm/@nestjs+common@11.1.13_class-transformer@0.5.1_class-validator@0.14.3_reflect-metadata@0.2.2_rxjs@7.8.2/node_modules/@nestjs/common/interfaces/version-options.interface").HeaderVersioningOptions' is not assignable to type 'VersioningCommonOptions & import("/Users/eduardodev/Documents/Barbearia dos Reis/node_modules/.pnpm/@nestjs+common@11.1.13_reflect-metadata@0.2.2_rxjs@7.8.2/node_modules/@nestjs/common/interfaces/version-options.interface").HeaderVersioningOptions'.
              Type 'VersioningCommonOptions & HeaderVersioningOptions' is not assignable to type 'VersioningCommonOptions'.
                Types of property 'defaultVersion' are incompatible.
                  Type 'import("/Users/eduardodev/Documents/Barbearia dos Reis/node_modules/.pnpm/@nestjs+common@11.1.13_class-transformer@0.5.1_class-validator@0.14.3_reflect-metadata@0.2.2_rxjs@7.8.2/node_modules/@nestjs/common/interfaces/version-options.interface").VersionValue | undefined' is not assignable to type 'import("/Users/eduardodev/Documents/Barbearia dos Reis/node_modules/.pnpm/@nestjs+common@11.1.13_reflect-metadata@0.2.2_rxjs@7.8.2/node_modules/@nestjs/common/interfaces/version-options.interface").VersionValue | undefined'.
                    Type 'unique symbol' is not assignable to type 'VersionValue | undefined'.

[7m18[0m   const document = SwaggerModule.createDocument(app , config);
[7m  [0m [91m                                                ~~~[0m

[[90m10:09:23 PM[0m] Found 1 error. Watching for file changes.

[2J[3J[H[[90m10:09:26 PM[0m] File change detected. Starting incremental compilation...

[96msrc/main.ts[0m:[93m18[0m:[93m56[0m - [91merror[0m[90m TS1110: [0mType expected.

[7m18[0m   const document = SwaggerModule.createDocument(app as , config);
[7m  [0m [91m                                                       ~[0m

[[90m10:09:26 PM[0m] Found 1 error. Watching for file changes.

[2J[3J[H[[90m10:09:27 PM[0m] File change detected. Starting incremental compilation...

[[90m10:09:28 PM[0m] Found 0 errors. Watching for file changes.

[32m[Nest] 14413  - [39m02/08/2026, 10:09:29 PM [32m    LOG[39m [38;5;3m[NestFactory] [39m[32mStarting Nest application...[39m
[32m[Nest] 14413  - [39m02/08/2026, 10:09:29 PM [32m    LOG[39m [38;5;3m[InstanceLoader] [39m[32mPrismaModule dependencies initialized[39m[38;5;3m +43ms[39m
[32m[Nest] 14413  - [39m02/08/2026, 10:09:29 PM [32m    LOG[39m [38;5;3m[InstanceLoader] [39m[32mPassportModule dependencies initialized[39m[38;5;3m +0ms[39m
[32m[Nest] 14413  - [39m02/08/2026, 10:09:29 PM [32m    LOG[39m [38;5;3m[InstanceLoader] [39m[32mMulterModule dependencies initialized[39m[38;5;3m +0ms[39m
[32m[Nest] 14413  - [39m02/08/2026, 10:09:29 PM [32m    LOG[39m [38;5;3m[InstanceLoader] [39m[32mJwtModule dependencies initialized[39m[38;5;3m +21ms[39m
[32m[Nest] 14413  - [39m02/08/2026, 10:09:29 PM [32m    LOG[39m [38;5;3m[InstanceLoader] [39m[32mAppModule dependencies initialized[39m[38;5;3m +0ms[39m
[32m[Nest] 14413  - [39m02/08/2026, 10:09:29 PM [32m    LOG[39m [38;5;3m[InstanceLoader] [39m[32mServeStaticModule dependencies initialized[39m[38;5;3m +0ms[39m
[32m[Nest] 14413  - [39m02/08/2026, 10:09:29 PM [32m    LOG[39m [38;5;3m[InstanceLoader] [39m[32mUsersModule dependencies initialized[39m[38;5;3m +0ms[39m
[32m[Nest] 14413  - [39m02/08/2026, 10:09:29 PM [32m    LOG[39m [38;5;3m[InstanceLoader] [39m[32mAuthModule dependencies initialized[39m[38;5;3m +1ms[39m
[32m[Nest] 14413  - [39m02/08/2026, 10:09:29 PM [32m    LOG[39m [38;5;3m[InstanceLoader] [39m[32mHaircutsModule dependencies initialized[39m[38;5;3m +0ms[39m
[32m[Nest] 14413  - [39m02/08/2026, 10:09:29 PM [32m    LOG[39m [38;5;3m[RoutesResolver] [39m[32mAppController {/}:[39m[38;5;3m +9ms[39m
[32m[Nest] 14413  - [39m02/08/2026, 10:09:29 PM [32m    LOG[39m [38;5;3m[RouterExplorer] [39m[32mMapped {/, GET} route[39m[38;5;3m +1ms[39m
[32m[Nest] 14413  - [39m02/08/2026, 10:09:29 PM [32m    LOG[39m [38;5;3m[RoutesResolver] [39m[32mUsersController {/users}:[39m[38;5;3m +0ms[39m
[32m[Nest] 14413  - [39m02/08/2026, 10:09:29 PM [32m    LOG[39m [38;5;3m[RoutesResolver] [39m[32mAuthController {/auth}:[39m[38;5;3m +0ms[39m
[32m[Nest] 14413  - [39m02/08/2026, 10:09:29 PM [32m    LOG[39m [38;5;3m[RouterExplorer] [39m[32mMapped {/auth/login, POST} route[39m[38;5;3m +0ms[39m
[32m[Nest] 14413  - [39m02/08/2026, 10:09:29 PM [32m    LOG[39m [38;5;3m[RouterExplorer] [39m[32mMapped {/auth/register, POST} route[39m[38;5;3m +0ms[39m
[32m[Nest] 14413  - [39m02/08/2026, 10:09:29 PM [32m    LOG[39m [38;5;3m[RoutesResolver] [39m[32mHaircutsController {/haircuts}:[39m[38;5;3m +0ms[39m
[32m[Nest] 14413  - [39m02/08/2026, 10:09:29 PM [32m    LOG[39m [38;5;3m[RouterExplorer] [39m[32mMapped {/haircuts, POST} route[39m[38;5;3m +1ms[39m
[32m[Nest] 14413  - [39m02/08/2026, 10:09:29 PM [32m    LOG[39m [38;5;3m[RouterExplorer] [39m[32mMapped {/haircuts, GET} route[39m[38;5;3m +0ms[39m
[32m[Nest] 14413  - [39m02/08/2026, 10:09:29 PM [32m    LOG[39m [38;5;3m[RouterExplorer] [39m[32mMapped {/haircuts/:id, GET} route[39m[38;5;3m +0ms[39m
[32m[Nest] 14413  - [39m02/08/2026, 10:09:29 PM [32m    LOG[39m [38;5;3m[RouterExplorer] [39m[32mMapped {/haircuts/:id, PATCH} route[39m[38;5;3m +0ms[39m
[32m[Nest] 14413  - [39m02/08/2026, 10:09:29 PM [32m    LOG[39m [38;5;3m[RouterExplorer] [39m[32mMapped {/haircuts/:id, DELETE} route[39m[38;5;3m +0ms[39m
[32m[Nest] 14413  - [39m02/08/2026, 10:09:29 PM [32m    LOG[39m [38;5;3m[NestApplication] [39m[32mNest application successfully started[39m[38;5;3m +85ms[39m
[31m[Nest] 14413  - [39m02/08/2026, 10:09:29 PM [31m  ERROR[39m [38;5;3m[NestApplication] [39m[31mError: listen EADDRINUSE: address already in use :::3000[39m[38;5;3m +2ms[39m
node:net:1940
    const ex = new UVExceptionWithHostPort(err, 'listen', address, port);
               ^

Error: listen EADDRINUSE: address already in use :::3000
    at Server.setupListenHandle [as _listen2] (node:net:1940:16)
    at listenInCluster (node:net:1997:12)
    at Server.listen (node:net:2102:7)
    at ExpressAdapter.listen (/Users/eduardodev/Documents/Barbearia dos Reis/node_modules/.pnpm/@nestjs+platform-express@11.1.13_@nestjs+common@11.1.13_@nestjs+core@11.1.13/node_modules/@nestjs/platform-express/adapters/express-adapter.js:127:32)
    at /Users/eduardodev/Documents/Barbearia dos Reis/node_modules/.pnpm/@nestjs+core@11.1.13_@nestjs+common@11.1.13_@nestjs+platform-express@11.1.13_reflect-metadata@0.2.2_rxjs@7.8.2/node_modules/@nestjs/core/nest-application.js:188:30
    at new Promise (<anonymous>)
    at NestApplication.listen (/Users/eduardodev/Documents/Barbearia dos Reis/node_modules/.pnpm/@nestjs+core@11.1.13_@nestjs+common@11.1.13_@nestjs+platform-express@11.1.13_reflect-metadata@0.2.2_rxjs@7.8.2/node_modules/@nestjs/core/nest-application.js:178:16)
    at async bootstrap (/Users/eduardodev/Documents/Barbearia dos Reis/apps/backend/src/main.ts:21:3) {
  code: 'EADDRINUSE',
  errno: -48,
  syscall: 'listen',
  address: '::',
  port: 3000
}

Node.js v24.13.0
[2J[3J[H[[90m10:09:49 PM[0m] File change detected. Starting incremental compilation...

[96msrc/haircuts/dto/haircut.dto.ts[0m:[93m5[0m:[93m1[0m - [91merror[0m[90m TS1109: [0mExpression expected.

[7m5[0m export class CreateHaircutDto {
[7m [0m [91m~~~~~~[0m

[[90m10:09:49 PM[0m] Found 1 error. Watching for file changes.

[2J[3J[H[[90m10:10:02 PM[0m] File change detected. Starting incremental compilation...

[96msrc/haircuts/dto/haircut.dto.ts[0m:[93m45[0m:[93m1[0m - [91merror[0m[90m TS1160: [0mUnterminated template literal.

[7m45[0m 
[7m  [0m [91m[0m

[[90m10:10:03 PM[0m] Found 1 error. Watching for file changes.

[2J[3J[H[[90m10:10:05 PM[0m] File change detected. Starting incremental compilation...

[96msrc/haircuts/dto/haircut.dto.ts[0m:[93m5[0m:[93m1[0m - [91merror[0m[90m TS1109: [0mExpression expected.

[7m5[0m export class CreateHaircutDto {
[7m [0m [91m~~~~~~[0m

[[90m10:10:05 PM[0m] Found 1 error. Watching for file changes.

[2J[3J[H[[90m10:10:06 PM[0m] File change detected. Starting incremental compilation...

[96msrc/haircuts/dto/haircut.dto.ts[0m:[93m3[0m:[93m23[0m - [91merror[0m[90m TS1002: [0mUnterminated string literal.

[7m3[0m import { Type } from '
[7m [0m [91m                      [0m

[[90m10:10:06 PM[0m] Found 1 error. Watching for file changes.

[2J[3J[H[[90m10:10:12 PM[0m] File change detected. Starting incremental compilation...

[96msrc/haircuts/dto/haircut.dto.ts[0m:[93m3[0m:[93m22[0m - [91merror[0m[90m TS2307: [0mCannot find module '' or its corresponding type declarations.

[7m3[0m import { Type } from ''
[7m [0m [91m                     ~~[0m

[[90m10:10:12 PM[0m] Found 1 error. Watching for file changes.

[2J[3J[H[[90m10:10:19 PM[0m] File change detected. Starting incremental compilation...

[[90m10:10:20 PM[0m] Found 0 errors. Watching for file changes.

[32m[Nest] 14420  - [39m02/08/2026, 10:10:21 PM [32m    LOG[39m [38;5;3m[NestFactory] [39m[32mStarting Nest application...[39m
[32m[Nest] 14420  - [39m02/08/2026, 10:10:21 PM [32m    LOG[39m [38;5;3m[InstanceLoader] [39m[32mPrismaModule dependencies initialized[39m[38;5;3m +40ms[39m
[32m[Nest] 14420  - [39m02/08/2026, 10:10:21 PM [32m    LOG[39m [38;5;3m[InstanceLoader] [39m[32mPassportModule dependencies initialized[39m[38;5;3m +0ms[39m
[32m[Nest] 14420  - [39m02/08/2026, 10:10:21 PM [32m    LOG[39m [38;5;3m[InstanceLoader] [39m[32mMulterModule dependencies initialized[39m[38;5;3m +0ms[39m
[32m[Nest] 14420  - [39m02/08/2026, 10:10:21 PM [32m    LOG[39m [38;5;3m[InstanceLoader] [39m[32mJwtModule dependencies initialized[39m[38;5;3m +25ms[39m
[32m[Nest] 14420  - [39m02/08/2026, 10:10:21 PM [32m    LOG[39m [38;5;3m[InstanceLoader] [39m[32mAppModule dependencies initialized[39m[38;5;3m +0ms[39m
[32m[Nest] 14420  - [39m02/08/2026, 10:10:21 PM [32m    LOG[39m [38;5;3m[InstanceLoader] [39m[32mServeStaticModule dependencies initialized[39m[38;5;3m +0ms[39m
[32m[Nest] 14420  - [39m02/08/2026, 10:10:21 PM [32m    LOG[39m [38;5;3m[InstanceLoader] [39m[32mUsersModule dependencies initialized[39m[38;5;3m +0ms[39m
[32m[Nest] 14420  - [39m02/08/2026, 10:10:21 PM [32m    LOG[39m [38;5;3m[InstanceLoader] [39m[32mAuthModule dependencies initialized[39m[38;5;3m +0ms[39m
[32m[Nest] 14420  - [39m02/08/2026, 10:10:21 PM [32m    LOG[39m [38;5;3m[InstanceLoader] [39m[32mHaircutsModule dependencies initialized[39m[38;5;3m +0ms[39m
[32m[Nest] 14420  - [39m02/08/2026, 10:10:21 PM [32m    LOG[39m [38;5;3m[RoutesResolver] [39m[32mAppController {/}:[39m[38;5;3m +10ms[39m
[32m[Nest] 14420  - [39m02/08/2026, 10:10:21 PM [32m    LOG[39m [38;5;3m[RouterExplorer] [39m[32mMapped {/, GET} route[39m[38;5;3m +1ms[39m
[32m[Nest] 14420  - [39m02/08/2026, 10:10:21 PM [32m    LOG[39m [38;5;3m[RoutesResolver] [39m[32mUsersController {/users}:[39m[38;5;3m +0ms[39m
[32m[Nest] 14420  - [39m02/08/2026, 10:10:21 PM [32m    LOG[39m [38;5;3m[RoutesResolver] [39m[32mAuthController {/auth}:[39m[38;5;3m +0ms[39m
[32m[Nest] 14420  - [39m02/08/2026, 10:10:21 PM [32m    LOG[39m [38;5;3m[RouterExplorer] [39m[32mMapped {/auth/login, POST} route[39m[38;5;3m +0ms[39m
[32m[Nest] 14420  - [39m02/08/2026, 10:10:21 PM [32m    LOG[39m [38;5;3m[RouterExplorer] [39m[32mMapped {/auth/register, POST} route[39m[38;5;3m +0ms[39m
[32m[Nest] 14420  - [39m02/08/2026, 10:10:21 PM [32m    LOG[39m [38;5;3m[RoutesResolver] [39m[32mHaircutsController {/haircuts}:[39m[38;5;3m +0ms[39m
[32m[Nest] 14420  - [39m02/08/2026, 10:10:21 PM [32m    LOG[39m [38;5;3m[RouterExplorer] [39m[32mMapped {/haircuts, POST} route[39m[38;5;3m +0ms[39m
[32m[Nest] 14420  - [39m02/08/2026, 10:10:21 PM [32m    LOG[39m [38;5;3m[RouterExplorer] [39m[32mMapped {/haircuts, GET} route[39m[38;5;3m +0ms[39m
[32m[Nest] 14420  - [39m02/08/2026, 10:10:21 PM [32m    LOG[39m [38;5;3m[RouterExplorer] [39m[32mMapped {/haircuts/:id, GET} route[39m[38;5;3m +0ms[39m
[32m[Nest] 14420  - [39m02/08/2026, 10:10:21 PM [32m    LOG[39m [38;5;3m[RouterExplorer] [39m[32mMapped {/haircuts/:id, PATCH} route[39m[38;5;3m +0ms[39m
[32m[Nest] 14420  - [39m02/08/2026, 10:10:21 PM [32m    LOG[39m [38;5;3m[RouterExplorer] [39m[32mMapped {/haircuts/:id, DELETE} route[39m[38;5;3m +0ms[39m
[32m[Nest] 14420  - [39m02/08/2026, 10:10:21 PM [32m    LOG[39m [38;5;3m[NestApplication] [39m[32mNest application successfully started[39m[38;5;3m +38ms[39m
[31m[Nest] 14420  - [39m02/08/2026, 10:10:21 PM [31m  ERROR[39m [38;5;3m[NestApplication] [39m[31mError: listen EADDRINUSE: address already in use :::3000[39m[38;5;3m +1ms[39m
node:net:1940
    const ex = new UVExceptionWithHostPort(err, 'listen', address, port);
               ^

Error: listen EADDRINUSE: address already in use :::3000
    at Server.setupListenHandle [as _listen2] (node:net:1940:16)
    at listenInCluster (node:net:1997:12)
    at Server.listen (node:net:2102:7)
    at ExpressAdapter.listen (/Users/eduardodev/Documents/Barbearia dos Reis/node_modules/.pnpm/@nestjs+platform-express@11.1.13_@nestjs+common@11.1.13_@nestjs+core@11.1.13/node_modules/@nestjs/platform-express/adapters/express-adapter.js:127:32)
    at /Users/eduardodev/Documents/Barbearia dos Reis/node_modules/.pnpm/@nestjs+core@11.1.13_@nestjs+common@11.1.13_@nestjs+platform-express@11.1.13_reflect-metadata@0.2.2_rxjs@7.8.2/node_modules/@nestjs/core/nest-application.js:188:30
    at new Promise (<anonymous>)
    at NestApplication.listen (/Users/eduardodev/Documents/Barbearia dos Reis/node_modules/.pnpm/@nestjs+core@11.1.13_@nestjs+common@11.1.13_@nestjs+platform-express@11.1.13_reflect-metadata@0.2.2_rxjs@7.8.2/node_modules/@nestjs/core/nest-application.js:178:16)
    at async bootstrap (/Users/eduardodev/Documents/Barbearia dos Reis/apps/backend/src/main.ts:21:3) {
  code: 'EADDRINUSE',
  errno: -48,
  syscall: 'listen',
  address: '::',
  port: 3000
}

Node.js v24.13.0
[2J[3J[H[[90m10:10:24 PM[0m] File change detected. Starting incremental compilation...

[96msrc/haircuts/dto/haircut.dto.ts[0m:[93m5[0m:[93m1[0m - [91merror[0m[90m TS1109: [0mExpression expected.

[7m5[0m export class CreateHaircutDto {
[7m [0m [91m~~~~~~[0m

[[90m10:10:25 PM[0m] Found 1 error. Watching for file changes.

[2J[3J[H[[90m10:10:30 PM[0m] File change detected. Starting incremental compilation...

[[90m10:10:30 PM[0m] Found 0 errors. Watching for file changes.

[32m[Nest] 14443  - [39m02/08/2026, 10:10:31 PM [32m    LOG[39m [38;5;3m[NestFactory] [39m[32mStarting Nest application...[39m
[32m[Nest] 14443  - [39m02/08/2026, 10:10:31 PM [32m    LOG[39m [38;5;3m[InstanceLoader] [39m[32mPrismaModule dependencies initialized[39m[38;5;3m +47ms[39m
[32m[Nest] 14443  - [39m02/08/2026, 10:10:31 PM [32m    LOG[39m [38;5;3m[InstanceLoader] [39m[32mPassportModule dependencies initialized[39m[38;5;3m +0ms[39m
[32m[Nest] 14443  - [39m02/08/2026, 10:10:31 PM [32m    LOG[39m [38;5;3m[InstanceLoader] [39m[32mMulterModule dependencies initialized[39m[38;5;3m +0ms[39m
[32m[Nest] 14443  - [39m02/08/2026, 10:10:31 PM [32m    LOG[39m [38;5;3m[InstanceLoader] [39m[32mJwtModule dependencies initialized[39m[38;5;3m +26ms[39m
[32m[Nest] 14443  - [39m02/08/2026, 10:10:31 PM [32m    LOG[39m [38;5;3m[InstanceLoader] [39m[32mAppModule dependencies initialized[39m[38;5;3m +0ms[39m
[32m[Nest] 14443  - [39m02/08/2026, 10:10:31 PM [32m    LOG[39m [38;5;3m[InstanceLoader] [39m[32mServeStaticModule dependencies initialized[39m[38;5;3m +0ms[39m
[32m[Nest] 14443  - [39m02/08/2026, 10:10:31 PM [32m    LOG[39m [38;5;3m[InstanceLoader] [39m[32mUsersModule dependencies initialized[39m[38;5;3m +0ms[39m
[32m[Nest] 14443  - [39m02/08/2026, 10:10:31 PM [32m    LOG[39m [38;5;3m[InstanceLoader] [39m[32mAuthModule dependencies initialized[39m[38;5;3m +0ms[39m
[32m[Nest] 14443  - [39m02/08/2026, 10:10:31 PM [32m    LOG[39m [38;5;3m[InstanceLoader] [39m[32mHaircutsModule dependencies initialized[39m[38;5;3m +0ms[39m
[32m[Nest] 14443  - [39m02/08/2026, 10:10:31 PM [32m    LOG[39m [38;5;3m[RoutesResolver] [39m[32mAppController {/}:[39m[38;5;3m +9ms[39m
[32m[Nest] 14443  - [39m02/08/2026, 10:10:31 PM [32m    LOG[39m [38;5;3m[RouterExplorer] [39m[32mMapped {/, GET} route[39m[38;5;3m +1ms[39m
[32m[Nest] 14443  - [39m02/08/2026, 10:10:31 PM [32m    LOG[39m [38;5;3m[RoutesResolver] [39m[32mUsersController {/users}:[39m[38;5;3m +0ms[39m
[32m[Nest] 14443  - [39m02/08/2026, 10:10:31 PM [32m    LOG[39m [38;5;3m[RoutesResolver] [39m[32mAuthController {/auth}:[39m[38;5;3m +0ms[39m
[32m[Nest] 14443  - [39m02/08/2026, 10:10:31 PM [32m    LOG[39m [38;5;3m[RouterExplorer] [39m[32mMapped {/auth/login, POST} route[39m[38;5;3m +0ms[39m
[32m[Nest] 14443  - [39m02/08/2026, 10:10:31 PM [32m    LOG[39m [38;5;3m[RouterExplorer] [39m[32mMapped {/auth/register, POST} route[39m[38;5;3m +1ms[39m
[32m[Nest] 14443  - [39m02/08/2026, 10:10:31 PM [32m    LOG[39m [38;5;3m[RoutesResolver] [39m[32mHaircutsController {/haircuts}:[39m[38;5;3m +0ms[39m
[32m[Nest] 14443  - [39m02/08/2026, 10:10:31 PM [32m    LOG[39m [38;5;3m[RouterExplorer] [39m[32mMapped {/haircuts, POST} route[39m[38;5;3m +0ms[39m
[32m[Nest] 14443  - [39m02/08/2026, 10:10:31 PM [32m    LOG[39m [38;5;3m[RouterExplorer] [39m[32mMapped {/haircuts, GET} route[39m[38;5;3m +0ms[39m
[32m[Nest] 14443  - [39m02/08/2026, 10:10:31 PM [32m    LOG[39m [38;5;3m[RouterExplorer] [39m[32mMapped {/haircuts/:id, GET} route[39m[38;5;3m +0ms[39m
[32m[Nest] 14443  - [39m02/08/2026, 10:10:31 PM [32m    LOG[39m [38;5;3m[RouterExplorer] [39m[32mMapped {/haircuts/:id, PATCH} route[39m[38;5;3m +0ms[39m
[32m[Nest] 14443  - [39m02/08/2026, 10:10:31 PM [32m    LOG[39m [38;5;3m[RouterExplorer] [39m[32mMapped {/haircuts/:id, DELETE} route[39m[38;5;3m +0ms[39m
[32m[Nest] 14443  - [39m02/08/2026, 10:10:31 PM [32m    LOG[39m [38;5;3m[NestApplication] [39m[32mNest application successfully started[39m[38;5;3m +52ms[39m
[31m[Nest] 14443  - [39m02/08/2026, 10:10:31 PM [31m  ERROR[39m [38;5;3m[NestApplication] [39m[31mError: listen EADDRINUSE: address already in use :::3000[39m[38;5;3m +1ms[39m
node:net:1940
    const ex = new UVExceptionWithHostPort(err, 'listen', address, port);
               ^

Error: listen EADDRINUSE: address already in use :::3000
    at Server.setupListenHandle [as _listen2] (node:net:1940:16)
    at listenInCluster (node:net:1997:12)
    at Server.listen (node:net:2102:7)
    at ExpressAdapter.listen (/Users/eduardodev/Documents/Barbearia dos Reis/node_modules/.pnpm/@nestjs+platform-express@11.1.13_@nestjs+common@11.1.13_@nestjs+core@11.1.13/node_modules/@nestjs/platform-express/adapters/express-adapter.js:127:32)
    at /Users/eduardodev/Documents/Barbearia dos Reis/node_modules/.pnpm/@nestjs+core@11.1.13_@nestjs+common@11.1.13_@nestjs+platform-express@11.1.13_reflect-metadata@0.2.2_rxjs@7.8.2/node_modules/@nestjs/core/nest-application.js:188:30
    at new Promise (<anonymous>)
    at NestApplication.listen (/Users/eduardodev/Documents/Barbearia dos Reis/node_modules/.pnpm/@nestjs+core@11.1.13_@nestjs+common@11.1.13_@nestjs+platform-express@11.1.13_reflect-metadata@0.2.2_rxjs@7.8.2/node_modules/@nestjs/core/nest-application.js:178:16)
    at async bootstrap (/Users/eduardodev/Documents/Barbearia dos Reis/apps/backend/src/main.ts:21:3) {
  code: 'EADDRINUSE',
  errno: -48,
  syscall: 'listen',
  address: '::',
  port: 3000
}

Node.js v24.13.0
[2J[3J[H[[90m10:11:20 PM[0m] File change detected. Starting incremental compilation...

[[90m10:11:20 PM[0m] Found 0 errors. Watching for file changes.

[32m[Nest] 14751  - [39m02/08/2026, 10:11:21 PM [32m    LOG[39m [38;5;3m[NestFactory] [39m[32mStarting Nest application...[39m
[32m[Nest] 14751  - [39m02/08/2026, 10:11:22 PM [32m    LOG[39m [38;5;3m[InstanceLoader] [39m[32mPrismaModule dependencies initialized[39m[38;5;3m +40ms[39m
[32m[Nest] 14751  - [39m02/08/2026, 10:11:22 PM [32m    LOG[39m [38;5;3m[InstanceLoader] [39m[32mPassportModule dependencies initialized[39m[38;5;3m +0ms[39m
[32m[Nest] 14751  - [39m02/08/2026, 10:11:22 PM [32m    LOG[39m [38;5;3m[InstanceLoader] [39m[32mMulterModule dependencies initialized[39m[38;5;3m +0ms[39m
[32m[Nest] 14751  - [39m02/08/2026, 10:11:22 PM [32m    LOG[39m [38;5;3m[InstanceLoader] [39m[32mJwtModule dependencies initialized[39m[38;5;3m +20ms[39m
[32m[Nest] 14751  - [39m02/08/2026, 10:11:22 PM [32m    LOG[39m [38;5;3m[InstanceLoader] [39m[32mAppModule dependencies initialized[39m[38;5;3m +0ms[39m
[32m[Nest] 14751  - [39m02/08/2026, 10:11:22 PM [32m    LOG[39m [38;5;3m[InstanceLoader] [39m[32mServeStaticModule dependencies initialized[39m[38;5;3m +0ms[39m
[32m[Nest] 14751  - [39m02/08/2026, 10:11:22 PM [32m    LOG[39m [38;5;3m[InstanceLoader] [39m[32mUsersModule dependencies initialized[39m[38;5;3m +0ms[39m
[32m[Nest] 14751  - [39m02/08/2026, 10:11:22 PM [32m    LOG[39m [38;5;3m[InstanceLoader] [39m[32mAuthModule dependencies initialized[39m[38;5;3m +0ms[39m
[32m[Nest] 14751  - [39m02/08/2026, 10:11:22 PM [32m    LOG[39m [38;5;3m[InstanceLoader] [39m[32mHaircutsModule dependencies initialized[39m[38;5;3m +0ms[39m
[32m[Nest] 14751  - [39m02/08/2026, 10:11:22 PM [32m    LOG[39m [38;5;3m[RoutesResolver] [39m[32mAppController {/}:[39m[38;5;3m +13ms[39m
[32m[Nest] 14751  - [39m02/08/2026, 10:11:22 PM [32m    LOG[39m [38;5;3m[RouterExplorer] [39m[32mMapped {/, GET} route[39m[38;5;3m +1ms[39m
[32m[Nest] 14751  - [39m02/08/2026, 10:11:22 PM [32m    LOG[39m [38;5;3m[RoutesResolver] [39m[32mUsersController {/users}:[39m[38;5;3m +0ms[39m
[32m[Nest] 14751  - [39m02/08/2026, 10:11:22 PM [32m    LOG[39m [38;5;3m[RoutesResolver] [39m[32mAuthController {/auth}:[39m[38;5;3m +0ms[39m
[32m[Nest] 14751  - [39m02/08/2026, 10:11:22 PM [32m    LOG[39m [38;5;3m[RouterExplorer] [39m[32mMapped {/auth/login, POST} route[39m[38;5;3m +0ms[39m
[32m[Nest] 14751  - [39m02/08/2026, 10:11:22 PM [32m    LOG[39m [38;5;3m[RouterExplorer] [39m[32mMapped {/auth/register, POST} route[39m[38;5;3m +0ms[39m
[32m[Nest] 14751  - [39m02/08/2026, 10:11:22 PM [32m    LOG[39m [38;5;3m[RoutesResolver] [39m[32mHaircutsController {/haircuts}:[39m[38;5;3m +0ms[39m
[32m[Nest] 14751  - [39m02/08/2026, 10:11:22 PM [32m    LOG[39m [38;5;3m[RouterExplorer] [39m[32mMapped {/haircuts, POST} route[39m[38;5;3m +0ms[39m
[32m[Nest] 14751  - [39m02/08/2026, 10:11:22 PM [32m    LOG[39m [38;5;3m[RouterExplorer] [39m[32mMapped {/haircuts, GET} route[39m[38;5;3m +0ms[39m
[32m[Nest] 14751  - [39m02/08/2026, 10:11:22 PM [32m    LOG[39m [38;5;3m[RouterExplorer] [39m[32mMapped {/haircuts/:id, GET} route[39m[38;5;3m +0ms[39m
[32m[Nest] 14751  - [39m02/08/2026, 10:11:22 PM [32m    LOG[39m [38;5;3m[RouterExplorer] [39m[32mMapped {/haircuts/:id, PATCH} route[39m[38;5;3m +0ms[39m
[32m[Nest] 14751  - [39m02/08/2026, 10:11:22 PM [32m    LOG[39m [38;5;3m[RouterExplorer] [39m[32mMapped {/haircuts/:id, DELETE} route[39m[38;5;3m +0ms[39m
[32m[Nest] 14751  - [39m02/08/2026, 10:11:22 PM [32m    LOG[39m [38;5;3m[NestApplication] [39m[32mNest application successfully started[39m[38;5;3m +53ms[39m
[31m[Nest] 14751  - [39m02/08/2026, 10:11:22 PM [31m  ERROR[39m [38;5;3m[NestApplication] [39m[31mError: listen EADDRINUSE: address already in use :::3000[39m[38;5;3m +1ms[39m
node:net:1940
    const ex = new UVExceptionWithHostPort(err, 'listen', address, port);
               ^

Error: listen EADDRINUSE: address already in use :::3000
    at Server.setupListenHandle [as _listen2] (node:net:1940:16)
    at listenInCluster (node:net:1997:12)
    at Server.listen (node:net:2102:7)
    at ExpressAdapter.listen (/Users/eduardodev/Documents/Barbearia dos Reis/node_modules/.pnpm/@nestjs+platform-express@11.1.13_@nestjs+common@11.1.13_@nestjs+core@11.1.13/node_modules/@nestjs/platform-express/adapters/express-adapter.js:127:32)
    at /Users/eduardodev/Documents/Barbearia dos Reis/node_modules/.pnpm/@nestjs+core@11.1.13_@nestjs+common@11.1.13_@nestjs+platform-express@11.1.13_reflect-metadata@0.2.2_rxjs@7.8.2/node_modules/@nestjs/core/nest-application.js:188:30
    at new Promise (<anonymous>)
    at NestApplication.listen (/Users/eduardodev/Documents/Barbearia dos Reis/node_modules/.pnpm/@nestjs+core@11.1.13_@nestjs+common@11.1.13_@nestjs+platform-express@11.1.13_reflect-metadata@0.2.2_rxjs@7.8.2/node_modules/@nestjs/core/nest-application.js:178:16)
    at async bootstrap (/Users/eduardodev/Documents/Barbearia dos Reis/apps/backend/src/main.ts:21:3) {
  code: 'EADDRINUSE',
  errno: -48,
  syscall: 'listen',
  address: '::',
  port: 3000
}

Node.js v24.13.0
[2J[3J[H[[90m10:18:10 PM[0m] File change detected. Starting incremental compilation...

[[90m10:18:17 PM[0m] Found 0 errors. Watching for file changes.

[32m[Nest] 15451  - [39m02/08/2026, 10:18:22 PM [32m    LOG[39m [38;5;3m[NestFactory] [39m[32mStarting Nest application...[39m
[32m[Nest] 15451  - [39m02/08/2026, 10:18:22 PM [32m    LOG[39m [38;5;3m[InstanceLoader] [39m[32mPrismaModule dependencies initialized[39m[38;5;3m +35ms[39m
[32m[Nest] 15451  - [39m02/08/2026, 10:18:22 PM [32m    LOG[39m [38;5;3m[InstanceLoader] [39m[32mPassportModule dependencies initialized[39m[38;5;3m +0ms[39m
[32m[Nest] 15451  - [39m02/08/2026, 10:18:22 PM [32m    LOG[39m [38;5;3m[InstanceLoader] [39m[32mMulterModule dependencies initialized[39m[38;5;3m +0ms[39m
[32m[Nest] 15451  - [39m02/08/2026, 10:18:22 PM [32m    LOG[39m [38;5;3m[InstanceLoader] [39m[32mJwtModule dependencies initialized[39m[38;5;3m +25ms[39m
[32m[Nest] 15451  - [39m02/08/2026, 10:18:22 PM [32m    LOG[39m [38;5;3m[InstanceLoader] [39m[32mAppModule dependencies initialized[39m[38;5;3m +1ms[39m
[32m[Nest] 15451  - [39m02/08/2026, 10:18:22 PM [32m    LOG[39m [38;5;3m[InstanceLoader] [39m[32mServeStaticModule dependencies initialized[39m[38;5;3m +0ms[39m
[32m[Nest] 15451  - [39m02/08/2026, 10:18:22 PM [32m    LOG[39m [38;5;3m[InstanceLoader] [39m[32mUsersModule dependencies initialized[39m[38;5;3m +0ms[39m
[32m[Nest] 15451  - [39m02/08/2026, 10:18:22 PM [32m    LOG[39m [38;5;3m[InstanceLoader] [39m[32mAuthModule dependencies initialized[39m[38;5;3m +0ms[39m
[32m[Nest] 15451  - [39m02/08/2026, 10:18:22 PM [32m    LOG[39m [38;5;3m[InstanceLoader] [39m[32mHaircutsModule dependencies initialized[39m[38;5;3m +0ms[39m
[32m[Nest] 15451  - [39m02/08/2026, 10:18:22 PM [32m    LOG[39m [38;5;3m[RoutesResolver] [39m[32mAppController {/}:[39m[38;5;3m +16ms[39m
[32m[Nest] 15451  - [39m02/08/2026, 10:18:22 PM [32m    LOG[39m [38;5;3m[RouterExplorer] [39m[32mMapped {/, GET} route[39m[38;5;3m +2ms[39m
[32m[Nest] 15451  - [39m02/08/2026, 10:18:22 PM [32m    LOG[39m [38;5;3m[RoutesResolver] [39m[32mUsersController {/users}:[39m[38;5;3m +0ms[39m
[32m[Nest] 15451  - [39m02/08/2026, 10:18:22 PM [32m    LOG[39m [38;5;3m[RoutesResolver] [39m[32mAuthController {/auth}:[39m[38;5;3m +0ms[39m
[32m[Nest] 15451  - [39m02/08/2026, 10:18:22 PM [32m    LOG[39m [38;5;3m[RouterExplorer] [39m[32mMapped {/auth/login, POST} route[39m[38;5;3m +1ms[39m
[32m[Nest] 15451  - [39m02/08/2026, 10:18:22 PM [32m    LOG[39m [38;5;3m[RouterExplorer] [39m[32mMapped {/auth/register, POST} route[39m[38;5;3m +0ms[39m
[32m[Nest] 15451  - [39m02/08/2026, 10:18:22 PM [32m    LOG[39m [38;5;3m[RoutesResolver] [39m[32mHaircutsController {/haircuts}:[39m[38;5;3m +0ms[39m
[32m[Nest] 15451  - [39m02/08/2026, 10:18:22 PM [32m    LOG[39m [38;5;3m[RouterExplorer] [39m[32mMapped {/haircuts, POST} route[39m[38;5;3m +1ms[39m
[32m[Nest] 15451  - [39m02/08/2026, 10:18:22 PM [32m    LOG[39m [38;5;3m[RouterExplorer] [39m[32mMapped {/haircuts, GET} route[39m[38;5;3m +0ms[39m
[32m[Nest] 15451  - [39m02/08/2026, 10:18:22 PM [32m    LOG[39m [38;5;3m[RouterExplorer] [39m[32mMapped {/haircuts/:id, GET} route[39m[38;5;3m +0ms[39m
[32m[Nest] 15451  - [39m02/08/2026, 10:18:22 PM [32m    LOG[39m [38;5;3m[RouterExplorer] [39m[32mMapped {/haircuts/:id, PATCH} route[39m[38;5;3m +0ms[39m
[32m[Nest] 15451  - [39m02/08/2026, 10:18:22 PM [32m    LOG[39m [38;5;3m[RouterExplorer] [39m[32mMapped {/haircuts/:id, DELETE} route[39m[38;5;3m +0ms[39m
[32m[Nest] 15451  - [39m02/08/2026, 10:18:22 PM [32m    LOG[39m [38;5;3m[NestApplication] [39m[32mNest application successfully started[39m[38;5;3m +78ms[39m
[31m[Nest] 15451  - [39m02/08/2026, 10:18:22 PM [31m  ERROR[39m [38;5;3m[NestApplication] [39m[31mError: listen EADDRINUSE: address already in use :::3000[39m[38;5;3m +3ms[39m
node:net:1940
    const ex = new UVExceptionWithHostPort(err, 'listen', address, port);
               ^

Error: listen EADDRINUSE: address already in use :::3000
    at Server.setupListenHandle [as _listen2] (node:net:1940:16)
    at listenInCluster (node:net:1997:12)
    at Server.listen (node:net:2102:7)
    at ExpressAdapter.listen (/Users/eduardodev/Documents/Barbearia dos Reis/node_modules/.pnpm/@nestjs+platform-express@11.1.13_@nestjs+common@11.1.13_@nestjs+core@11.1.13/node_modules/@nestjs/platform-express/adapters/express-adapter.js:127:32)
    at /Users/eduardodev/Documents/Barbearia dos Reis/node_modules/.pnpm/@nestjs+core@11.1.13_@nestjs+common@11.1.13_@nestjs+platform-express@11.1.13_reflect-metadata@0.2.2_rxjs@7.8.2/node_modules/@nestjs/core/nest-application.js:188:30
    at new Promise (<anonymous>)
    at NestApplication.listen (/Users/eduardodev/Documents/Barbearia dos Reis/node_modules/.pnpm/@nestjs+core@11.1.13_@nestjs+common@11.1.13_@nestjs+platform-express@11.1.13_reflect-metadata@0.2.2_rxjs@7.8.2/node_modules/@nestjs/core/nest-application.js:178:16)
    at async bootstrap (/Users/eduardodev/Documents/Barbearia dos Reis/apps/backend/src/main.ts:21:3) {
  code: 'EADDRINUSE',
  errno: -48,
  syscall: 'listen',
  address: '::',
  port: 3000
}

Node.js v24.13.0
[2J[3J[H[[90m10:31:20 PM[0m] File change detected. Starting incremental compilation...

[[90m10:31:21 PM[0m] Found 0 errors. Watching for file changes.

[32m[Nest] 17683  - [39m02/08/2026, 10:31:22 PM [32m    LOG[39m [38;5;3m[NestFactory] [39m[32mStarting Nest application...[39m
[32m[Nest] 17683  - [39m02/08/2026, 10:31:22 PM [32m    LOG[39m [38;5;3m[InstanceLoader] [39m[32mPrismaModule dependencies initialized[39m[38;5;3m +399ms[39m
[32m[Nest] 17683  - [39m02/08/2026, 10:31:22 PM [32m    LOG[39m [38;5;3m[InstanceLoader] [39m[32mPassportModule dependencies initialized[39m[38;5;3m +0ms[39m
[32m[Nest] 17683  - [39m02/08/2026, 10:31:22 PM [32m    LOG[39m [38;5;3m[InstanceLoader] [39m[32mMulterModule dependencies initialized[39m[38;5;3m +0ms[39m
[32m[Nest] 17683  - [39m02/08/2026, 10:31:22 PM [32m    LOG[39m [38;5;3m[InstanceLoader] [39m[32mJwtModule dependencies initialized[39m[38;5;3m +3ms[39m
[32m[Nest] 17683  - [39m02/08/2026, 10:31:22 PM [32m    LOG[39m [38;5;3m[InstanceLoader] [39m[32mAppModule dependencies initialized[39m[38;5;3m +1ms[39m
[32m[Nest] 17683  - [39m02/08/2026, 10:31:22 PM [32m    LOG[39m [38;5;3m[InstanceLoader] [39m[32mServeStaticModule dependencies initialized[39m[38;5;3m +0ms[39m
[32m[Nest] 17683  - [39m02/08/2026, 10:31:22 PM [32m    LOG[39m [38;5;3m[InstanceLoader] [39m[32mUsersModule dependencies initialized[39m[38;5;3m +0ms[39m
[32m[Nest] 17683  - [39m02/08/2026, 10:31:22 PM [32m    LOG[39m [38;5;3m[InstanceLoader] [39m[32mAuthModule dependencies initialized[39m[38;5;3m +0ms[39m
[32m[Nest] 17683  - [39m02/08/2026, 10:31:22 PM [32m    LOG[39m [38;5;3m[InstanceLoader] [39m[32mHaircutsModule dependencies initialized[39m[38;5;3m +0ms[39m
[32m[Nest] 17683  - [39m02/08/2026, 10:31:22 PM [32m    LOG[39m [38;5;3m[RoutesResolver] [39m[32mAppController {/}:[39m[38;5;3m +13ms[39m
[32m[Nest] 17683  - [39m02/08/2026, 10:31:22 PM [32m    LOG[39m [38;5;3m[RouterExplorer] [39m[32mMapped {/, GET} route[39m[38;5;3m +1ms[39m
[32m[Nest] 17683  - [39m02/08/2026, 10:31:22 PM [32m    LOG[39m [38;5;3m[RoutesResolver] [39m[32mUsersController {/users}:[39m[38;5;3m +0ms[39m
[32m[Nest] 17683  - [39m02/08/2026, 10:31:22 PM [32m    LOG[39m [38;5;3m[RoutesResolver] [39m[32mAuthController {/auth}:[39m[38;5;3m +0ms[39m
[32m[Nest] 17683  - [39m02/08/2026, 10:31:22 PM [32m    LOG[39m [38;5;3m[RouterExplorer] [39m[32mMapped {/auth/login, POST} route[39m[38;5;3m +0ms[39m
[32m[Nest] 17683  - [39m02/08/2026, 10:31:22 PM [32m    LOG[39m [38;5;3m[RouterExplorer] [39m[32mMapped {/auth/register, POST} route[39m[38;5;3m +0ms[39m
[32m[Nest] 17683  - [39m02/08/2026, 10:31:22 PM [32m    LOG[39m [38;5;3m[RoutesResolver] [39m[32mHaircutsController {/haircuts}:[39m[38;5;3m +0ms[39m
[32m[Nest] 17683  - [39m02/08/2026, 10:31:22 PM [32m    LOG[39m [38;5;3m[RouterExplorer] [39m[32mMapped {/haircuts, POST} route[39m[38;5;3m +0ms[39m
[32m[Nest] 17683  - [39m02/08/2026, 10:31:22 PM [32m    LOG[39m [38;5;3m[RouterExplorer] [39m[32mMapped {/haircuts, GET} route[39m[38;5;3m +1ms[39m
[32m[Nest] 17683  - [39m02/08/2026, 10:31:22 PM [32m    LOG[39m [38;5;3m[RouterExplorer] [39m[32mMapped {/haircuts/:id, GET} route[39m[38;5;3m +0ms[39m
[32m[Nest] 17683  - [39m02/08/2026, 10:31:22 PM [32m    LOG[39m [38;5;3m[RouterExplorer] [39m[32mMapped {/haircuts/:id, PATCH} route[39m[38;5;3m +0ms[39m
[32m[Nest] 17683  - [39m02/08/2026, 10:31:22 PM [32m    LOG[39m [38;5;3m[RouterExplorer] [39m[32mMapped {/haircuts/:id, DELETE} route[39m[38;5;3m +0ms[39m
[32m[Nest] 17683  - [39m02/08/2026, 10:31:22 PM [32m    LOG[39m [38;5;3m[NestApplication] [39m[32mNest application successfully started[39m[38;5;3m +32ms[39m
[2J[3J[H[[90m10:35:58 PM[0m] File change detected. Starting incremental compilation...

[91merror[0m[90m TS2688: [0mCannot find type definition file for 'express'.
  The file is in the program because:
    Entry point for implicit type library 'express'

[[90m10:36:01 PM[0m] Found 1 error. Watching for file changes.

[2J[3J[H[[90m10:36:03 PM[0m] File change detected. Starting incremental compilation...

[91merror[0m[90m TS2318: [0mCannot find global type 'Array'.

[91merror[0m[90m TS2318: [0mCannot find global type 'Boolean'.

[91merror[0m[90m TS2318: [0mCannot find global type 'CallableFunction'.

[91merror[0m[90m TS2318: [0mCannot find global type 'Function'.

[91merror[0m[90m TS2318: [0mCannot find global type 'IArguments'.

[91merror[0m[90m TS2318: [0mCannot find global type 'NewableFunction'.

[91merror[0m[90m TS2318: [0mCannot find global type 'Number'.

[91merror[0m[90m TS2318: [0mCannot find global type 'Object'.

[91merror[0m[90m TS2318: [0mCannot find global type 'RegExp'.

[91merror[0m[90m TS2318: [0mCannot find global type 'String'.

[91merror[0m[90m TS2688: [0mCannot find type definition file for 'eslint-scope'.
  The file is in the program because:
    Entry point for implicit type library 'eslint-scope'

[91merror[0m[90m TS2688: [0mCannot find type definition file for 'express'.
  The file is in the program because:
    Entry point for implicit type library 'express'

[91merror[0m[90m TS2688: [0mCannot find type definition file for 'multer'.
  The file is in the program because:
    Entry point for implicit type library 'multer'

[91merror[0m[90m TS2688: [0mCannot find type definition file for 'node'.
  The file is in the program because:
    Entry point for implicit type library 'node'

[91merror[0m[90m TS2688: [0mCannot find type definition file for 'passport-jwt'.
  The file is in the program because:
    Entry point for implicit type library 'passport-jwt'

[91merror[0m[90m TS6053: [0mFile '/Users/eduardodev/Documents/Barbearia dos Reis/node_modules/.pnpm/typescript@5.9.3/node_modules/typescript/lib/lib.es2023.full.d.ts' not found.
  The file is in the program because:
    Default library for target 'es2023'

[[90m10:36:03 PM[0m] Found 16 errors. Watching for file changes.

[2J[3J[H[[90m10:36:04 PM[0m] File change detected. Starting incremental compilation...

[91merror[0m[90m TS2318: [0mCannot find global type 'Array'.

[91merror[0m[90m TS2318: [0mCannot find global type 'Boolean'.

[91merror[0m[90m TS2318: [0mCannot find global type 'CallableFunction'.

[91merror[0m[90m TS2318: [0mCannot find global type 'Function'.

[91merror[0m[90m TS2318: [0mCannot find global type 'IArguments'.

[91merror[0m[90m TS2318: [0mCannot find global type 'NewableFunction'.

[91merror[0m[90m TS2318: [0mCannot find global type 'Number'.

[91merror[0m[90m TS2318: [0mCannot find global type 'Object'.

[91merror[0m[90m TS2318: [0mCannot find global type 'RegExp'.

[91merror[0m[90m TS2318: [0mCannot find global type 'String'.

[91merror[0m[90m TS2688: [0mCannot find type definition file for 'bcrypt'.
  The file is in the program because:
    Entry point for implicit type library 'bcrypt'

[91merror[0m[90m TS2688: [0mCannot find type definition file for 'eslint'.
  The file is in the program because:
    Entry point for implicit type library 'eslint'

[91merror[0m[90m TS2688: [0mCannot find type definition file for 'eslint-scope'.
  The file is in the program because:
    Entry point for implicit type library 'eslint-scope'

[91merror[0m[90m TS2688: [0mCannot find type definition file for 'express'.
  The file is in the program because:
    Entry point for implicit type library 'express'

[91merror[0m[90m TS2688: [0mCannot find type definition file for 'jest'.
  The file is in the program because:
    Entry point for implicit type library 'jest'

[91merror[0m[90m TS2688: [0mCannot find type definition file for 'multer'.
  The file is in the program because:
    Entry point for implicit type library 'multer'

[91merror[0m[90m TS2688: [0mCannot find type definition file for 'node'.
  The file is in the program because:
    Entry point for implicit type library 'node'

[91merror[0m[90m TS2688: [0mCannot find type definition file for 'passport-jwt'.
  The file is in the program because:
    Entry point for implicit type library 'passport-jwt'

[91merror[0m[90m TS6053: [0mFile '/Users/eduardodev/Documents/Barbearia dos Reis/node_modules/.pnpm/typescript@5.9.3/node_modules/typescript/lib/lib.es2023.full.d.ts' not found.
  The file is in the program because:
    Default library for target 'es2023'

[[90m10:36:05 PM[0m] Found 19 errors. Watching for file changes.

[2J[3J[H[[90m10:36:05 PM[0m] File change detected. Starting incremental compilation...

[91merror[0m[90m TS2318: [0mCannot find global type 'Array'.

[91merror[0m[90m TS2318: [0mCannot find global type 'Boolean'.

[91merror[0m[90m TS2318: [0mCannot find global type 'CallableFunction'.

[91merror[0m[90m TS2318: [0mCannot find global type 'Function'.

[91merror[0m[90m TS2318: [0mCannot find global type 'IArguments'.

[91merror[0m[90m TS2318: [0mCannot find global type 'NewableFunction'.

[91merror[0m[90m TS2318: [0mCannot find global type 'Number'.

[91merror[0m[90m TS2318: [0mCannot find global type 'Object'.

[91merror[0m[90m TS2318: [0mCannot find global type 'RegExp'.

[91merror[0m[90m TS2318: [0mCannot find global type 'String'.

[91merror[0m[90m TS2688: [0mCannot find type definition file for 'bcrypt'.
  The file is in the program because:
    Entry point for implicit type library 'bcrypt'

[91merror[0m[90m TS2688: [0mCannot find type definition file for 'eslint'.
  The file is in the program because:
    Entry point for implicit type library 'eslint'

[91merror[0m[90m TS2688: [0mCannot find type definition file for 'eslint-scope'.
  The file is in the program because:
    Entry point for implicit type library 'eslint-scope'

[91merror[0m[90m TS2688: [0mCannot find type definition file for 'express'.
  The file is in the program because:
    Entry point for implicit type library 'express'

[91merror[0m[90m TS2688: [0mCannot find type definition file for 'jest'.
  The file is in the program because:
    Entry point for implicit type library 'jest'

[91merror[0m[90m TS2688: [0mCannot find type definition file for 'multer'.
  The file is in the program because:
    Entry point for implicit type library 'multer'

[91merror[0m[90m TS2688: [0mCannot find type definition file for 'node'.
  The file is in the program because:
    Entry point for implicit type library 'node'

[91merror[0m[90m TS2688: [0mCannot find type definition file for 'passport-jwt'.
  The file is in the program because:
    Entry point for implicit type library 'passport-jwt'

[91merror[0m[90m TS2688: [0mCannot find type definition file for 'passport-local'.
  The file is in the program because:
    Entry point for implicit type library 'passport-local'

[91merror[0m[90m TS2688: [0mCannot find type definition file for 'supertest'.
  The file is in the program because:
    Entry point for implicit type library 'supertest'

[91merror[0m[90m TS6053: [0mFile '/Users/eduardodev/Documents/Barbearia dos Reis/node_modules/.pnpm/typescript@5.9.3/node_modules/typescript/lib/lib.es2023.full.d.ts' not found.
  The file is in the program because:
    Default library for target 'es2023'

[[90m10:36:05 PM[0m] Found 21 errors. Watching for file changes.

[2J[3J[H[[90m10:36:20 PM[0m] File change detected. Starting incremental compilation...

[91merror[0m[90m TS2318: [0mCannot find global type 'Array'.

[91merror[0m[90m TS2318: [0mCannot find global type 'Boolean'.

[91merror[0m[90m TS2318: [0mCannot find global type 'CallableFunction'.

[91merror[0m[90m TS2318: [0mCannot find global type 'Function'.

[91merror[0m[90m TS2318: [0mCannot find global type 'IArguments'.

[91merror[0m[90m TS2318: [0mCannot find global type 'NewableFunction'.

[91merror[0m[90m TS2318: [0mCannot find global type 'Number'.

[91merror[0m[90m TS2318: [0mCannot find global type 'Object'.

[91merror[0m[90m TS2318: [0mCannot find global type 'RegExp'.

[91merror[0m[90m TS2318: [0mCannot find global type 'String'.

[91merror[0m[90m TS2688: [0mCannot find type definition file for 'bcrypt'.
  The file is in the program because:
    Entry point for implicit type library 'bcrypt'

[91merror[0m[90m TS2688: [0mCannot find type definition file for 'eslint'.
  The file is in the program because:
    Entry point for implicit type library 'eslint'

[91merror[0m[90m TS2688: [0mCannot find type definition file for 'eslint-scope'.
  The file is in the program because:
    Entry point for implicit type library 'eslint-scope'

[91merror[0m[90m TS2688: [0mCannot find type definition file for 'express'.
  The file is in the program because:
    Entry point for implicit type library 'express'

[91merror[0m[90m TS2688: [0mCannot find type definition file for 'jest'.
  The file is in the program because:
    Entry point for implicit type library 'jest'

[91merror[0m[90m TS2688: [0mCannot find type definition file for 'multer'.
  The file is in the program because:
    Entry point for implicit type library 'multer'

[91merror[0m[90m TS2688: [0mCannot find type definition file for 'node'.
  The file is in the program because:
    Entry point for implicit type library 'node'

[91merror[0m[90m TS2688: [0mCannot find type definition file for 'passport-jwt'.
  The file is in the program because:
    Entry point for implicit type library 'passport-jwt'

[91merror[0m[90m TS2688: [0mCannot find type definition file for 'passport-local'.
  The file is in the program because:
    Entry point for implicit type library 'passport-local'

[91merror[0m[90m TS2688: [0mCannot find type definition file for 'supertest'.
  The file is in the program because:
    Entry point for implicit type library 'supertest'

[91merror[0m[90m TS6053: [0mFile '/Users/eduardodev/Documents/Barbearia dos Reis/node_modules/.pnpm/typescript@5.9.3/node_modules/typescript/lib/lib.es2023.full.d.ts' not found.
  The file is in the program because:
    Default library for target 'es2023'

[[90m10:36:20 PM[0m] Found 21 errors. Watching for file changes.

[2J[3J[H[[90m10:36:22 PM[0m] File change detected. Starting incremental compilation...

[91merror[0m[90m TS2688: [0mCannot find type definition file for 'bcrypt'.
  The file is in the program because:
    Entry point for implicit type library 'bcrypt'

[91merror[0m[90m TS2688: [0mCannot find type definition file for 'eslint'.
  The file is in the program because:
    Entry point for implicit type library 'eslint'

[91merror[0m[90m TS2688: [0mCannot find type definition file for 'eslint-scope'.
  The file is in the program because:
    Entry point for implicit type library 'eslint-scope'

[91merror[0m[90m TS2688: [0mCannot find type definition file for 'express'.
  The file is in the program because:
    Entry point for implicit type library 'express'

[91merror[0m[90m TS2688: [0mCannot find type definition file for 'jest'.
  The file is in the program because:
    Entry point for implicit type library 'jest'

[91merror[0m[90m TS2688: [0mCannot find type definition file for 'multer'.
  The file is in the program because:
    Entry point for implicit type library 'multer'

[91merror[0m[90m TS2688: [0mCannot find type definition file for 'node'.
  The file is in the program because:
    Entry point for implicit type library 'node'

[91merror[0m[90m TS2688: [0mCannot find type definition file for 'passport-jwt'.
  The file is in the program because:
    Entry point for implicit type library 'passport-jwt'

[91merror[0m[90m TS2688: [0mCannot find type definition file for 'passport-local'.
  The file is in the program because:
    Entry point for implicit type library 'passport-local'

[91merror[0m[90m TS2688: [0mCannot find type definition file for 'supertest'.
  The file is in the program because:
    Entry point for implicit type library 'supertest'

[[90m10:36:25 PM[0m] Found 10 errors. Watching for file changes.

[2J[3J[H[[90m10:36:26 PM[0m] File change detected. Starting incremental compilation...

node:internal/modules/cjs/loader:1424
  throw err;
  ^

Error: Cannot find module '.prisma/client/default'
Require stack:
- /Users/eduardodev/Documents/Barbearia dos Reis/node_modules/.pnpm/@prisma+client@5.22.0_prisma@5.22.0/node_modules/@prisma/client/default.js
- /Users/eduardodev/Documents/Barbearia dos Reis/apps/backend/dist/src/prisma/prisma.service.js
- /Users/eduardodev/Documents/Barbearia dos Reis/apps/backend/dist/src/prisma/prisma.module.js
- /Users/eduardodev/Documents/Barbearia dos Reis/apps/backend/dist/src/app.module.js
- /Users/eduardodev/Documents/Barbearia dos Reis/apps/backend/dist/src/main.js
    at Module._resolveFilename (node:internal/modules/cjs/loader:1421:15)
    at defaultResolveImpl (node:internal/modules/cjs/loader:1059:19)
    at resolveForCJSWithHooks (node:internal/modules/cjs/loader:1064:22)
    at Module._load (node:internal/modules/cjs/loader:1227:37)
    at TracingChannel.traceSync (node:diagnostics_channel:328:14)
    at wrapModuleLoad (node:internal/modules/cjs/loader:245:24)
    at Module.require (node:internal/modules/cjs/loader:1504:12)
    at require (node:internal/modules/helpers:152:16)
    at Object.<anonymous> (/Users/eduardodev/Documents/Barbearia dos Reis/node_modules/.pnpm/@prisma+client@5.22.0_prisma@5.22.0/node_modules/@prisma/client/default.js:2:6)
    at Module._compile (node:internal/modules/cjs/loader:1761:14) {
  code: 'MODULE_NOT_FOUND',
  requireStack: [
    '/Users/eduardodev/Documents/Barbearia dos Reis/node_modules/.pnpm/@prisma+client@5.22.0_prisma@5.22.0/node_modules/@prisma/client/default.js',
    '/Users/eduardodev/Documents/Barbearia dos Reis/apps/backend/dist/src/prisma/prisma.service.js',
    '/Users/eduardodev/Documents/Barbearia dos Reis/apps/backend/dist/src/prisma/prisma.module.js',
    '/Users/eduardodev/Documents/Barbearia dos Reis/apps/backend/dist/src/app.module.js',
    '/Users/eduardodev/Documents/Barbearia dos Reis/apps/backend/dist/src/main.js'
  ]
}

Node.js v24.13.0
[96mprisma/seed.ts[0m:[93m1[0m:[93m10[0m - [91merror[0m[90m TS2305: [0mModule '"@prisma/client"' has no exported member 'PrismaClient'.

[7m1[0m import { PrismaClient, Role } from '@prisma/client';
[7m [0m [91m         ~~~~~~~~~~~~[0m

[96mprisma/seed.ts[0m:[93m1[0m:[93m24[0m - [91merror[0m[90m TS2305: [0mModule '"@prisma/client"' has no exported member 'Role'.

[7m1[0m import { PrismaClient, Role } from '@prisma/client';
[7m [0m [91m                       ~~~~[0m

[96msrc/auth/auth.service.ts[0m:[93m5[0m:[93m10[0m - [91merror[0m[90m TS2305: [0mModule '"@prisma/client"' has no exported member 'Prisma'.

[7m5[0m import { Prisma } from '@prisma/client';
[7m [0m [91m         ~~~~~~[0m

[96msrc/haircuts/haircuts.service.ts[0m:[93m16[0m:[93m43[0m - [91merror[0m[90m TS2339: [0mProperty 'haircut' does not exist on type 'PrismaService'.

[7m16[0m         const haircut = await this.prisma.haircut.create({
[7m  [0m [91m                                          ~~~~~~~[0m

[96msrc/haircuts/haircuts.service.ts[0m:[93m42[0m:[93m25[0m - [91merror[0m[90m TS2339: [0mProperty 'haircut' does not exist on type 'PrismaService'.

[7m42[0m             this.prisma.haircut.findMany({
[7m  [0m [91m                        ~~~~~~~[0m

[96msrc/haircuts/haircuts.service.ts[0m:[93m48[0m:[93m25[0m - [91merror[0m[90m TS2339: [0mProperty 'haircut' does not exist on type 'PrismaService'.

[7m48[0m             this.prisma.haircut.count(),
[7m  [0m [91m                        ~~~~~~~[0m

[96msrc/haircuts/haircuts.service.ts[0m:[93m62[0m:[93m43[0m - [91merror[0m[90m TS2339: [0mProperty 'haircut' does not exist on type 'PrismaService'.

[7m62[0m         const haircut = await this.prisma.haircut.findUnique({
[7m  [0m [91m                                          ~~~~~~~[0m

[96msrc/haircuts/haircuts.service.ts[0m:[93m71[0m:[93m28[0m - [91merror[0m[90m TS2339: [0mProperty 'haircut' does not exist on type 'PrismaService'.

[7m71[0m         return this.prisma.haircut.update({
[7m  [0m [91m                           ~~~~~~~[0m

[96msrc/haircuts/haircuts.service.ts[0m:[93m79[0m:[93m28[0m - [91merror[0m[90m TS2339: [0mProperty 'haircut' does not exist on type 'PrismaService'.

[7m79[0m         return this.prisma.haircut.delete({
[7m  [0m [91m                           ~~~~~~~[0m

[96msrc/prisma/prisma.service.ts[0m:[93m2[0m:[93m10[0m - [91merror[0m[90m TS2305: [0mModule '"@prisma/client"' has no exported member 'PrismaClient'.

[7m2[0m import { PrismaClient } from '@prisma/client';
[7m [0m [91m         ~~~~~~~~~~~~[0m

[96msrc/prisma/prisma.service.ts[0m:[93m7[0m:[93m20[0m - [91merror[0m[90m TS2339: [0mProperty '$connect' does not exist on type 'PrismaService'.

[7m7[0m         await this.$connect();
[7m [0m [91m                   ~~~~~~~~[0m

[96msrc/users/users.service.ts[0m:[93m3[0m:[93m10[0m - [91merror[0m[90m TS2305: [0mModule '"@prisma/client"' has no exported member 'Prisma'.

[7m3[0m import { Prisma, User } from '@prisma/client';
[7m [0m [91m         ~~~~~~[0m

[96msrc/users/users.service.ts[0m:[93m3[0m:[93m18[0m - [91merror[0m[90m TS2305: [0mModule '"@prisma/client"' has no exported member 'User'.

[7m3[0m import { Prisma, User } from '@prisma/client';
[7m [0m [91m                 ~~~~[0m

[96msrc/users/users.service.ts[0m:[93m13[0m:[93m28[0m - [91merror[0m[90m TS2339: [0mProperty 'user' does not exist on type 'PrismaService'.

[7m13[0m         return this.prisma.user.create({
[7m  [0m [91m                           ~~~~[0m

[96msrc/users/users.service.ts[0m:[93m22[0m:[93m28[0m - [91merror[0m[90m TS2339: [0mProperty 'user' does not exist on type 'PrismaService'.

[7m22[0m         return this.prisma.user.findUnique({
[7m  [0m [91m                           ~~~~[0m

[[90m10:36:30 PM[0m] Found 15 errors. Watching for file changes.

[2J[3J[H[[90m10:38:06 PM[0m] File change detected. Starting incremental compilation...

[96mprisma/seed.ts[0m:[93m1[0m:[93m10[0m - [91merror[0m[90m TS2305: [0mModule '"@prisma/client"' has no exported member 'PrismaClient'.

[7m1[0m import { PrismaClient, Role } from '@prisma/client';
[7m [0m [91m         ~~~~~~~~~~~~[0m

[96mprisma/seed.ts[0m:[93m1[0m:[93m24[0m - [91merror[0m[90m TS2305: [0mModule '"@prisma/client"' has no exported member 'Role'.

[7m1[0m import { PrismaClient, Role } from '@prisma/client';
[7m [0m [91m                       ~~~~[0m

[96msrc/auth/auth.service.ts[0m:[93m5[0m:[93m10[0m - [91merror[0m[90m TS2305: [0mModule '"@prisma/client"' has no exported member 'Prisma'.

[7m5[0m import { Prisma } from '@prisma/client';
[7m [0m [91m         ~~~~~~[0m

[96msrc/prisma/prisma.service.ts[0m:[93m2[0m:[93m10[0m - [91merror[0m[90m TS2305: [0mModule '"@prisma/client"' has no exported member 'PrismaClient'.

[7m2[0m import { PrismaClient } from '@prisma/client';
[7m [0m [91m         ~~~~~~~~~~~~[0m

[96msrc/prisma/prisma.service.ts[0m:[93m9[0m:[93m20[0m - [91merror[0m[90m TS2339: [0mProperty '$connect' does not exist on type 'PrismaService'.

[7m9[0m         await this.$connect();
[7m [0m [91m                   ~~~~~~~~[0m

[96msrc/users/users.service.ts[0m:[93m3[0m:[93m10[0m - [91merror[0m[90m TS2305: [0mModule '"@prisma/client"' has no exported member 'Prisma'.

[7m3[0m import { Prisma, User } from '@prisma/client';
[7m [0m [91m         ~~~~~~[0m

[96msrc/users/users.service.ts[0m:[93m3[0m:[93m18[0m - [91merror[0m[90m TS2305: [0mModule '"@prisma/client"' has no exported member 'User'.

[7m3[0m import { Prisma, User } from '@prisma/client';
[7m [0m [91m                 ~~~~[0m

[[90m10:38:08 PM[0m] Found 7 errors. Watching for file changes.

@nestjs/common/interfaces/version-options.interface").VersioningOptions | undefined) => import("/Users/eduardodev/D...'.
      Types of parameters 'options' and 'options' are incompatible.
        Type 'import("/Users/eduardodev/Documents/Barbearia dos Reis/node_modules/.pnpm/@nestjs+common@11.1.13_class-transformer@0.5.1_class-validator@0.14.3_reflect-metadata@0.2.2_rxjs@7.8.2/node_modules/@nestjs/common/interfaces/version-options.interface").VersioningOptions | undefined' is not assignable to type 'import("/Users/eduardodev/Documents/Barbearia dos Reis/node_modules/.pnpm/@nestjs+common@11.1.13_reflect-metadata@0.2.2_rxjs@7.8.2/node_modules/@nestjs/common/interfaces/version-options.interface").VersioningOptions | undefined'.
          Type 'VersioningCommonOptions & HeaderVersioningOptions' is not assignable to type 'VersioningOptions | undefined'.
            Type 'VersioningCommonOptions & import("/Users/eduardodev/Documents/Barbearia dos Reis/node_modules/.pnpm/@nestjs+common@11.1.13_class-transformer@0.5.1_class-validator@0.14.3_reflect-metadata@0.2.2_rxjs@7.8.2/node_modules/@nestjs/common/interfaces/version-options.interface").HeaderVersioningOptions' is not assignable to type 'VersioningCommonOptions & import("/Users/eduardodev/Documents/Barbearia dos Reis/node_modules/.pnpm/@nestjs+common@11.1.13_reflect-metadata@0.2.2_rxjs@7.8.2/node_modules/@nestjs/common/interfaces/version-options.interface").HeaderVersioningOptions'.
              Type 'VersioningCommonOptions & HeaderVersioningOptions' is not assignable to type 'VersioningCommonOptions'.
                Types of property 'defaultVersion' are incompatible.
                  Type 'import("/Users/eduardodev/Documents/Barbearia dos Reis/node_modules/.pnpm/@nestjs+common@11.1.13_class-transformer@0.5.1_class-validator@0.14.3_reflect-metadata@0.2.2_rxjs@7.8.2/node_modules/@nestjs/common/interfaces/version-options.interface").VersionValue | undefined' is not assignable to type 'import("/Users/eduardodev/Documents/Barbearia dos Reis/node_modules/.pnpm/@nestjs+common@11.1.13_reflect-metadata@0.2.2_rxjs@7.8.2/node_modules/@nestjs/common/interfaces/version-options.interface").VersionValue | undefined'.
                    Type 'unique symbol' is not assignable to type 'VersionValue | undefined'.

[7m18[0m   const document = SwaggerModule.createDocument(app, config);
[7m  [0m [91m                                                ~~~[0m

[96msrc/main.ts[0m:[93m19[0m:[93m38[0m - [91merror[0m[90m TS2345: [0mArgument of type 'import("/Users/eduardodev/Documents/Barbearia dos Reis/node_modules/.pnpm/@nestjs+common@11.1.13_reflect-metadata@0.2.2_rxjs@7.8.2/node_modules/@nestjs/common/interfaces/nest-application.interface").INestApplication<any>' is not assignable to parameter of type 'import("/Users/eduardodev/Documents/Barbearia dos Reis/node_modules/.pnpm/@nestjs+common@11.1.13_class-transformer@0.5.1_class-validator@0.14.3_reflect-metadata@0.2.2_rxjs@7.8.2/node_modules/@nestjs/common/interfaces/nest-application.interface").INestApplication<any>'.
  Types of property 'enableVersioning' are incompatible.
    Type '(options?: import("/Users/eduardodev/Documents/Barbearia dos Reis/node_modules/.pnpm/@nestjs+common@11.1.13_reflect-metadata@0.2.2_rxjs@7.8.2/node_modules/@nestjs/common/interfaces/version-options.interface").VersioningOptions | undefined) => import("/Users/eduardodev/Documents/Barbearia dos Reis/node_modules/.pnpm/...' is not assignable to type '(options?: import("/Users/eduardodev/Documents/Barbearia dos Reis/node_modules/.pnpm/@nestjs+common@11.1.13_class-transformer@0.5.1_class-validator@0.14.3_reflect-metadata@0.2.2_rxjs@7.8.2/node_modules/@nestjs/common/interfaces/version-options.interface").VersioningOptions | undefined) => import("/Users/eduardodev/D...'.
      Types of parameters 'options' and 'options' are incompatible.
        Type 'import("/Users/eduardodev/Documents/Barbearia dos Reis/node_modules/.pnpm/@nestjs+common@11.1.13_class-transformer@0.5.1_class-validator@0.14.3_reflect-metadata@0.2.2_rxjs@7.8.2/node_modules/@nestjs/common/interfaces/version-options.interface").VersioningOptions | undefined' is not assignable to type 'import("/Users/eduardodev/Documents/Barbearia dos Reis/node_modules/.pnpm/@nestjs+common@11.1.13_reflect-metadata@0.2.2_rxjs@7.8.2/node_modules/@nestjs/common/interfaces/version-options.interface").VersioningOptions | undefined'.
          Type 'VersioningCommonOptions & HeaderVersioningOptions' is not assignable to type 'VersioningOptions | undefined'.
            Type 'VersioningCommonOptions & import("/Users/eduardodev/Documents/Barbearia dos Reis/node_modules/.pnpm/@nestjs+common@11.1.13_class-transformer@0.5.1_class-validator@0.14.3_reflect-metadata@0.2.2_rxjs@7.8.2/node_modules/@nestjs/common/interfaces/version-options.interface").HeaderVersioningOptions' is not assignable to type 'VersioningCommonOptions & import("/Users/eduardodev/Documents/Barbearia dos Reis/node_modules/.pnpm/@nestjs+common@11.1.13_reflect-metadata@0.2.2_rxjs@7.8.2/node_modules/@nestjs/common/interfaces/version-options.interface").HeaderVersioningOptions'.
              Type 'VersioningCommonOptions & HeaderVersioningOptions' is not assignable to type 'VersioningCommonOptions'.
                Types of property 'defaultVersion' are incompatible.
                  Type 'import("/Users/eduardodev/Documents/Barbearia dos Reis/node_modules/.pnpm/@nestjs+common@11.1.13_class-transformer@0.5.1_class-validator@0.14.3_reflect-metadata@0.2.2_rxjs@7.8.2/node_modules/@nestjs/common/interfaces/version-options.interface").VersionValue | undefined' is not assignable to type 'import("/Users/eduardodev/Documents/Barbearia dos Reis/node_modules/.pnpm/@nestjs+common@11.1.13_reflect-metadata@0.2.2_rxjs@7.8.2/node_modules/@nestjs/common/interfaces/version-options.interface").VersionValue | undefined'.
                    Type 'unique symbol' is not assignable to type 'VersionValue | undefined'.

[7m19[0m   SwaggerModule.setup('api/swagger', app, document);
[7m  [0m [91m                                     ~~~[0m

[96msrc/prisma/prisma.service.ts[0m:[93m2[0m:[93m10[0m - [91merror[0m[90m TS2305: [0mModule '"@prisma/client"' has no exported member 'PrismaClien[2J[3J[H[[90m10:02:24 PM[0m] File change detected. Starting incremental compilation...

[2J[3J[H[[90m10:02:58 PM[0m] File change detected. Starting incremental compilation...

[2J[3J[H[[90m10:03:04 PM[0m] File change detected. Starting incremental compilation...

[96mprisma/seed.ts[0m:[93m1[0m:[93m10[0m - [91merror[0m[90m TS2305: [0mModule '"@prisma/client"' has no exported member 'PrismaClient'.

[7m1[0m import { PrismaClient, Role } from '@prisma/client';
[7m [0m [91m         ~~~~~~~~~~~~[0m

[96mprisma/seed.ts[0m:[93m1[0m:[93m24[0m - [91merror[0m[90m TS2305: [0mModule '"@prisma/client"' has no exported member 'Role'.

[7m1[0m import { PrismaClient, Role } from '@prisma/client';
[7m [0m [91m                       ~~~~[0m

[96msrc/auth/auth.service.ts[0m:[93m5[0m:[93m10[0m - [91merror[0m[90m TS2305: [0mModule '"@prisma/client"' has no exported member 'Prisma'.

[7m5[0m import { Prisma } from '@prisma/client';
[7m [0m [91m         ~~~~~~[0m

[96msrc/haircuts/haircuts.service.ts[0m:[93m16[0m:[93m43[0m - [91merror[0m[90m TS2339: [0mProperty 'haircut' does not exist on type 'PrismaService'.

[7m16[0m         const haircut = await this.prisma.haircut.create({
[7m  [0m [91m                                          ~~~~~~~[0m

[96msrc/haircuts/haircuts.service.ts[0m:[93m42[0m:[93m25[0m - [91merror[0m[90m TS2339: [0mProperty 'haircut' does not exist on type 'PrismaService'.

[7m42[0m             this.prisma.haircut.findMany({
[7m  [0m [91m                        ~~~~~~~[0m

[96msrc/haircuts/haircuts.service.ts[0m:[93m48[0m:[93m25[0m - [91merror[0m[90m TS2339: [0mProperty 'haircut' do[96mprisma/seed.ts[0m:[93m1[0m:[93m10[0m - [91merror[0m[90m TS2305: [0mModule '"@prisma/client"' has no exported member 'PrismaClient'.

[7m1[0m import { PrismaClient, Role } from '@prisma/client';
[7m [0m [91m         ~~~~~~~~~~~~[0m

[96mprisma/seed.ts[0m:[93m1[0m:[93m24[0m - [91merror[0m[90m TS2305: [0mModule '"@prisma/client"' has no exported member 'Role'.

[7m1[0m import { PrismaClient, Role } from '@prisma/client';
[7m [0m [91m                       ~~~~[0m

[96msrc/auth/auth.service.ts[0m:[93m5[0m:[93m10[0m - [91merror[0m[90m TS2305: [0mModule '"@prisma/client"' has no exported member 'Prisma'.

[7m5[0m import { Prisma } from '@prisma/client';
[7m [0m [91m         ~~~~~~[0m

[96msrc/haircuts/haircuts.service.ts[0m:[93m16[0m:[93m43[0m - [91merror[0m[90m TS2339: [0mProperty 'haircut' does not exist on type 'PrismaService'.

[7m16[0m         const haircut = await this.prisma.haircut.create({
[7m  [0m [91m                                          ~~~~~~~[0m

[96msrc/haircuts/haircuts.service.ts[0m:[93m42[0m:[93m25[0m - [91merror[0m[90m TS2339: [0mProperty 'haircut' does not exist on type 'PrismaService'.

[7m42[0m             this.prisma.haircut.findMany({
[7m  [0m [91m                        ~~~~~~~[0m

[96msrc/haircuts/haircuts.service.ts[0m:[93m48[0m:[93m25[0m - [91merror[0m[90m TS2339: [0mProperty 'haircut' does not exist on type 'PrismaService'.

[7m48[0m             this.prisma.haircut.count(),
[7m  [0m [91m                        ~~~~~~~[0m

[96msrc/haircuts/haircuts.service.ts[0m:[93m62[0m:[93m43[0m - [91merror[0m[90m TS2339: [0mProperty 'haircut' does not exist on type 'PrismaService'.

[7m62[0m         const haircut = await this.prisma.haircut.findUnique({
[7m  [0m [91m                                          ~~~~~~~[0m

[96msrc/haircuts/haircuts.service.ts[0m:[93m71[0m:[93m28[0m - [91merror[0m[90m TS2339: [0mProperty 'haircut' does not exist on type 'PrismaService'.

[7m71[0m         return this.prisma.haircut.update({
[7m  [0m [91m                           ~~~~~~~[0m

[96msrc/haircuts/haircuts.service.ts[0m:[93m79[0m:[93m28[0m - [91merror[0m[90m TS2339: [0mProperty 'haircut' does not exist on type 'PrismaService'.

[7m79[0m         return this.prisma.haircut.delete({
[7m  [0m [91m                           ~~~~~~~[0m

[96msrc/main.ts[0m:[93m18[0m:[93m49[0m - [91merror[0m[90m TS2345: [0mArgument of type 'import("/Users/eduardodev/Documents/Barbearia dos Reis/node_modules/.pnpm/@nestjs+common@11.1.13_reflect-metadata@0.2.2_rxjs@7.8.2/node_modules/@nestjs/common/interfaces/nest-application.interface").INestApplication<any>' is not assignable to parameter of type 'import("/Users/eduardodev/Documents/Barbearia dos Reis/node_modules/.pnpm/@nestjs+common@11.1.13_class-transformer@0.5.1_class-validator@0.14.3_reflect-metadata@0.2.2_rxjs@7.8.2/node_modules/@nestjs/common/interfaces/nest-application.interface").INestApplication<any>'.
  Types of property 'enableVersioning' are incompatible.
    Type '(options?: import("/Users/eduardodev/Documents/Barbearia dos Reis/node_modules/.pnpm/@nestjs+common@11.1.13_reflect-metadata@0.2.2_rxjs@7.8.2/node_modules/@nestjs/common/interfaces/version-options.interface").VersioningOptions | undefined) => import("/Users/eduardodev/Documents/Barbearia dos Reis/node_modules/.pnpm/...' is not assignable to type '(options?: import("/Users/eduardodev/Documents/Barbearia dos Reis/node_modules/.pnpm/@nestjs+common@11.1.13_class-transformer@0.5.1_class-validator@0.14.3_reflect-metadata@0.2.2_rxjs@7.8.2/node_modules/@nestjs/common/interfaces/version-options.interface").VersioningOptions | undefined) => import("/Users/eduardodev/D...'.
      Types of parameters 'options' and 'options' are incompatible.
        Type 'import("/Users/eduardodev/Documents/Barbearia dos Reis/node_modules/.pnpm/@nestjs+common@11.1.13_class-transformer@0.5.1_class-validator@0.14.3_reflect-metadata@0.2.2_rxjs@7.8.2/node_modules/@nestjs/common/interfaces/version-options.interface").VersioningOptions | undefined' is not assignable to type 'import("/Users/eduardodev/Documents/Barbearia dos Reis/node_modules/.pnpm/@nestjs+common@11.1.13_reflect-metadata@0.2.2_rxjs@7.8.2/node_modules/@nestjs/common/interfaces/version-options.interface").VersioningOptions | undefined'.
          Type 'VersioningCommonOptions & HeaderVersioningOptions' is not assignable to type 'VersioningOptions | undefined'.
            Type 'VersioningCommonOptions & import("/Users/eduardodev/Documents/Barbearia dos Reis/node_modules/.pnpm/@nestjs+common@11.1.13_class-transformer@0.5.1_class-validator@0.14.3_reflect-metadata@0.2.2_rxjs@7.8.2/node_modules/@nestjs/common/interfaces/version-options.interface").HeaderVersioningOptions' is not assignable to type 'VersioningCommonOptions & import("/Users/eduardodev/Documents/Barbearia dos Reis/node_modules/.pnpm/@nestjs+common@11.1.13_reflect-metadata@0.2.2_rxjs@7.8.2/node_modules/@nestjs/common/interfaces/version-options.interface").HeaderVersioningOptions'.
              Type 'VersioningCommonOptions & HeaderVersioningOptions' is not assignable to type 'VersioningCommonOptions'.
                Types of property 'defaultVersion' are incompatible.
                  Type 'import("/Users/eduardodev/Documents/Barbearia dos Reis/node_modules/.pnpm/@nestjs+common@11.1.13_class-transformer@0.5.1_class-validator@0.14.3_reflect-metadata@0.2.2_rxjs@7.8.2/node_modules/@nestjs/common/interfaces/version-options.interface").VersionValue | undefined' is not assignable to type 'import("/Users/eduardodev/Documents/Barbearia dos Reis/node_modules/.pnpm/@nestjs+common@11.1.13_reflect-metadata@0.2.2_rxjs@7.8.2/node_modules/@nestjs/common/interfaces/version-options.interface").VersionValue | undefined'.
                    Type 'unique symbol' is not assignable to type 'VersionValue | undefined'.

[7m18[0m   const document = SwaggerModule.createDocument(app, config);
[7m  [0m [91m                                                ~~~[0m

[96msrc/main.ts[0m:[93m19[0m:[93m38[0m - [91merror[0m[90m TS2345: [0mArgument of type 'import("/Users/eduardodev/Documents/Barbearia dos Reis/node_modules/.pnpm/@nestjs+common@11.1.13_reflect-metadata@0.2.2_rxjs@7.8.2/node_modules/@nestjs/common/interfaces/nest-application.interface").INestApplication<any>' is not assignable to parameter of type 'import("/Users/eduardodev/Documents/Barbearia dos Reis/node_modules/.pnpm/@nestjs+common@11.1.13_class-transformer@0.5.1_class-validator@0.14.3_reflect-metadata@0.2.2_rxjs@7.8.2/node_modules/@nestjs/common/interfaces/nest-application.interface").INestApplication<any>'.
  Types of property 'enableVersioning' are incompatible.
    Type '(options?: import("/Users/eduardodev/Documents/Barbearia dos Reis/node_modules/.pnpm/@nestjs+common@11.1.13_reflect-metadata@0.2.2_rxjs@7.8.2/node_modules/@nestjs/common/interfaces/version-options.interface").VersioningOptions | undefined) => import("/Users/eduardodev/Documents/Barbearia dos Reis/node_modules/.pnpm/...' is not assignable to type '(options?: import("/Users/eduardodev/Documents/Barbearia dos Reis/node_modules/.pnpm/@nestjs+common@11.1.13_class-transformer@0.5.1_class-validator@0.14.3_reflect-metadata@0.2.2_rxjs@7.8.2/node_modules/@nestjs/common/interfaces/version-options.interface").VersioningOptions | undefined) => import("/Users/eduardodev/D...'.
      Types of parameters 'options' and 'options' are incompatible.
        Type 'import("/Users/eduardodev/Documents/Barbearia dos Reis/node_modules/.pnpm/@nestjs+common@11.1.13_class-transformer@0.5.1_class-validator@0.14.3_reflect-metadata@0.2.2_rxjs@7.8.2/node_modules/@nestjs/common/interfaces/version-options.interface").VersioningOptions | undefined' is not assignable to type 'import("/Users/eduardodev/Documents/Barbearia dos Reis/node_modules/.pnpm/@nestjs+common@11.1.13_reflect-metadata@0.2.2_rxjs@7.8.2/node_modules/@nestjs/common/interfaces/version-options.interface").VersioningOptions | undefined'.
          Type 'VersioningCommonOptions & HeaderVersioningOptions' is not assignable to type 'VersioningOptions | undefined'.
            Type 'VersioningCommonOptions & import("/Users/eduardodev/Documents/Barbearia dos Reis/node_modules/.pnpm/@nestjs+common@11.1.13_class-transformer@0.5.1_class-validator@0.14.3_reflect-metadata@0.2.2_rxjs@7.8.2/node_modules/@nestjs/common/interfaces/version-options.interface").HeaderVersioningOptions' is not assignable to type 'VersioningCommonOptions & import("/Users/eduardodev/Documents/Barbearia dos Reis/node_modules/.pnpm/@nestjs+common@11.1.13_reflect-metadata@0.2.2_rxjs@7.8.2/node_modules/@nestjs/common/interfaces/version-options.interface").HeaderVersioningOptions'.
              Type 'VersioningCommonOptions & HeaderVersioningOptions' is not assignable to type 'VersioningCommonOptions'.
                Types of property 'defaultVersion' are incompatible.
                  Type 'import("/Users/eduardodev/Documents/Barbearia dos Reis/node_modules/.pnpm/@nestjs+common@11.1.13_class-transformer@0.5.1_class-validator@0.14.3_reflect-metadata@0.2.2_rxjs@7.8.2/node_modules/@nestjs/common/interfaces/version-options.interface").VersionValue | undefined' is not assignable to type 'import("/Users/eduardodev/Documents/Barbearia dos Reis/node_modules/.pnpm/@nestjs+common@11.1.13_reflect-metadata@0.2.2_rxjs@7.8.2/node_modules/@nestjs/common/interfaces/version-options.interface").VersionValue | undefined'.
                    Type 'unique symbol' is not assignable to type 'VersionValue | undefined'.

[7m19[0m   SwaggerModule.setup('api/swagger', app, document);
[7m  [0m [91m                                     ~~~[0m

[96msrc/prisma/prisma.service.ts[0m:[93m2[0m:[93m10[0m - [91merror[0m[90m TS2305: [0mModule '"@prisma/client"' has no exported member 'PrismaClien[2J[3J[H[[90m10:08:16 PM[0m] File change detected. Starting incremental compilation...

[96mprisma/seed.ts[0m:[93m1[0m:[93m10[0m - [91merror[0m[90m TS2305: [0mModule '"@prisma/client"' has no exported member 'PrismaClient'.

[7m1[0m import { PrismaClient, Role } from '@prisma/client';
[7m [0m [91m         ~~~~~~~~~~~~[0m

[96mprisma/seed.ts[0m:[93m1[0m:[93m24[0m - [91merror[0m[90m TS2305: [0mModule '"@prisma/client"' has no exported member 'Role'.

[7m1[0m import { PrismaClient, Role } from '@prisma/client';
[7m [0m [91m                       ~~~~[0m

[96msrc/auth/auth.service.ts[0m:[93m5[0m:[93m10[0m - [91merror[0m[90m TS2305: [0mModule '"@prisma/client"' has no exported member 'Prisma'.

[7m5[0m import { Prisma } from '@prisma/client';
[7m [0m [91m         ~~~~~~[0m

[96msrc/haircuts/haircuts.service.ts[0m:[93m16[0m:[93m43[0m - [91merror[0m[90m TS2339: [0mProperty 'haircut' does not exist on type 'PrismaService'.

[7m16[0m         const haircut = await this.prisma.haircut.create({
[7m  [0m [91m                                          ~~~~~~~[0m

[96msrc/haircuts/haircuts.service.ts[0m:[93m42[0m:[93m25[0m - [91merror[0m[90m TS2339: [0mProperty 'haircut' does not exist on type 'PrismaService'.

[7m42[0m             this.prisma.haircut.findMany({
[7m  [0m [91m                        ~~~~~~~[0m

[96msrc/haircuts/haircuts.service.ts[0m:[93m48[0m:[93m25[0m - [91merror[0m[90m TS2339: [0mProperty 'haircut' do[96mprisma/seed.ts[0m:[93m1[0m:[93m10[0m - [91merror[0m[90m TS2305: [0mModule '"@prisma/client"' has no exported member 'PrismaClient'.

[7m1[0m import { PrismaClient, Role } from '@prisma/client';
[7m [0m [91m         ~~~~~~~~~~~~[0m

[96mprisma/seed.ts[0m:[93m1[0m:[93m24[0m - [91merror[0m[90m TS2305: [0mModule '"@prisma/client"' has no exported member 'Role'.

[7m1[0m import { PrismaClient, Role } from '@prisma/client';
[7m [0m [91m                       ~~~~[0m

[96msrc/auth/auth.service.ts[0m:[93m5[0m:[93m10[0m - [91merror[0m[90m TS2305: [0mModule '"@prisma/client"' has no exported member 'Prisma'.

[7m5[0m import { Prisma } from '@prisma/client';
[7m [0m [91m         ~~~~~~[0m

[96msrc/haircuts/haircuts.service.ts[0m:[93m16[0m:[93m43[0m - [91merror[0m[90m TS2339: [0mProperty 'haircut' does not exist on type 'PrismaService'.

[7m16[0m         const haircut = await this.prisma.haircut.create({
[7m  [0m [91m                                          ~~~~~~~[0m

[96msrc/haircuts/haircuts.service.ts[0m:[93m42[0m:[93m25[0m - [91merror[0m[90m TS2339: [0mProperty 'haircut' does not exist on type 'PrismaService'.

[7m42[0m             this.prisma.haircut.findMany({
[7m  [0m [91m                        ~~~~~~~[0m

[96msrc/haircuts/haircuts.service.ts[0m:[93m48[0m:[93m25[0m - [91merror[0m[90m TS2339: [0mProperty 'haircut' does not exist on type 'PrismaService'.

[7m48[0m             this.prisma.haircut.count(),
[7m  [0m [91m                        ~~~~~~~[0m

[96msrc/haircuts/haircuts.service.ts[0m:[93m62[0m:[93m43[0m - [91merror[0m[90m TS2339: [0mProperty 'haircut' does not exist on type 'PrismaService'.

[7m62[0m         const haircut = await this.prisma.haircut.findUnique({
[7m  [0m [91m                                          ~~~~~~~[0m

[96msrc/haircuts/haircuts.service.ts[0m:[93m71[0m:[93m28[0m - [91merror[0m[90m TS2339: [0mProperty 'haircut' does not exist on type 'PrismaService'.

[7m71[0m         return this.prisma.haircut.update({
[7m  [0m [91m                           ~~~~~~~[0m

[96msrc/haircuts/haircuts.service.ts[0m:[93m79[0m:[93m28[0m - [91merror[0m[90m TS2339: [0mProperty 'haircut' does not exist on type 'PrismaService'.

[7m79[0m         return this.prisma.haircut.delete({
[7m  [0m [91m                           ~~~~~~~[0m

[96msrc/main.ts[0m:[93m18[0m:[93m49[0m - [91merror[0m[90m TS2345: [0mArgument of type 'import("/Users/eduardodev/Documents/Barbearia dos Reis/node_modules/.pnpm/@nestjs+common@11.1.13_reflect-metadata@0.2.2_rxjs@7.8.2/node_modules/@nestjs/common/interfaces/nest-application.interface").INestApplication<any>' is not assignable to parameter of type 'import("/Users/eduardodev/Documents/Barbearia dos Reis/node_modules/.pnpm/@nestjs+common@11.1.13_class-transformer@0.5.1_class-validator@0.14.3_reflect-metadata@0.2.2_rxjs@7.8.2/node_modules/@nestjs/common/interfaces/nest-application.interface").INestApplication<any>'.
  Types of property 'enableVersioning' are incompatible.
    Type '(options?: import("/Users/eduardodev/Documents/Barbearia dos Reis/node_modules/.pnpm/@nestjs+common@11.1.13_reflect-metadata@0.2.2_rxjs@7.8.2/node_modules/@nestjs/common/interfaces/version-options.interface").VersioningOptions | undefined) => import("/Users/eduardodev/Documents/Barbearia dos Reis/node_modules/.pnpm/...' is not assignable to type '(options?: import("/Users/eduardodev/Documents/Barbearia dos Reis/node_modules/.pnpm/@nestjs+common@11.1.13_class-transformer@0.5.1_class-validator@0.14.3_reflect-metadata@0.2.2_rxjs@7.8.2/node_modules/@nestjs/common/interfaces/version-options.interface").VersioningOptions | undefined) => import("/Users/eduardodev/D...'.
      Types of parameters 'options' and 'options' are incompatible.
        Type 'import("/Users/eduardodev/Documents/Barbearia dos Reis/node_modules/.pnpm/@nestjs+common@11.1.13_class-transformer@0.5.1_class-validator@0.14.3_reflect-metadata@0.2.2_rxjs@7.8.2/node_modules/@nestjs/common/interfaces/version-options.interface").VersioningOptions | undefined' is not assignable to type 'import("/Users/eduardodev/Documents/Barbearia dos Reis/node_modules/.pnpm/@nestjs+common@11.1.13_reflect-metadata@0.2.2_rxjs@7.8.2/node_modules/@nestjs/common/interfaces/version-options.interface").VersioningOptions | undefined'.
          Type 'VersioningCommonOptions & HeaderVersioningOptions' is not assignable to type 'VersioningOptions | undefined'.
            Type 'VersioningCommonOptions & import("/Users/eduardodev/Documents/Barbearia dos Reis/node_modules/.pnpm/@nestjs+common@11.1.13_class-transformer@0.5.1_class-validator@0.14.3_reflect-metadata@0.2.2_rxjs@7.8.2/node_modules/@nestjs/common/interfaces/version-options.interface").HeaderVersioningOptions' is not assignable to type 'VersioningCommonOptions & import("/Users/eduardodev/Documents/Barbearia dos Reis/node_modules/.pnpm/@nestjs+common@11.1.13_reflect-metadata@0.2.2_rxjs@7.8.2/node_modules/@nestjs/common/interfaces/version-options.interface").HeaderVersioningOptions'.
              Type 'VersioningCommonOptions & HeaderVersioningOptions' is not assignable to type 'VersioningCommonOptions'.
                Types of property 'defaultVersion' are incompatible.
                  Type 'import("/Users/eduardodev/Documents/Barbearia dos Reis/node_modules/.pnpm/@nestjs+common@11.1.13_class-transformer@0.5.1_class-validator@0.14.3_reflect-metadata@0.2.2_rxjs@7.8.2/node_modules/@nestjs/common/interfaces/version-options.interface").VersionValue | undefined' is not assignable to type 'import("/Users/eduardodev/Documents/Barbearia dos Reis/node_modules/.pnpm/@nestjs+common@11.1.13_reflect-metadata@0.2.2_rxjs@7.8.2/node_modules/@nestjs/common/interfaces/version-options.interface").VersionValue | undefined'.
                    Type 'unique symbol' is not assignable to type 'VersionValue | undefined'.

[7m18[0m   const document = SwaggerModule.createDocument(app, config);
[7m  [0m [91m                                                ~~~[0m

[96msrc/prisma/prisma.service.ts[0m:[93m2[0m:[93m10[0m - [91merror[0m[90m TS2305: [0mModule '"@prisma/client"' has no exported member 'PrismaClien[2J[3J[H[[90m10:09:23 PM[0m] File change detected. Starting incremental compilation...

[96mprisma/seed.ts[0m:[93m1[0m:[93m10[0m - [91merror[0m[90m TS2305: [0mModule '"@prisma/client"' has no exported member 'PrismaClient'.

[7m1[0m import { PrismaClient, Role } from '@prisma/client';
[7m [0m [91m         ~~~~~~~~~~~~[0m

[96mprisma/seed.ts[0m:[93m1[0m:[93m24[0m - [91merror[0m[90m TS2305: [0mModule '"@prisma/client"' has no exported member 'Role'.

[7m1[0m import { PrismaClient, Role } from '@prisma/client';
[7m [0m [91m                       ~~~~[0m

[96msrc/auth/auth.service.ts[0m:[93m5[0m:[93m10[0m - [91merror[0m[90m TS2305: [0mModule '"@prisma/client"' has no exported member 'Prisma'.

[7m5[0m import { Prisma } from '@prisma/client';
[7m [0m [91m         ~~~~~~[0m

[96msrc/haircuts/haircuts.service.ts[0m:[93m16[0m:[93m43[0m - [91merror[0m[90m TS2339: [0mProperty 'haircut' does not exist on type 'PrismaService'.

[7m16[0m         const haircut = await this.prisma.haircut.create({
[7m  [0m [91m                                          ~~~~~~~[0m

[96msrc/haircuts/haircuts.service.ts[0m:[93m42[0m:[93m25[0m - [91merror[0m[90m TS2339: [0mProperty 'haircut' does not exist on type 'PrismaService'.

[7m42[0m             this.prisma.haircut.findMany({
[7m  [0m [91m                        ~~~~~~~[0m

[96msrc/haircuts/haircuts.service.ts[0m:[93m48[0m:[93m25[0m - [91merror[0m[90m TS2339: [0mProperty 'haircut' does not exist on type 'PrismaService'.

[7m48[0m             this.prisma.haircut.count(),
[7m  [0m [91m                        ~~~~~~~[0m

[96msrc/haircuts/haircuts.service.ts[0m:[93m62[0m:[93m43[0m - [91merror[0m[90m TS2339: [0mProperty 'haircut' does not exist on type 'PrismaService'.

[7m62[0m         const haircut = await this.prisma.haircut.findUnique({
[7m  [0m [91m                                          ~~~~~~~[0m

[96msrc/haircuts/haircuts.service.ts[0m:[93m71[0m:[93m28[0m - [91merror[0m[90m TS2339: [0mProperty 'haircut' does not exist on type 'PrismaService'.

[7m71[0m         return this.prisma.haircut.update({
[7m  [0m [91m                           ~~~~~~~[0m

[96msrc/haircuts/haircuts.service.ts[0m:[93m79[0m:[93m28[0m - [91merror[0m[90m TS2339: [0mProperty 'haircut' does not exist on type 'PrismaService'.

[7m79[0m         return this.prisma.haircut.delete({
[7m  [0m [91m                           ~~~~~~~[0m

[96msrc/main.ts[0m:[93m18[0m:[93m49[0m - [91merror[0m[90m TS2345: [0mArgument of type 'import("/Users/eduardodev/Documents/Barbearia dos Reis/node_modules/.pnpm/@nestjs+common@11.1.13_reflect-metadata@0.2.2_rxjs@7.8.2/node_modules/@nestjs/common/interfaces/nest-application.interface").INestApplication<any>' is not assignable to parameter of type 'import("/Users/eduardodev/Documents/Barbearia dos Reis/node_modules/.pnpm/@nestjs+common@11.1.13_class-transformer@0.5.1_class-validator@0.14.3_reflect-metadata@0.2.2_rxjs@7.8.2/node_modules/@nestjs/common/interfaces/nest-application.interface").INestApplication<any>'.
  Types of property 'enableVersioning' are incompatible.
    Type '(options?: import("/Users/eduardodev/Documents/Barbearia dos Reis/node_modules/.pnpm/@nestjs+common@11.1.13_reflect-metadata@0.2.2_rxjs@7.8.2/node_modules/@nestjs/common/interfaces/version-options.interface").VersioningOptions | undefined) => import("/Users/eduardodev/Documents/Barbearia dos Reis/node_modules/.pnpm/...' is not assignable to type '(options?: import("/Users/eduardodev/Documents/Barbearia dos Reis/node_modules/.pnpm/@nestjs+common@11.1.13_class-transformer@0.5.1_class-validator@0.14.3_reflect-metadata@0.2.2_rxjs@7.8.2/node_modules/@nestjs/common/interfaces/version-options.interface").VersioningOptions | undefined) => import("/Users/eduardodev/D...'.
      Types of parameters 'options' and 'options' are incompatible.
        Type 'import("/Users/eduardodev/Documents/Barbearia dos Reis/node_modules/.pnpm/@nestjs+common@11.1.13_class-transformer@0.5.1_class-validator@0.14.3_reflect-metadata@0.2.2_rxjs@7.8.2/node_modules/@nestjs/common/interfaces/version-options.interface").VersioningOptions | undefined' is not assignable to type 'import("/Users/eduardodev/Documents/Barbearia dos Reis/node_modules/.pnpm/@nestjs+common@11.1.13_reflect-metadata@0.2.2_rxjs@7.8.2/node_modules/@nestjs/common/interfaces/version-options.interface").VersioningOptions | undefined'.
          Type 'VersioningCommonOptions & HeaderVersioningOptions' is not assignable to type 'VersioningOptions | undefined'.
            Type 'VersioningCommonOptions & import("/Users/eduardodev/Documents/Barbearia dos Reis/node_modules/.pnpm/@nestjs+common@11.1.13_class-transformer@0.5.1_class-validator@0.14.3_reflect-metadata@0.2.2_rxjs@7.8.2/node_modules/@nestjs/common/interfaces/version-options.interface").HeaderVersioningOptions' is not assignable to type 'VersioningCommonOptions & import("/Users/eduardodev/Documents/Barbearia dos Reis/node_modules/.pnpm/@nestjs+common@11.1.13_reflect-metadata@0.2.2_rxjs@7.8.2/node_modules/@nestjs/common/interfaces/version-options.interface").HeaderVersioningOptions'.
              Type 'VersioningCommonOptions & HeaderVersioningOptions' is not assignable to type 'VersioningCommonOptions'.
                Types of property 'defaultVersion' are incompatible.
                  Type 'import("/Users/eduardodev/Documents/Barbearia dos Reis/node_modules/.pnpm/@nestjs+common@11.1.13_class-transformer@0.5.1_class-validator@0.14.3_reflect-metadata@0.2.2_rxjs@7.8.2/node_modules/@nestjs/common/interfaces/version-options.interface").VersionValue | undefined' is not assignable to type 'import("/Users/eduardodev/Documents/Barbearia dos Reis/node_modules/.pnpm/@nestjs+common@11.1.13_reflect-metadata@0.2.2_rxjs@7.8.2/node_modules/@nestjs/common/interfaces/version-options.interface").VersionValue | undefined'.
                    Type 'unique symbol' is not assignable to type 'VersionValue | undefined'.

[7m18[0m   const document = SwaggerModule.createDocument(app , config);
[7m  [0m [91m                                                ~~~[0m

[96msrc/prisma/prisma.service.ts[0m:[93m2[0m:[93m10[0m - [91merror[0m[90m TS2305: [0mModule '"@prisma/client"' has no exported member 'PrismaClient'.

[7m2[0m import { PrismaClient } from '@prisma/client';
[7m [0m [91m         ~~~~~~~~~~~~[0m

[96msrc/prisma/prisma.service.ts[0m:[93m7[0m:[93m20[0m - [91merror[0m[90m TS2339: [0mProperty '$connect' does not exist on type 'PrismaService'.

[7m7[0m         await this.$connect();
[7m [0m [91m                   ~~~~~~~~[0m

[96msrc/users/users.service.ts[0m:[93m3[0m:[93m10[0m - [91merror[0m[90m TS2305: [0mModule '"@prisma/client"' has no exported member 'Prisma'.

[7m3[0m import { Prisma, User } from '@prisma/client';
[7m [0m [91m         ~~~~~~[0m

[96msrc/users/users.service.ts[0m:[93m3[0m:[93m18[0m - [91merror[0m[90m TS2305: [0mModule '"@prisma/client"' has no exported member 'User'.

[7m3[0m import { Prisma, User } from '@prisma/client';
[7m [0m [91m                 ~~~~[0m

[96msrc/users/users.service.ts[0m:[93m13[0m:[93m28[0m - [91merror[0m[90m TS2339: [0mProperty 'user' does not exist on type 'PrismaService'.

[7m13[0m         return this.prisma.user.create({
[7m  [0m [91m                           ~~~~[0m

[96msrc/users/users.service.ts[0m:[93m22[0m:[93m28[0m - [91merror[0m[90m TS2339: [0mProperty 'user' does not exist on type 'PrismaService'.

[7m22[0m         return this.prisma.user.findUnique({
[7m  [0m [91m                           ~~~~[0m

[[90m10:09:23 PM[0m] Found 16 errors. Watching for file changes.

[2J[3J[H[[90m10:09:26 PM[0m] File change detected. Starting incremental compilation...

[96msrc/main.ts[0m:[93m18[0m:[93m56[0m - [91merror[0m[90m TS1110: [0mType expected.

[7m18[0m   const document = SwaggerModule.createDocument(app as , config);
[7m  [0m [91m                                                       ~[0m

[[90m10:09:26 PM[0m] Found 1 error. Watching for file changes.

[2J[3J[H[[90m10:09:27 PM[0m] File change detected. Starting incremental compilation...

[96mprisma/seed.ts[0m:[93m1[0m:[93m10[0m - [91merror[0m[90m TS2305: [0mModule '"@prisma/client"' has no exported member 'PrismaClient'.

[7m1[0m import { PrismaClient, Role } from '@prisma/client';
[7m [0m [91m         ~~~~~~~~~~~~[0m

[96mprisma/seed.ts[0m:[93m1[0m:[93m24[0m - [91merror[0m[90m TS2305: [0mModule '"@prisma/client"' has no exported member 'Role'.

[7m1[0m import { PrismaClient, Role } from '@prisma/client';
[7m [0m [91m                       ~~~~[0m

[96msrc/auth/auth.service.ts[0m:[93m5[0m:[93m10[0m - [91merror[0m[90m TS2305: [0mModule '"@prisma/client"' has no exported member 'Prisma'.

[7m5[0m import { Prisma } from '@prisma/client';
[7m [0m [91m         ~~~~~~[0m

[96msrc/haircuts/haircuts.service.ts[0m:[93m16[0m:[93m43[0m - [91merror[0m[90m TS2339: [0mProperty 'haircut' does not exist on type 'PrismaService'.

[7m16[0m         const haircut = await this.prisma.haircut.create({
[7m  [0m [91m                                          ~~~~~~~[0m

[96msrc/haircuts/haircuts.service.ts[0m:[93m42[0m:[93m25[0m - [91merror[0m[90m TS2339: [0mProperty 'haircut' does not exist on type 'PrismaService'.

[7m42[0m             this.prisma.haircut.findMany({
[7m  [0m [91m                        ~~~~~~~[0m

[96msrc/haircuts/haircuts.service.ts[0m:[93m48[0m:[93m25[0m - [91merror[0m[90m TS2339: [0mProperty 'haircut' do[96mprisma/seed.ts[0m:[93m1[0m:[93m10[0m - [91merror[0m[90m TS2305: [0mModule '"@prisma/client"' has no exported member 'PrismaClient'.

[7m1[0m import { PrismaClient, Role } from '@prisma/client';
[7m [0m [91m         ~~~~~~~~~~~~[0m

[96mprisma/seed.ts[0m:[93m1[0m:[93m24[0m - [91merror[0m[90m TS2305: [0mModule '"@prisma/client"' has no exported member 'Role'.

[7m1[0m import { PrismaClient, Role } from '@prisma/client';
[7m [0m [91m                       ~~~~[0m

[96msrc/auth/auth.service.ts[0m:[93m5[0m:[93m10[0m - [91merror[0m[90m TS2305: [0mModule '"@prisma/client"' has no exported member 'Prisma'.

[7m5[0m import { Prisma } from '@prisma/client';
[7m [0m [91m         ~~~~~~[0m

[96msrc/haircuts/haircuts.service.ts[0m:[93m16[0m:[93m43[0m - [91merror[0m[90m TS2339: [0mProperty 'haircut' does not exist on type 'PrismaService'.

[7m16[0m         const haircut = await this.prisma.haircut.create({
[7m  [0m [91m                                          ~~~~~~~[0m

[96msrc/haircuts/haircuts.service.ts[0m:[93m42[0m:[93m25[0m - [91merror[0m[90m TS2339: [0mProperty 'haircut' does not exist on type 'PrismaService'.

[7m42[0m             this.prisma.haircut.findMany({
[7m  [0m [91m                        ~~~~~~~[0m

[96msrc/haircuts/haircuts.service.ts[0m:[93m48[0m:[93m25[0m - [91merror[0m[90m TS2339: [0mProperty 'haircut' does not exist on type 'PrismaService'.

[7m48[0m             this.prisma.haircut.count(),
[7m  [0m [91m                        ~~~~~~~[0m

[96msrc/haircuts/haircuts.service.ts[0m:[93m62[0m:[93m43[0m - [91merror[0m[90m TS2339: [0mProperty 'haircut' does not exist on type 'PrismaService'.

[7m62[0m         const haircut = await this.prisma.haircut.findUnique({
[7m  [0m [91m                                          ~~~~~~~[0m

[96msrc/haircuts/haircuts.service.ts[0m:[93m71[0m:[93m28[0m - [91merror[0m[90m TS2339: [0mProperty 'haircut' does not exist on type 'PrismaService'.

[7m71[0m         return this.prisma.haircut.update({
[7m  [0m [91m                           ~~~~~~~[0m

[96msrc/haircuts/haircuts.service.ts[0m:[93m79[0m:[93m28[0m - [91merror[0m[90m TS2339: [0mProperty 'haircut' does not exist on type 'PrismaService'.

[7m79[0m         return this.prisma.haircut.delete({
[7m  [0m [91m                           ~~~~~~~[0m

[96msrc/prisma/prisma.service.ts[0m:[93m2[0m:[93m10[0m - [91merror[0m[90m TS2305: [0mModule '"@prisma/client"' has no exported member 'PrismaClien[2J[3J[H[[90m10:09:49 PM[0m] File change detected. Starting incremental compilation...

[96msrc/haircuts/dto/haircut.dto.ts[0m:[93m5[0m:[93m1[0m - [91merror[0m[90m TS1109: [0mExpression expected.

[7m5[0m export class CreateHaircutDto {
[7m [0m [91m~~~~~~[0m

[[90m10:09:49 PM[0m] Found 1 error. Watching for file changes.

[2J[3J[H[[90m10:10:02 PM[0m] File change detected. Starting incremental compilation...

[96msrc/haircuts/dto/haircut.dto.ts[0m:[93m45[0m:[93m1[0m - [91merror[0m[90m TS1160: [0mUnterminated template literal.

[7m45[0m 
[7m  [0m [91m[0m

[[90m10:10:02 PM[0m] Found 1 error. Watching for file changes.

[2J[3J[H[[90m10:10:05 PM[0m] File change detected. Starting incremental compilation...

[96msrc/haircuts/dto/haircut.dto.ts[0m:[93m5[0m:[93m1[0m - [91merror[0m[90m TS1109: [0mExpression expected.

[7m5[0m export class CreateHaircutDto {
[7m [0m [91m~~~~~~[0m

[[90m10:10:05 PM[0m] Found 1 error. Watching for file changes.

[2J[3J[H[[90m10:10:06 PM[0m] File change detected. Starting incremental compilation...

[96msrc/haircuts/dto/haircut.dto.ts[0m:[93m3[0m:[93m23[0m - [91merror[0m[90m TS1002: [0mUnterminated string literal.

[7m3[0m import { Type } from '
[7m [0m [91m                      [0m

[[90m10:10:06 PM[0m] Found 1 error. Watching for file changes.

[2J[3J[H[[90m10:10:12 PM[0m] File change detected. Starting incremental compilation...

[96mprisma/seed.ts[0m:[93m1[0m:[93m10[0m - [91merror[0m[90m TS2305: [0mModule '"@prisma/client"' has no exported member 'PrismaClient'.

[7m1[0m import { PrismaClient, Role } from '@prisma/client';
[7m [0m [91m         ~~~~~~~~~~~~[0m

[96mprisma/seed.ts[0m:[93m1[0m:[93m24[0m - [91merror[0m[90m TS2305: [0mModule '"@prisma/client"' has no exported member 'Role'.

[7m1[0m import { PrismaClient, Role } from '@prisma/client';
[7m [0m [91m                       ~~~~[0m

[96msrc/auth/auth.service.ts[0m:[93m5[0m:[93m10[0m - [91merror[0m[90m TS2305: [0mModule '"@prisma/client"' has no exported member 'Prisma'.

[7m5[0m import { Prisma } from '@prisma/client';
[7m [0m [91m         ~~~~~~[0m

[96msrc/haircuts/dto/haircut.dto.ts[0m:[93m3[0m:[93m22[0m - [91merror[0m[90m TS2307: [0mCannot find module '' or its corresponding type declarations.

[7m3[0m import { Type } from ''
[7m [0m [91m                     ~~[0m

[96msrc/haircuts/haircuts.service.ts[0m:[93m16[0m:[93m43[0m - [91merror[0m[90m TS2339: [0mProperty 'haircut' does not exist on type 'PrismaService'.

[7m16[0m         const haircut = await this.prisma.haircut.create({
[7m  [0m [91m                                          ~~~~~~~[0m

[96msrc/haircuts/haircuts.service.ts[0m:[93m42[0m:[93m25[0m - [91merror[0m[90m TS2339: [0mProperty 'haircut' does not exist on type 'Prisma[96mprisma/seed.ts[0m:[93m1[0m:[93m10[0m - [91merror[0m[90m TS2305: [0mModule '"@prisma/client"' has no exported member 'PrismaClient'.

[7m1[0m import { PrismaClient, Role } from '@prisma/client';
[7m [0m [91m         ~~~~~~~~~~~~[0m

[96mprisma/seed.ts[0m:[93m1[0m:[93m24[0m - [91merror[0m[90m TS2305: [0mModule '"@prisma/client"' has no exported member 'Role'.

[7m1[0m import { PrismaClient, Role } from '@prisma/client';
[7m [0m [91m                       ~~~~[0m

[96msrc/auth/auth.service.ts[0m:[93m5[0m:[93m10[0m - [91merror[0m[90m TS2305: [0mModule '"@prisma/client"' has no exported member 'Prisma'.

[7m5[0m import { Prisma } from '@prisma/client';
[7m [0m [91m         ~~~~~~[0m

[96msrc/haircuts/dto/haircut.dto.ts[0m:[93m3[0m:[93m22[0m - [91merror[0m[90m TS2307: [0mCannot find module '' or its corresponding type declarations.

[7m3[0m import { Type } from ''
[7m [0m [91m                     ~~[0m

[96msrc/haircuts/haircuts.service.ts[0m:[93m16[0m:[93m43[0m - [91merror[0m[90m TS2339: [0mProperty 'haircut' does not exist on type 'PrismaService'.

[7m16[0m         const haircut = await this.prisma.haircut.create({
[7m  [0m [91m                                          ~~~~~~~[0m

[96msrc/haircuts/haircuts.service.ts[0m:[93m42[0m:[93m25[0m - [91merror[0m[90m TS2339: [0mProperty 'haircut' does not exist on type 'PrismaService'.

[7m42[0m             this.prisma.haircut.findMany({
[7m  [0m [91m                        ~~~~~~~[0m

[96msrc/haircuts/haircuts.service.ts[0m:[93m48[0m:[93m25[0m - [91merror[0m[90m TS2339: [0mProperty 'haircut' does not exist on type 'PrismaService'.

[7m48[0m             this.prisma.haircut.count(),
[7m  [0m [91m                        ~~~~~~~[0m

[96msrc/haircuts/haircuts.service.ts[0m:[93m62[0m:[93m43[0m - [91merror[0m[90m TS2339: [0mProperty 'haircut' does not exist on type 'PrismaService'.

[7m62[0m         const haircut = await this.prisma.haircut.findUnique({
[7m  [0m [91m                                          ~~~~~~~[0m

[96msrc/haircuts/haircuts.service.ts[0m:[93m71[0m:[93m28[0m - [91merror[0m[90m TS2339: [0mProperty 'haircut' does not exist on type 'PrismaService'.

[7m71[0m         return this.prisma.haircut.update({
[7m  [0m [91m                           ~~~~~~~[0m

[96msrc/haircuts/haircuts.service.ts[0m:[93m79[0m:[93m28[0m - [91merror[0m[90m TS2339: [0mProperty 'haircut' does not exist on type 'PrismaService'.

[7m79[0m         return this.prisma.haircut.delete({
[7m  [0m [91m                           ~~~~~~~[0m

[96msrc/prisma/prisma.service.ts[0m:[93m2[0m:[93m10[0m - [91merror[0m[90m TS2305: [0mModule '"@prisma/client"' has no exported member 'PrismaClien[2J[3J[H[[90m10:10:19 PM[0m] File change detected. Starting incremental compilation...

[96mprisma/seed.ts[0m:[93m1[0m:[93m10[0m - [91merror[0m[90m TS2305: [0mModule '"@prisma/client"' has no exported member 'PrismaClient'.

[7m1[0m import { PrismaClient, Role } from '@prisma/client';
[7m [0m [91m         ~~~~~~~~~~~~[0m

[96mprisma/seed.ts[0m:[93m1[0m:[93m24[0m - [91merror[0m[90m TS2305: [0mModule '"@prisma/client"' has no exported member 'Role'.

[7m1[0m import { PrismaClient, Role } from '@prisma/client';
[7m [0m [91m                       ~~~~[0m

[96msrc/auth/auth.service.ts[0m:[93m5[0m:[93m10[0m - [91merror[0m[90m TS2305: [0mModule '"@prisma/client"' has no exported member 'Prisma'.

[7m5[0m import { Prisma } from '@prisma/client';
[7m [0m [91m         ~~~~~~[0m

[96msrc/haircuts/haircuts.service.ts[0m:[93m16[0m:[93m43[0m - [91merror[0m[90m TS2339: [0mProperty 'haircut' does not exist on type 'PrismaService'.

[7m16[0m         const haircut = await this.prisma.haircut.create({
[7m  [0m [91m                                          ~~~~~~~[0m

[96msrc/haircuts/haircuts.service.ts[0m:[93m42[0m:[93m25[0m - [91merror[0m[90m TS2339: [0mProperty 'haircut' does not exist on type 'PrismaService'.

[7m42[0m             this.prisma.haircut.findMany({
[7m  [0m [91m                        ~~~~~~~[0m

[96msrc/haircuts/haircuts.service.ts[0m:[93m48[0m:[93m25[0m - [91merror[0m[90m TS2339: [0mProperty 'haircut' do[96mprisma/seed.ts[0m:[93m1[0m:[93m10[0m - [91merror[0m[90m TS2305: [0mModule '"@prisma/client"' has no exported member 'PrismaClient'.

[7m1[0m import { PrismaClient, Role } from '@prisma/client';
[7m [0m [91m         ~~~~~~~~~~~~[0m

[96mprisma/seed.ts[0m:[93m1[0m:[93m24[0m - [91merror[0m[90m TS2305: [0mModule '"@prisma/client"' has no exported member 'Role'.

[7m1[0m import { PrismaClient, Role } from '@prisma/client';
[7m [0m [91m                       ~~~~[0m

[96msrc/auth/auth.service.ts[0m:[93m5[0m:[93m10[0m - [91merror[0m[90m TS2305: [0mModule '"@prisma/client"' has no exported member 'Prisma'.

[7m5[0m import { Prisma } from '@prisma/client';
[7m [0m [91m         ~~~~~~[0m

[96msrc/haircuts/haircuts.service.ts[0m:[93m16[0m:[93m43[0m - [91merror[0m[90m TS2339: [0mProperty 'haircut' does not exist on type 'PrismaService'.

[7m16[0m         const haircut = await this.prisma.haircut.create({
[7m  [0m [91m                                          ~~~~~~~[0m

[96msrc/haircuts/haircuts.service.ts[0m:[93m42[0m:[93m25[0m - [91merror[0m[90m TS2339: [0mProperty 'haircut' does not exist on type 'PrismaService'.

[7m42[0m             this.prisma.haircut.findMany({
[7m  [0m [91m                        ~~~~~~~[0m

[96msrc/haircuts/haircuts.service.ts[0m:[93m48[0m:[93m25[0m - [91merror[0m[90m TS2339: [0mProperty 'haircut' does not exist on type 'PrismaService'.

[7m48[0m             this.prisma.haircut.count(),
[7m  [0m [91m                        ~~~~~~~[0m

[96msrc/haircuts/haircuts.service.ts[0m:[93m62[0m:[93m43[0m - [91merror[0m[90m TS2339: [0mProperty 'haircut' does not exist on type 'PrismaService'.

[7m62[0m         const haircut = await this.prisma.haircut.findUnique({
[7m  [0m [91m                                          ~~~~~~~[0m

[96msrc/haircuts/haircuts.service.ts[0m:[93m71[0m:[93m28[0m - [91merror[0m[90m TS2339: [0mProperty 'haircut' does not exist on type 'PrismaService'.

[7m71[0m         return this.prisma.haircut.update({
[7m  [0m [91m                           ~~~~~~~[0m

[96msrc/haircuts/haircuts.service.ts[0m:[93m79[0m:[93m28[0m - [91merror[0m[90m TS2339: [0mProperty 'haircut' does not exist on type 'PrismaService'.

[7m79[0m         return this.prisma.haircut.delete({
[7m  [0m [91m                           ~~~~~~~[0m

[96msrc/prisma/prisma.service.ts[0m:[93m2[0m:[93m10[0m - [91merror[0m[90m TS2305: [0mModule '"@prisma/client"' has no exported member 'PrismaClien[2J[3J[H[[90m10:10:24 PM[0m] File change detected. Starting incremental compilation...

[96msrc/haircuts/dto/haircut.dto.ts[0m:[93m5[0m:[93m1[0m - [91merror[0m[90m TS1109: [0mExpression expected.

[7m5[0m export class CreateHaircutDto {
[7m [0m [91m~~~~~~[0m

[[90m10:10:25 PM[0m] Found 1 error. Watching for file changes.

[2J[3J[H[[90m10:10:30 PM[0m] File change detected. Starting incremental compilation...

[96mprisma/seed.ts[0m:[93m1[0m:[93m10[0m - [91merror[0m[90m TS2305: [0mModule '"@prisma/client"' has no exported member 'PrismaClient'.

[7m1[0m import { PrismaClient, Role } from '@prisma/client';
[7m [0m [91m         ~~~~~~~~~~~~[0m

[96mprisma/seed.ts[0m:[93m1[0m:[93m24[0m - [91merror[0m[90m TS2305: [0mModule '"@prisma/client"' has no exported member 'Role'.

[7m1[0m import { PrismaClient, Role } from '@prisma/client';
[7m [0m [91m                       ~~~~[0m

[96msrc/auth/auth.service.ts[0m:[93m5[0m:[93m10[0m - [91merror[0m[90m TS2305: [0mModule '"@prisma/client"' has no exported member 'Prisma'.

[7m5[0m import { Prisma } from '@prisma/client';
[7m [0m [91m         ~~~~~~[0m

[96msrc/haircuts/haircuts.service.ts[0m:[93m16[0m:[93m43[0m - [91merror[0m[90m TS2339: [0mProperty 'haircut' does not exist on type 'PrismaService'.

[7m16[0m         const haircut = await this.prisma.haircut.create({
[7m  [0m [91m                                          ~~~~~~~[0m

[96msrc/haircuts/haircuts.service.ts[0m:[93m42[0m:[93m25[0m - [91merror[0m[90m TS2339: [0mProperty 'haircut' does not exist on type 'PrismaService'.

[7m42[0m             this.prisma.haircut.findMany({
[7m  [0m [91m                        ~~~~~~~[0m

[96msrc/haircuts/haircuts.service.ts[0m:[93m48[0m:[93m25[0m - [91merror[0m[90m TS2339: [0mProperty 'haircut' do[96mprisma/seed.ts[0m:[93m1[0m:[93m10[0m - [91merror[0m[90m TS2305: [0mModule '"@prisma/client"' has no exported member 'PrismaClient'.

[7m1[0m import { PrismaClient, Role } from '@prisma/client';
[7m [0m [91m         ~~~~~~~~~~~~[0m

[96mprisma/seed.ts[0m:[93m1[0m:[93m24[0m - [91merror[0m[90m TS2305: [0mModule '"@prisma/client"' has no exported member 'Role'.

[7m1[0m import { PrismaClient, Role } from '@prisma/client';
[7m [0m [91m                       ~~~~[0m

[96msrc/auth/auth.service.ts[0m:[93m5[0m:[93m10[0m - [91merror[0m[90m TS2305: [0mModule '"@prisma/client"' has no exported member 'Prisma'.

[7m5[0m import { Prisma } from '@prisma/client';
[7m [0m [91m         ~~~~~~[0m

[96msrc/haircuts/haircuts.service.ts[0m:[93m16[0m:[93m43[0m - [91merror[0m[90m TS2339: [0mProperty 'haircut' does not exist on type 'PrismaService'.

[7m16[0m         const haircut = await this.prisma.haircut.create({
[7m  [0m [91m                                          ~~~~~~~[0m

[96msrc/haircuts/haircuts.service.ts[0m:[93m42[0m:[93m25[0m - [91merror[0m[90m TS2339: [0mProperty 'haircut' does not exist on type 'PrismaService'.

[7m42[0m             this.prisma.haircut.findMany({
[7m  [0m [91m                        ~~~~~~~[0m

[96msrc/haircuts/haircuts.service.ts[0m:[93m48[0m:[93m25[0m - [91merror[0m[90m TS2339: [0mProperty 'haircut' does not exist on type 'PrismaService'.

[7m48[0m             this.prisma.haircut.count(),
[7m  [0m [91m                        ~~~~~~~[0m

[96msrc/haircuts/haircuts.service.ts[0m:[93m62[0m:[93m43[0m - [91merror[0m[90m TS2339: [0mProperty 'haircut' does not exist on type 'PrismaService'.

[7m62[0m         const haircut = await this.prisma.haircut.findUnique({
[7m  [0m [91m                                          ~~~~~~~[0m

[96msrc/haircuts/haircuts.service.ts[0m:[93m71[0m:[93m28[0m - [91merror[0m[90m TS2339: [0mProperty 'haircut' does not exist on type 'PrismaService'.

[7m71[0m         return this.prisma.haircut.update({
[7m  [0m [91m                           ~~~~~~~[0m

[96msrc/haircuts/haircuts.service.ts[0m:[93m79[0m:[93m28[0m - [91merror[0m[90m TS2339: [0mProperty 'haircut' does not exist on type 'PrismaService'.

[7m79[0m         return this.prisma.haircut.delete({
[7m  [0m [91m                           ~~~~~~~[0m

[96msrc/prisma/prisma.service.ts[0m:[93m2[0m:[93m10[0m - [91merror[0m[90m TS2305: [0mModule '"@prisma/client"' has no exported member 'PrismaClien[2J[3J[H[[90m10:11:20 PM[0m] File change detected. Starting incremental compilation...

[96mprisma/seed.ts[0m:[93m1[0m:[93m10[0m - [91merror[0m[90m TS2305: [0mModule '"@prisma/client"' has no exported member 'PrismaClient'.

[7m1[0m import { PrismaClient, Role } from '@prisma/client';
[7m [0m [91m         ~~~~~~~~~~~~[0m

[96mprisma/seed.ts[0m:[93m1[0m:[93m24[0m - [91merror[0m[90m TS2305: [0mModule '"@prisma/client"' has no exported member 'Role'.

[7m1[0m import { PrismaClient, Role } from '@prisma/client';
[7m [0m [91m                       ~~~~[0m

[96msrc/auth/auth.service.ts[0m:[93m5[0m:[93m10[0m - [91merror[0m[90m TS2305: [0mModule '"@prisma/client"' has no exported member 'Prisma'.

[7m5[0m import { Prisma } from '@prisma/client';
[7m [0m [91m         ~~~~~~[0m

[96msrc/haircuts/haircuts.service.ts[0m:[93m16[0m:[93m43[0m - [91merror[0m[90m TS2339: [0mProperty 'haircut' does not exist on type 'PrismaService'.

[7m16[0m         const haircut = await this.prisma.haircut.create({
[7m  [0m [91m                                          ~~~~~~~[0m

[96msrc/haircuts/haircuts.service.ts[0m:[93m42[0m:[93m25[0m - [91merror[0m[90m TS2339: [0mProperty 'haircut' does not exist on type 'PrismaService'.

[7m42[0m             this.prisma.haircut.findMany({
[7m  [0m [91m                        ~~~~~~~[0m

[96msrc/haircuts/haircuts.service.ts[0m:[93m48[0m:[93m25[0m - [91merror[0m[90m TS2339: [0mProperty 'haircut' do[96mprisma/seed.ts[0m:[93m1[0m:[93m10[0m - [91merror[0m[90m TS2305: [0mModule '"@prisma/client"' has no exported member 'PrismaClient'.

[7m1[0m import { PrismaClient, Role } from '@prisma/client';
[7m [0m [91m         ~~~~~~~~~~~~[0m

[96mprisma/seed.ts[0m:[93m1[0m:[93m24[0m - [91merror[0m[90m TS2305: [0mModule '"@prisma/client"' has no exported member 'Role'.

[7m1[0m import { PrismaClient, Role } from '@prisma/client';
[7m [0m [91m                       ~~~~[0m

[96msrc/auth/auth.service.ts[0m:[93m5[0m:[93m10[0m - [91merror[0m[90m TS2305: [0mModule '"@prisma/client"' has no exported member 'Prisma'.

[7m5[0m import { Prisma } from '@prisma/client';
[7m [0m [91m         ~~~~~~[0m

[96msrc/haircuts/haircuts.service.ts[0m:[93m16[0m:[93m43[0m - [91merror[0m[90m TS2339: [0mProperty 'haircut' does not exist on type 'PrismaService'.

[7m16[0m         const haircut = await this.prisma.haircut.create({
[7m  [0m [91m                                          ~~~~~~~[0m

[96msrc/haircuts/haircuts.service.ts[0m:[93m42[0m:[93m25[0m - [91merror[0m[90m TS2339: [0mProperty 'haircut' does not exist on type 'PrismaService'.

[7m42[0m             this.prisma.haircut.findMany({
[7m  [0m [91m                        ~~~~~~~[0m

[96msrc/haircuts/haircuts.service.ts[0m:[93m48[0m:[93m25[0m - [91merror[0m[90m TS2339: [0mProperty 'haircut' does not exist on type 'PrismaService'.

[7m48[0m             this.prisma.haircut.count(),
[7m  [0m [91m                        ~~~~~~~[0m

[96msrc/haircuts/haircuts.service.ts[0m:[93m62[0m:[93m43[0m - [91merror[0m[90m TS2339: [0mProperty 'haircut' does not exist on type 'PrismaService'.

[7m62[0m         const haircut = await this.prisma.haircut.findUnique({
[7m  [0m [91m                                          ~~~~~~~[0m

[96msrc/haircuts/haircuts.service.ts[0m:[93m71[0m:[93m28[0m - [91merror[0m[90m TS2339: [0mProperty 'haircut' does not exist on type 'PrismaService'.

[7m71[0m         return this.prisma.haircut.update({
[7m  [0m [91m                           ~~~~~~~[0m

[96msrc/haircuts/haircuts.service.ts[0m:[93m79[0m:[93m28[0m - [91merror[0m[90m TS2339: [0mProperty 'haircut' does not exist on type 'PrismaService'.

[7m79[0m         return this.prisma.haircut.delete({
[7m  [0m [91m                           ~~~~~~~[0m

[96msrc/prisma/prisma.service.ts[0m:[93m2[0m:[93m10[0m - [91merror[0m[90m TS2305: [0mModule '"@prisma/client"' has no exported member 'PrismaClien[2J[3J[H[[90m10:18:10 PM[0m] File change detected. Starting incremental compilation...

[96mprisma/seed.ts[0m:[93m1[0m:[93m10[0m - [91merror[0m[90m TS2305: [0mModule '"@prisma/client"' has no exported member 'PrismaClient'.

[7m1[0m import { PrismaClient, Role } from '@prisma/client';
[7m [0m [91m         ~~~~~~~~~~~~[0m

[96mprisma/seed.ts[0m:[93m1[0m:[93m24[0m - [91merror[0m[90m TS2305: [0mModule '"@prisma/client"' has no exported member 'Role'.

[7m1[0m import { PrismaClient, Role } from '@prisma/client';
[7m [0m [91m                       ~~~~[0m

[96msrc/auth/auth.service.ts[0m:[93m5[0m:[93m10[0m - [91merror[0m[90m TS2305: [0mModule '"@prisma/client"' has no exported member 'Prisma'.

[7m5[0m import { Prisma } from '@prisma/client';
[7m [0m [91m         ~~~~~~[0m

[96msrc/haircuts/haircuts.service.ts[0m:[93m16[0m:[93m43[0m - [91merror[0m[90m TS2339: [0mProperty 'haircut' does not exist on type 'PrismaService'.

[7m16[0m         const haircut = await this.prisma.haircut.create({
[7m  [0m [91m                                          ~~~~~~~[0m

[96msrc/haircuts/haircuts.service.ts[0m:[93m42[0m:[93m25[0m - [91merror[0m[90m TS2339: [0mProperty 'haircut' does not exist on type 'PrismaService'.

[7m42[0m             this.prisma.haircut.findMany({
[7m  [0m [91m                        ~~~~~~~[0m

[96msrc/haircuts/haircuts.service.ts[0m:[93m48[0m:[93m25[0m - [91merror[0m[90m TS2339: [0mProperty 'haircut' do[96mprisma/seed.ts[0m:[93m1[0m:[93m10[0m - [91merror[0m[90m TS2305: [0mModule '"@prisma/client"' has no exported member 'PrismaClient'.

[7m1[0m import { PrismaClient, Role } from '@prisma/client';
[7m [0m [91m         ~~~~~~~~~~~~[0m

[96mprisma/seed.ts[0m:[93m1[0m:[93m24[0m - [91merror[0m[90m TS2305: [0mModule '"@prisma/client"' has no exported member 'Role'.

[7m1[0m import { PrismaClient, Role } from '@prisma/client';
[7m [0m [91m                       ~~~~[0m

[96msrc/auth/auth.service.ts[0m:[93m5[0m:[93m10[0m - [91merror[0m[90m TS2305: [0mModule '"@prisma/client"' has no exported member 'Prisma'.

[7m5[0m import { Prisma } from '@prisma/client';
[7m [0m [91m         ~~~~~~[0m

[96msrc/haircuts/haircuts.service.ts[0m:[93m16[0m:[93m43[0m - [91merror[0m[90m TS2339: [0mProperty 'haircut' does not exist on type 'PrismaService'.

[7m16[0m         const haircut = await this.prisma.haircut.create({
[7m  [0m [91m                                          ~~~~~~~[0m

[96msrc/haircuts/haircuts.service.ts[0m:[93m42[0m:[93m25[0m - [91merror[0m[90m TS2339: [0mProperty 'haircut' does not exist on type 'PrismaService'.

[7m42[0m             this.prisma.haircut.findMany({
[7m  [0m [91m                        ~~~~~~~[0m

[96msrc/haircuts/haircuts.service.ts[0m:[93m48[0m:[93m25[0m - [91merror[0m[90m TS2339: [0mProperty 'haircut' does not exist on type 'PrismaService'.

[7m48[0m             this.prisma.haircut.count(),
[7m  [0m [91m                        ~~~~~~~[0m

[96msrc/haircuts/haircuts.service.ts[0m:[93m62[0m:[93m43[0m - [91merror[0m[90m TS2339: [0mProperty 'haircut' does not exist on type 'PrismaService'.

[7m62[0m         const haircut = await this.prisma.haircut.findUnique({
[7m  [0m [91m                                          ~~~~~~~[0m

[96msrc/haircuts/haircuts.service.ts[0m:[93m71[0m:[93m28[0m - [91merror[0m[90m TS2339: [0mProperty 'haircut' does not exist on type 'PrismaService'.

[7m71[0m         return this.prisma.haircut.update({
[7m  [0m [91m                           ~~~~~~~[0m

[96msrc/haircuts/haircuts.service.ts[0m:[93m79[0m:[93m28[0m - [91merror[0m[90m TS2339: [0mProperty 'haircut' does not exist on type 'PrismaService'.

[7m79[0m         return this.prisma.haircut.delete({
[7m  [0m [91m                           ~~~~~~~[0m

[96msrc/prisma/prisma.service.ts[0m:[93m2[0m:[93m10[0m - [91merror[0m[90m TS2305: [0mModule '"@prisma/client"' has no exported member 'PrismaClien[2J[3J[H[[90m10:35:58 PM[0m] File change detected. Starting incremental compilation...

[91merror[0m[90m TS2688: [0mCannot find type definition file for 'express'.
  The file is in the program because:
    Entry point for implicit type library 'express'

[[90m10:36:01 PM[0m] Found 1 error. Watching for file changes.

[2J[3J[H[[90m10:36:02 PM[0m] File change detected. Starting incremental compilation...

[91merror[0m[90m TS2688: [0mCannot find type definition file for 'eslint-scope'.
  The file is in the program because:
    Entry point for implicit type library 'eslint-scope'

[91merror[0m[90m TS2688: [0mCannot find type definition file for 'express'.
  The file is in the program because:
    Entry point for implicit type library 'express'

[91merror[0m[90m TS2688: [0mCannot find type definition file for 'multer'.
  The file is in the program because:
    Entry point for implicit type library 'multer'

[91merror[0m[90m TS2688: [0mCannot find type definition file for 'node'.
  The file is in the program because:
    Entry point for implicit type library 'node'

[91merror[0m[90m TS2688: [0mCannot find type definition file for 'passport-jwt'.
  The file is in the program because:
    Entry point for implicit type library 'passport-jwt'

[[90m10:36:02 PM[0m] Found 5 errors. Watching for file changes.

[2J[3J[H[[90m10:36:04 PM[0m] File change detected. Starting incremental compilation...

[91merror[0m[90m TS2318: [0mCannot find global type 'Array'.

[91merror[0m[90m TS2318: [0mCannot find global type 'Boolean'.

[91merror[0m[90m TS2318: [0mCannot find global type 'CallableFunction'.

[91merror[0m[90m TS2318: [0mCannot find global type 'Function'.

[91merror[0m[90m TS2318: [0mCannot find global type 'IArguments'.

[91merror[0m[90m TS2318: [0mCannot find global type 'NewableFunction'.

[91merror[0m[90m TS2318: [0mCannot find global type 'Number'.

[91merror[0m[90m TS2318: [0mCannot find global type 'Object'.

[91merror[0m[90m TS2318: [0mCannot find global type 'RegExp'.

[91merror[0m[90m TS2318: [0mCannot find global type 'String'.

[91merror[0m[90m TS2688: [0mCannot find type definition file for 'bcrypt'.
  The file is in the program because:
    Entry point for implicit type library 'bcrypt'

[91merror[0m[90m TS2688: [0mCannot find type definition file for 'eslint'.
  The file is in the program because:
    Entry point for implicit type library 'eslint'

[91merror[0m[90m TS2688: [0mCannot find type definition file for 'eslint-scope'.
  The file is in the program because:
    Entry point for implicit type library 'eslint-scope'

[91merror[0m[90m TS2688: [0mCannot find type definition file for 'express'.
  The file is in the program because:
    Entry point for implicit type library 'express'

[91merror[0m[90m TS2688: [0mCannot find [91merror[0m[90m TS2318: [0mCannot find global type 'Array'.

[91merror[0m[90m TS2318: [0mCannot find global type 'Boolean'.

[91merror[0m[90m TS2318: [0mCannot find global type 'CallableFunction'.

[91merror[0m[90m TS2318: [0mCannot find global type 'Function'.

[91merror[0m[90m TS2318: [0mCannot find global type 'IArguments'.

[91merror[0m[90m TS2318: [0mCannot find global type 'NewableFunction'.

[91merror[0m[90m TS2318: [0mCannot find global type 'Number'.

[91merror[0m[90m TS2318: [0mCannot find global type 'Object'.

[91merror[0m[90m TS2318: [0mCannot find global type 'RegExp'.

[91merror[0m[90m TS2318: [0mCannot find global type 'String'.

[91merror[0m[90m TS2688: [0mCannot find type definition file for 'bcrypt'.
  The file is in the program because:
    Entry point for implicit type library 'bcrypt'

[91merror[0m[90m TS2688: [0mCannot find type definition file for 'eslint'.
  The file is in the p[2J[3J[H[[90m10:36:05 PM[0m] File change detected. Starting incremental compilation...

[91merror[0m[90m TS2318: [0mCannot find global type 'Array'.

[91merror[0m[90m TS2318: [0mCannot find global type 'Boolean'.

[91merror[0m[90m TS2318: [0mCannot find global type 'CallableFunction'.

[91merror[0m[90m TS2318: [0mCannot find global type 'Function'.

[91merror[0m[90m TS2318: [0mCannot find global type 'IArguments'.

[91merror[0m[90m TS2318: [0mCannot find global type 'NewableFunction'.

[91merror[0m[90m TS2318: [0mCannot find global type 'Number'.

[91merror[0m[90m TS2318: [0mCannot find global type 'Object'.

[91merror[0m[90m TS2318: [0mCannot find global type 'RegExp'.

[91merror[0m[90m TS2318: [0mCannot find global type 'String'.

[91merror[0m[90m TS2688: [0mCannot find type definition file for 'bcrypt'.
  The file is in the program because:
    Entry point for implicit type library 'bcrypt'

[91merror[0m[90m TS2688: [0mCannot find type definition file for 'eslint'.
  The file is in the program because:
    Entry point for implicit type library 'eslint'

[91merror[0m[90m TS2688: [0mCannot find type definition file for 'eslint-scope'.
  The file is in the program because:
    Entry point for implicit type library 'eslint-scope'

[91merror[0m[90m TS2688: [0mCannot find type definition file for 'express'.
  The file is in the program because:
    [2J[3J[H[[90m10:36:05 PM[0m] File change detected. Starting incremental compilation...

[91merror[0m[90m TS2318: [0mCannot find global type 'Array'.

[91merror[0m[90m TS2318: [0mCannot find global type 'Boolean'.

[91merror[0m[90m TS2318: [0mCannot find global type 'CallableFunction'.

[91merror[0m[90m TS2318: [0mCannot find global type 'Function'.

[91merror[0m[90m TS2318: [0mCannot find global type 'IArguments'.

[91merror[0m[90m TS2318: [0mCannot find global type 'NewableFunction'.

[91merror[0m[90m TS2318: [0mCannot find global type 'Number'.

[91merror[0m[90m TS2318: [0mCannot find global type 'Object'.

[91merror[0m[90m TS2318: [0mCannot find global type 'RegExp'.

[91merror[0m[90m TS2318: [0mCannot find global type 'String'.

[91merror[0m[90m TS2688: [0mCannot find type definition file for 'bcrypt'.
  The file is in the program because:
    Entry point for implicit type library 'bcrypt'

[91merror[0m[90m TS2688: [0mCannot find type definition file for 'eslint'.
  The file is in the program because:
    Entry point for implicit type library 'eslint'

[91merror[0m[90m TS2688: [0mCannot find type definition file for 'eslint-scope'.
  The file is in the program because:
    Entry point for implicit type library 'eslint-scope'

[91merror[0m[90m TS2688: [0mCannot find type definition file for 'express'.
  The file is in the program be[2J[3J[H[[90m10:36:20 PM[0m] File change detected. Starting incremental compilation...

[91merror[0m[90m TS2318: [0mCannot find global type 'Array'.

[91merror[0m[90m TS2318: [0mCannot find global type 'Boolean'.

[91merror[0m[90m TS2318: [0mCannot find global type 'CallableFunction'.

[91merror[0m[90m TS2318: [0mCannot find global type 'Function'.

[91merror[0m[90m TS2318: [0mCannot find global type 'IArguments'.

[91merror[0m[90m TS2318: [0mCannot find global type 'NewableFunction'.

[91merror[0m[90m TS2318: [0mCannot find global type 'Number'.

[91merror[0m[90m TS2318: [0mCannot find global type 'Object'.

[91merror[0m[90m TS2318: [0mCannot find global type 'RegExp'.

[91merror[0m[90m TS2318: [0mCannot find global type 'String'.

[91merror[0m[90m TS2688: [0mCannot find type definition file for 'bcrypt'.
  The file is in the program because:
    Entry point for implicit type library 'bcrypt'

[91merror[0m[90m TS2688: [0mCannot find type definition file for 'eslint'.
  The file is in the program because:
    Entry point for implicit type library 'eslint'

[91merror[0m[90m TS2688: [0mCannot find type definition file for 'eslint-scope'.
  The file is in the program because:
    Entry point for implicit type library 'eslint-scope'

[91merror[0m[90m TS2688: [0mCannot find type definition file for 'express'.
  The file is in the program because:
    Entry point for implicit type library 'express'

[91merror[0m[90m TS2688: [0mCannot find type definition file for 'jest'.
  The file is in the program because:
    Entry point for implicit type library 'jest'

[91merror[0m[90m TS2688: [0mCannot find type definition file for 'multer'.
  The file is in the program because:
    Entry point for implicit type library 'multer'

[91merror[0m[90m TS2688: [0mCannot find type definition file for 'node'.
  The file is in the program because:
    Entry point for implicit type library 'node'

[91merror[0m[90m TS2688: [0mCannot find type definition file for 'passport-jwt'.
  The file is in the program because:
    Entry point for implicit type library 'passport-jwt'

[91merror[0m[90m TS2688: [0mCannot find type definition file for 'passport-local'.
  The file is in the program because:
    Entry point for implicit type library 'passport-local'

[91merror[0m[90m TS2688: [0mCannot find type definition file for 'supertest'.
  The file is in the program because:
    Entry point for implicit type library 'supertest'

[91merror[0m[90m TS6053: [0mFile '/Users/eduardodev/Documents/Barbearia dos Reis/node_modules/.pnpm/typescript@5.9.3/node_modules/typescript/lib/lib.es2023.full.d.ts' not found.
  The file is in the program because:
    Default library for target 'es2023'

[[90m10:36:21 PM[0m] Found 21 errors. Watching for file changes.

[2J[3J[H[[90m10:36:22 PM[0m] File change detected. Starting incremental compilation...

[91merror[0m[90m TS2688: [0mCannot find type definition file for 'bcrypt'.
  The file is in the program because:
    Entry point for implicit type library 'bcrypt'

[91merror[0m[90m TS2688: [0mCannot find type definition file for 'eslint'.
  The file is in the program because:
    Entry point for implicit type library 'eslint'

[91merror[0m[90m TS2688: [0mCannot find type definition file for 'eslint-scope'.
  The file is in the program because:
    Entry point for implicit type library 'eslint-scope'

[91merror[0m[90m TS2688: [0mCannot find type definition file for 'express'.
  The file is in the program because:
    Entry point for implicit type library 'express'

[91merror[0m[90m TS2688: [0mCannot find type definition file for 'jest'.
  The file is in the program because:
    Entry point for implicit type library 'jest'

[91merror[0m[90m TS2688: [0mCannot find type definition file for 'multer'.
  The file is in the program because:
    Entry point for implicit type library 'multer'

[91merror[0m[90m TS2688: [0mCannot find type definition file for 'node'.
  The file is in the program because:
    Entry point for implicit type library 'node'

[91merror[0m[90m TS2688: [0mCannot find type definition file for 'passport-jwt'.
  The file is in the program because:
    Entry point for implicit type library 'passport-jwt'

[91merror[0m[90m TS2688: [0mCannot find type definition file for 'passport-local'.
  The file is in the program because:
    Entry point for implicit type library 'passport-local'

[91merror[0m[90m TS2688: [0mCannot find type definition file for 'supertest'.
  The file is in the program because:
    Entry point for implicit type library 'supertest'

[[90m10:36:24 PM[0m] Found 10 errors. Watching for file changes.

[2J[3J[H[[90m10:36:25 PM[0m] File change detected. Starting incremental compilation...

node:internal/modules/cjs/loader:1424
  throw err;
  ^

Error: Cannot find module '.prisma/client/default'
Require stack:
- /Users/eduardodev/Documents/Barbearia dos Reis/node_modules/.pnpm/@prisma+client@5.22.0_prisma@5.22.0/node_modules/@prisma/client/default.js
- /Users/eduardodev/Documents/Barbearia dos Reis/apps/backend/dist/src/prisma/prisma.service.js
- /Users/eduardodev/Documents/Barbearia dos Reis/apps/backend/dist/src/prisma/prisma.module.js
- /Users/eduardodev/Documents/Barbearia dos Reis/apps/backend/dist/src/app.module.js
- /Users/eduardodev/Documents/Barbearia dos Reis/apps/backend/dist/src/main.js
    at Module._resolveFilename (node:internal/modules/cjs/loader:1421:15)
    at defaultResolveImpl (node:internal/modules/cjs/loader:1059:19)
    at resolveForCJSWithHooks (node:internal/modules/cjs/loader:1064:22)
    at Module._load (node:internal/modules/cjs/loader:1227:37)
    at TracingChannel.traceSync (node:diagnostics_channel:328:14)
    at wrapModuleLoad (node:internal/modules/cjs/loader:245:24)
    at Module.require (node:internal/modules/cjs/loader:1504:12)
    at require (node:internal/modules/helpers:152:16)
    at Object.<anonymous> (/Users/eduardodev/Documents/Barbearia dos Reis/node_modules/.pnpm/@prisma+client@5.22.0_prisma@5.22.0/node_modules/@prisma/client/default.js:2:6)
    at Module._compile (node:internal/modules/cjs/loader:1761:14) {
  code: 'MODULE_NOT_FOUND',
  requireStack: [
    '/Users/eduardodev/Documents/Barbearia dos Reis/node_modules/.pnpm/@prisma+client@5.22.0_prisma@5.22.0/node_modules/@prisma/client/default.js',
    '/Users/eduardodev/Documents/Barbearia dos Reis/apps/backend/dist/src/prisma/prisma.service.js',
    '/Users/eduardodev/Documents/Barbearia dos Reis/apps/backend/dist/src/prisma/prisma.module.js',
    '/Users/eduardodev/Documents/Barbearia dos Reis/apps/backend/dist/src/app.module.js',
    '/Users/eduardodev/Documents/Barbearia dos Reis/apps/backend/dist/src/main.js'
  ]
}

Node.js v24.13.0
[96mprisma/seed.ts[0m:[93m1[0m:[93m10[0m - [91merror[0m[90m TS2305: [0mModule '"@prisma/client"' has no exported member 'PrismaClient'.

[7m1[0m import { PrismaClient, Role } from '@prisma/client';
[7m [0m [91m         ~~~~~~~~~~~~[0m

[96mprisma/seed.ts[0m:[93m1[0m:[93m24[0m - [91merror[0m[90m TS2305: [0mModule '"@prisma/client"' has no exported member 'Role'.

[7m1[0m import { PrismaClient, Role } from '@prisma/client';
[7m [0m [91m                       ~~~~[0m

[96msrc/auth/auth.service.ts[0m:[93m5[0m:[93m10[0m - [91merror[0m[90m TS2305: [0mModule '"@prisma/client"' has no exported member 'Prisma'.

[7m5[0m import { Prisma } from '@prisma/client';
[7m [0m [91m         ~~~~~~[0m

[96msrc/haircuts/haircuts.service.ts[0m:[93m16[0m:[93m43[0m - [91merror[0m[90m TS2339: [0mProperty 'haircut' does not exist on type 'PrismaService'.

[7m16[0m         const haircut = await this.prisma.haircut.create({
[7m  [0m [91m                                          ~~~~~~~[0m

[96msrc/haircuts/haircuts.service.ts[0m:[93m42[0m:[93m25[0m - [91merror[0m[90m TS2339: [0mProperty 'haircut' does not exist on type 'PrismaService'.

[7m42[0m             this.prisma.haircut.findMany({
[7m  [0m [91m                        ~~~~~~~[0m

[96msrc/haircuts/haircuts.service.ts[0m:[93m48[0m:[93m25[0m - [91merror[0m[90m TS2339: [0mProperty 'haircut' does not exist on type 'PrismaService'.

[7m48[0m             this.prisma.haircut.count(),
[7m  [0m [91m                        ~~~~~~~[0m

[96msrc/haircuts/haircuts.service.ts[0m:[93m62[0m:[93m43[0m - [91merror[0m[90m TS2339: [0mProperty 'haircut' does not exist on type 'PrismaService'.

[7m62[0m         const haircut = await this.prisma.haircut.findUnique({
[7m  [0m [91m                                          ~~~~~~~[0m

[96msrc/haircuts/haircuts.service.ts[0m:[93m71[0m:[93m28[0m - [91merror[0m[90m TS2339: [0mProperty 'haircut' does not exist on type 'PrismaService'.

[7m71[0m         return this.prisma.haircut.update({
[7m  [0m [91m                           ~~~~~~~[0m

[96msrc/haircuts/haircuts.service.ts[0m:[93m79[0m:[93m28[0m - [91merror[0m[90m TS2339: [0mProperty 'haircut' does not exist on type 'PrismaService'.

[7m79[0m         return this.prisma.haircut.delete({
[7m  [0m [91m                           ~~~~~~~[0m

[96msrc/prisma/prisma.service.ts[0m:[93m2[0m:[93m10[0m - [91merror[0m[90m TS2305: [0mModule '"@prisma/client"' has no exported member 'PrismaClient'.

[7m2[0m import { PrismaClient } from '@prisma/client';
[7m [0m [91m         ~~~~~~~~~~~~[0m

[96msrc/prisma/prisma.service.ts[0m:[93m7[0m:[93m20[0m - [91merror[0m[90m TS2339: [0mProperty '$connect' does not exist on type 'PrismaService'.

[7m7[0m         await this.$connect();
[7m [0m [91m                   ~~~~~~~~[0m

[96msrc/users/users.service.ts[0m:[93m3[0m:[93m10[0m - [91merror[0m[90m TS2305: [0mModule '"@prisma/client"' has no exported member 'Prisma'.

[7m3[0m import { Prisma, User } from '@prisma/client';
[7m [0m [91m         ~~~~~~[0m

[96msrc/users/users.service.ts[0m:[93m3[0m:[93m18[0m - [91merror[0m[90m TS2305: [0mModule '"@prisma/client"' has no exported member 'User'.

[7m3[0m import { Prisma, User } from '@prisma/client';
[7m [0m [91m                 ~~~~[0m

[96msrc/users/users.service.ts[0m:[93m13[0m:[93m28[0m - [91merror[0m[90m TS2339: [0mProperty 'user' does not exist on type 'PrismaService'.

[7m13[0m         return this.prisma.user.create({
[7m  [0m [91m                           ~~~~[0m

[96msrc/users/users.service.ts[0m:[93m22[0m:[93m28[0m - [91merror[0m[90m TS2339: [0mProperty 'user' does not exist on type 'PrismaService'.

[7m22[0m         return this.prisma.user.findUnique({
[7m  [0m [91m                           ~~~~[0m

[[90m10:36:29 PM[0m] Found 15 errors. Watching for file changes.

[2J[3J[H[[90m10:36:30 PM[0m] File change detected. Starting incremental compilation...

[96mprisma/seed.ts[0m:[93m1[0m:[93m10[0m - [91merror[0m[90m TS2305: [0mModule '"@prisma/client"' has no exported member 'PrismaClient'.

[7m1[0m import { PrismaClient, Role } from '@prisma/client';
[7m [0m [91m         ~~~~~~~~~~~~[0m

[96mprisma/seed.ts[0m:[93m1[0m:[93m24[0m - [91merror[0m[90m TS2305: [0mModule '"@prisma/client"' has no exported member 'Role'.

[7m1[0m import { PrismaClient, Role } from '@prisma/client';
[7m [0m [91m                       ~~~~[0m

[96msrc/auth/auth.service.ts[0m:[93m5[0m:[93m10[0m - [91merror[0m[90m TS2305: [0mModule '"@prisma/client"' has no exported member 'Prisma'.

[7m5[0m import { Prisma } from '@prisma/client';
[7m [0m [91m         ~~~~~~[0m

[96msrc/haircuts/haircuts.service.ts[0m:[93m16[0m:[93m43[0m - [91merror[0m[90m TS2339: [0mProperty 'haircut' does not exist on type 'PrismaService'.

[7m16[0m         const haircut = await this.prisma.haircut.create({
[7m  [0m [91m                                          ~~~~~~~[0m

[96msrc/haircuts/haircuts.service.ts[0m:[93m42[0m:[93m25[0m - [91merror[0m[90m TS2339: [0mProperty 'haircut' does not exist on type 'PrismaService'.

[7m42[0m             this.prisma.haircut.findMany({
[7m  [0m [91m                        ~~~~~~~[0m

[96msrc/haircuts/haircuts.service.ts[0m:[93m48[0m:[93m25[0m - [91merror[0m[90m TS2339: [0mProperty 'haircut' does not exist on type 'PrismaService'.

[7m48[0m             this.prisma.haircut.count(),
[7m  [0m [91m                        ~~~~~~~[0m

[96msrc/haircuts/haircuts.service.ts[0m:[93m62[0m:[93m43[0m - [91merror[0m[90m TS2339: [0mProperty 'haircut' does not exist on type 'PrismaService'.

[7m62[0m         const haircut = await this.prisma.haircut.findUnique({
[7m  [0m [91m                                          ~~~~~~~[0m

[96msrc/haircuts/haircuts.service.ts[0m:[93m71[0m:[93m28[0m - [91merror[0m[90m TS2339: [0mProperty 'haircut' does not exist on type 'PrismaService'.

[7m71[0m         return this.prisma.haircut.update({
[7m  [0m [91m                           ~~~~~~~[0m

[96msrc/haircuts/haircuts.service.ts[0m:[93m79[0m:[93m28[0m - [91merror[0m[90m TS2339: [0mProperty 'haircut' does not exist on type 'PrismaService'.

[7m79[0m         return this.prisma.haircut.delete({
[7m  [0m [91m                           ~~~~~~~[0m

[96msrc/prisma/prisma.service.ts[0m:[93m2[0m:[93m10[0m - [91merror[0m[90m TS2305: [0mModule '"@prisma/client"' has no exported member 'PrismaClient'.

[7m2[0m import { PrismaClient } from '@prisma/client';
[7m [0m [91m         ~~~~~~~~~~~~[0m

[96msrc/prisma/prisma.service.ts[0m:[93m7[0m:[93m20[0m - [91merror[0m[90m TS2339: [0mProperty '$connect' does not exist on type 'PrismaService'.

[7m7[0m         await this.$connect();
[7m [0m [91m                   ~~~~~~~~[0m

[96msrc/users/users.service.ts[0m:[93m3[0m:[93m10[0m - [91merror[0m[90m TS2305: [0mModule '"@prisma/client"' has no exported member 'Prisma'.

[7m3[0m import { Prisma, User } from '@prisma/client';
[7m [0m [91m         ~~~~~~[0m

[96msrc/users/users.service.ts[0m:[93m3[0m:[93m18[0m - [91merror[0m[90m TS2305: [0mModule '"@prisma/client"' has no exported member 'User'.

[7m3[0m import { Prisma, User } from '@prisma/client';
[7m [0m [91m                 ~~~~[0m

[96msrc/users/users.service.ts[0m:[93m13[0m:[93m28[0m - [91merror[0m[90m TS2339: [0mProperty 'user' does not exist on type 'PrismaService'.

[7m13[0m         return this.prisma.user.create({
[7m  [0m [91m                           ~~~~[0m

[96msrc/users/users.service.ts[0m:[93m22[0m:[93m28[0m - [91merror[0m[90m TS2339: [0mProperty 'user' does not exist on type 'PrismaService'.

[7m22[0m         return this.prisma.user.findUnique({
[7m  [0m [91m                           ~~~~[0m

[[90m10:36:30 PM[0m] Found 15 errors. Watching for file changes.

[2J[3J[H[[90m10:38:06 PM[0m] File change detected. Starting incremental compilation...

[96mprisma/seed.ts[0m:[93m1[0m:[93m10[0m - [91merror[0m[90m TS2305: [0mModule '"@prisma/client"' has no exported member 'PrismaClient'.

[7m1[0m import { PrismaClient, Role } from '@prisma/client';
[7m [0m [91m         ~~~~~~~~~~~~[0m

[96mprisma/seed.ts[0m:[93m1[0m:[93m24[0m - [91merror[0m[90m TS2305: [0mModule '"@prisma/client"' has no exported member 'Role'.

[7m1[0m import { PrismaClient, Role } from '@prisma/client';
[7m [0m [91m                       ~~~~[0m

[96msrc/auth/auth.service.ts[0m:[93m5[0m:[93m10[0m - [91merror[0m[90m TS2305: [0mModule '"@prisma/client"' has no exported member 'Prisma'.

[7m5[0m import { Prisma } from '@prisma/client';
[7m [0m [91m         ~~~~~~[0m

[96msrc/prisma/prisma.service.ts[0m:[93m2[0m:[93m10[0m - [91merror[0m[90m TS2305: [0mModule '"@prisma/client"' has no exported member 'PrismaClient'.

[7m2[0m import { PrismaClient } from '@prisma/client';
[7m [0m [91m         ~~~~~~~~~~~~[0m

[96msrc/prisma/prisma.service.ts[0m:[93m9[0m:[93m20[0m - [91merror[0m[90m TS2339: [0mProperty '$connect' does not exist on type 'PrismaService'.

[7m9[0m         await this.$connect();
[7m [0m [91m                   ~~~~~~~~[0m

[96msrc/users/users.service.ts[0m:[93m3[0m:[93m10[0m - [91merror[0m[90m TS2305: [0mModule '"@prisma/client"' has no exported member 'Prisma'.

[7m3[0m import { Prisma, User } from '@prisma/client';
[7m [0m [91m         ~~~~~~[0m

[96msrc/users/users.service.ts[0m:[93m3[0m:[93m18[0m - [91merror[0m[90m TS2305: [0mModule '"@prisma/client"' has no exported member 'User'.

[7m3[0m import { Prisma, User } from '@prisma/client';
[7m [0m [91m                 ~~~~[0m

[[90m10:38:06 PM[0m] Found 7 errors. Watching for file changes.

definition file for 'bcrypt'.
  The file is in the program because:
    Entry point for implicit type library 'bcrypt'

[91merror[0m[90m TS2688: [0mCannot find type definition file for 'eslint'.
  The file is in the program because:
    Entry point for implicit type library 'eslint'

[91merror[0m[90m TS2688: [0mCannot find type definition file for 'eslint-scope'.
  The file is in the program because:
    Entry point for implicit type library 'eslint-scope'

[91merror[0m[90m TS2688: [0mCannot find type definition file for 'express'.
  The file is in the program because:
    Entry point for implicit type library 'express'

[91merror[0m[90m TS2688: [0mCannot find type definition file for 'jest'.
  The file is in the program because:
    Entry point for implicit type library 'jest'

[91merror[0m[90m TS2688: [0mCannot find type definition file for 'multer'.
  The file is in the program because:
    Entry point for implicit type library 'multer'

[91merror[0m[90m TS2688: [0mCannot find type definition file for 'node'.
  The file is in the program because:
    Entry point for implicit type library 'node'

[91merror[0m[90m TS2688: [0mCannot find type definition file for 'passport-jwt'.
  The file is in the program because:
    Entry point for implicit type library 'passport-jwt'

[91merror[0m[90m TS2688: [0mCannot find type definition file for 'passport-local'.
  The file is in the program because:
    Entry point for implicit type library 'passport-local'

[91merror[0m[90m TS2688: [0mCannot find type definition file for 'supertest'.
  The file is in the program because:
    Entry point for implicit type library 'supertest'

[[90m10:36:25 PM[0m] Found 10 errors. Watching for file changes.

[2J[3J[H[[90m10:36:25 PM[0m] File change detected. Starting incremental compilation...

node:internal/modules/cjs/loader:1424
  throw err;
  ^

Error: Cannot find module '.prisma/client/default'
Require stack:
- /Users/eduardodev/Documents/Barbearia dos Reis/node_modules/.pnpm/@prisma+client@5.22.0_prisma@5.22.0/node_modules/@prisma/client/default.js
- /Users/eduardodev/Documents/Barbearia dos Reis/apps/backend/dist/src/prisma/prisma.service.js
- /Users/eduardodev/Documents/Barbearia dos Reis/apps/backend/dist/src/prisma/prisma.module.js
- /Users/eduardodev/Documents/Barbearia dos Reis/apps/backend/dist/src/app.module.js
- /Users/eduardodev/Documents/Barbearia dos Reis/apps/backend/dist/src/main.js
    at Module._resolveFilename (node:internal/modules/cjs/loader:1421:15)
    at defaultResolveImpl (node:internal/modules/cjs/loader:1059:19)
    at resolveForCJSWithHooks (node:internal/modules/cjs/loader:1064:22)
    at Module._load (node:internal/modules/cjs/loader:1227:37)
    at TracingChannel.traceSync (node:diagnostics_channel:328:14)
    at wrapModuleLoad (node:internal/modules/cjs/loader:245:24)
    at Module.require (node:internal/modules/cjs/loader:1504:12)
    at require (node:internal/modules/helpers:152:16)
    at Object.<anonymous> (/Users/eduardodev/Documents/Barbearia dos Reis/node_modules/.pnpm/@prisma+client@5.22.0_prisma@5.22.0/node_modules/@prisma/client/default.js:2:6)
    at Module._compile (node:internal/modules/cjs/loader:1761:14) {
  code: 'MODULE_NOT_FOUND',
  requireStack: [
    '/Users/eduardodev/Documents/Barbearia dos Reis/node_modules/.pnpm/@prisma+client@5.22.0_prisma@5.22.0/node_modules/@prisma/client/default.js',
    '/Users/eduardodev/Documents/Barbearia dos Reis/apps/backend/dist/src/prisma/prisma.service.js',
    '/Users/eduardodev/Documents/Barbearia dos Reis/apps/backend/dist/src/prisma/prisma.module.js',
    '/Users/eduardodev/Documents/Barbearia dos Reis/apps/backend/dist/src/app.module.js',
    '/Users/eduardodev/Documents/Barbearia dos Reis/apps/backend/dist/src/main.js'
  ]
}

Node.js v24.13.0
[96mprisma/seed.ts[0m:[93m1[0m:[93m10[0m - [91merror[0m[90m TS2305: [0mModule '"@prisma/client"' has no exported member 'PrismaClient'.

[7m1[0m import { PrismaClient, Role } from '@prisma/client';
[7m [0m [91m         ~~~~~~~~~~~~[0m

[96mprisma/seed.ts[0m:[93m1[0m:[93m24[0m - [91merror[0m[90m TS2305: [0mModule '"@prisma/client"' has no exported member 'Role'.

[7m1[0m import { PrismaClient, Role } from '@prisma/client';
[7m [0m [91m                       ~~~~[0m

[96msrc/auth/auth.service.ts[0m:[93m5[0m:[93m10[0m - [91merror[0m[90m TS2305: [0mModule '"@prisma/client"' has no exported member 'Prisma'.

[7m5[0m import { Prisma } from '@prisma/client';
[7m [0m [91m         ~~~~~~[0m

[96msrc/haircuts/haircuts.service.ts[0m:[93m16[0m:[93m43[0m - [91merror[0m[90m TS2339: [0mProperty 'haircut' does not exist on type 'PrismaService'.

[7m16[0m         const haircut = await this.prisma.haircut.create({
[7m  [0m [91m                                          ~~~~~~~[0m

[96msrc/haircuts/haircuts.service.ts[0m:[93m42[0m:[93m25[0m - [91merror[0m[90m TS2339: [0mProperty 'haircut' does not exist on type 'PrismaService'.

[7m42[0m             this.prisma.haircut.findMany({
[7m  [0m [91m                        ~~~~~~~[0m

[96msrc/haircuts/haircuts.service.ts[0m:[93m48[0m:[93m25[0m - [91merror[0m[90m TS2339: [0mProperty 'haircut' does not exist on type 'PrismaService'.

[7m48[0m             this.prisma.haircut.count(),
[7m  [0m [91m                        ~~~~~~~[0m

[96msrc/haircuts/haircuts.service.ts[0m:[93m62[0m:[93m43[0m - [91merror[0m[90m TS2339: [0mProperty 'haircut' does not exist on type 'PrismaService'.

[7m62[0m         const haircut = await this.prisma.haircut.findUnique({
[7m  [0m [91m                                          ~~~~~~~[0m

[96msrc/haircuts/haircuts.service.ts[0m:[93m71[0m:[93m28[0m - [91merror[0m[90m TS2339: [0mProperty 'haircut' does not exist on type 'PrismaService'.

[7m71[0m         return this.prisma.haircut.update({
[7m  [0m [91m                           ~~~~~~~[0m

[96msrc/haircuts/haircuts.service.ts[0m:[93m79[0m:[93m28[0m - [91merror[0m[90m TS2339: [0mProperty 'haircut' does not exist on type 'PrismaService'.

[7m79[0m         return this.prisma.haircut.delete({
[7m  [0m [91m                           ~~~~~~~[0m

[96msrc/prisma/prisma.service.ts[0m:[93m2[0m:[93m10[0m - [91merror[0m[90m TS2305: [0mModule '"@prisma/client"' has no exported member 'PrismaClient'.

[7m2[0m import { PrismaClient } from '@prisma/client';
[7m [0m [91m         ~~~~~~~~~~~~[0m

[96msrc/prisma/prisma.service.ts[0m:[93m7[0m:[93m20[0m - [91merror[0m[90m TS2339: [0mProperty '$connect' does not exist on type 'PrismaService'.

[7m7[0m         await this.$connect();
[7m [0m [91m                   ~~~~~~~~[0m

[96msrc/users/users.service.ts[0m:[93m3[0m:[93m10[0m - [91merror[0m[90m TS2305: [0mModule '"@prisma/client"' has no exported member 'Prisma'.

[7m3[0m import { Prisma, User } from '@prisma/client';
[7m [0m [91m         ~~~~~~[0m

[96msrc/users/users.service.ts[0m:[93m3[0m:[93m18[0m - [91merror[0m[90m TS2305: [0mModule '"@prisma/client"' has no exported member 'User'.

[7m3[0m import { Prisma, User } from '@prisma/client';
[7m [0m [91m                 ~~~~[0m

[96msrc/users/users.service.ts[0m:[93m13[0m:[93m28[0m - [91merror[0m[90m TS2339: [0mProperty 'user' does not exist on type 'PrismaService'.

[7m13[0m         return this.prisma.user.create({
[7m  [0m [91m                           ~~~~[0m

[96msrc/users/users.service.ts[0m:[93m22[0m:[93m28[0m - [91merror[0m[90m TS2339: [0mProperty 'user' does not exist on type 'PrismaService'.

[7m22[0m         return this.prisma.user.findUnique({
[7m  [0m [91m                           ~~~~[0m

[[90m10:36:30 PM[0m] Found 15 errors. Watching for file changes.

[2J[3J[H[[90m10:38:06 PM[0m] File change detected. Starting incremental compilation...

[96mprisma/seed.ts[0m:[93m1[0m:[93m10[0m - [91merror[0m[90m TS2305: [0mModule '"@prisma/client"' has no exported member 'PrismaClient'.

[7m1[0m import { PrismaClient, Role } from '@prisma/client';
[7m [0m [91m         ~~~~~~~~~~~~[0m

[96mprisma/seed.ts[0m:[93m1[0m:[93m24[0m - [91merror[0m[90m TS2305: [0mModule '"@prisma/client"' has no exported member 'Role'.

[7m1[0m import { PrismaClient, Role } from '@prisma/client';
[7m [0m [91m                       ~~~~[0m

[96msrc/auth/auth.service.ts[0m:[93m5[0m:[93m10[0m - [91merror[0m[90m TS2305: [0mModule '"@prisma/client"' has no exported member 'Prisma'.

[7m5[0m import { Prisma } from '@prisma/client';
[7m [0m [91m         ~~~~~~[0m

[96msrc/prisma/prisma.service.ts[0m:[93m2[0m:[93m10[0m - [91merror[0m[90m TS2305: [0mModule '"@prisma/client"' has no exported member 'PrismaClient'.

[7m2[0m import { PrismaClient } from '@prisma/client';
[7m [0m [91m         ~~~~~~~~~~~~[0m

[96msrc/prisma/prisma.service.ts[0m:[93m9[0m:[93m20[0m - [91merror[0m[90m TS2339: [0mProperty '$connect' does not exist on type 'PrismaService'.

[7m9[0m         await this.$connect();
[7m [0m [91m                   ~~~~~~~~[0m

[96msrc/users/users.service.ts[0m:[93m3[0m:[93m10[0m - [91merror[0m[90m TS2305: [0mModule '"@prisma/client"' has no exported member 'Prisma'.

[7m3[0m import { Prisma, User } from '@prisma/client';
[7m [0m [91m         ~~~~~~[0m

[96msrc/users/users.service.ts[0m:[93m3[0m:[93m18[0m - [91merror[0m[90m TS2305: [0mModule '"@prisma/client"' has no exported member 'User'.

[7m3[0m import { Prisma, User } from '@prisma/client';
[7m [0m [91m                 ~~~~[0m

[[90m10:38:08 PM[0m] Found 7 errors. Watching for file changes.

ce.ts[0m:[93m4[0m:[93m25[0m - [91merror[0m[90m TS2307: [0mCannot find module 'bcrypt' or its corresponding type declarations.

[7m4[0m import * as bcrypt from 'bcrypt';
[7m [0m [91m                        ~~~~~~~~[0m

[96msrc/users/users.service.ts[0m:[93m13[0m:[93m28[0m - [91merror[0m[90m TS2339: [0mProperty 'user' does not exist on type 'PrismaService'.

[7m13[0m         return this.prisma.user.create({
[7m  [0m [91m                           ~~~~[0m

[96msrc/users/users.service.ts[0m:[93m22[0m:[93m28[0m - [91merror[0m[90m TS2339: [0mProperty 'user' does not exist on type 'PrismaService'.

[7m22[0m         return this.prisma.user.findUnique({
[7m  [0m [91m                           ~~~~[0m

[[90m10:36:24 PM[0m] Found 71 errors. Watching for file changes.

[2J[3J[H[[90m10:36:25 PM[0m] File change detected. Starting incremental compilation...

node:internal/modules/cjs/loader:1424
  throw err;
  ^

Error: Cannot find module '.prisma/client/default'
Require stack:
- /Users/eduardodev/Documents/Barbearia dos Reis/node_modules/.pnpm/@prisma+client@5.22.0_prisma@5.22.0/node_modules/@prisma/client/default.js
- /Users/eduardodev/Documents/Barbearia dos Reis/apps/backend/dist/src/prisma/prisma.service.js
- /Users/eduardodev/Documents/Barbearia dos Reis/apps/backend/dist/src/prisma/prisma.module.js
- /Users/eduardodev/Documents/Barbearia dos Reis/apps/backend/dist/src/app.module.js
- /Users/eduardodev/Documents/Barbearia dos Reis/apps/backend/dist/src/main.js
    at Module._resolveFilename (node:internal/modules/cjs/loader:1421:15)
    at defaultResolveImpl (node:internal/modules/cjs/loader:1059:19)
    at resolveForCJSWithHooks (node:internal/modules/cjs/loader:1064:22)
    at Module._load (node:internal/modules/cjs/loader:1227:37)
    at TracingChannel.traceSync (node:diagnostics_channel:328:14)
    at wrapModuleLoad (node:internal/modules/cjs/loader:245:24)
    at Module.require (node:internal/modules/cjs/loader:1504:12)
    at require (node:internal/modules/helpers:152:16)
    at Object.<anonymous> (/Users/eduardodev/Documents/Barbearia dos Reis/node_modules/.pnpm/@prisma+client@5.22.0_prisma@5.22.0/node_modules/@prisma/client/default.js:2:6)
    at Module._compile (node:internal/modules/cjs/loader:1761:14) {
  code: 'MODULE_NOT_FOUND',
  requireStack: [
    '/Users/eduardodev/Documents/Barbearia dos Reis/node_modules/.pnpm/@prisma+client@5.22.0_prisma@5.22.0/node_modules/@prisma/client/default.js',
    '/Users/eduardodev/Documents/Barbearia dos Reis/apps/backend/dist/src/prisma/prisma.service.js',
    '/Users/eduardodev/Documents/Barbearia dos Reis/apps/backend/dist/src/prisma/prisma.module.js',
    '/Users/eduardodev/Documents/Barbearia dos Reis/apps/backend/dist/src/app.module.js',
    '/Users/eduardodev/Documents/Barbearia dos Reis/apps/backend/dist/src/main.js'
  ]
}

Node.js v24.13.0
[96mprisma/seed.ts[0m:[93m1[0m:[93m10[0m - [91merror[0m[90m TS2305: [0mModule '"@prisma/client"' has no exported member 'PrismaClient'.

[7m1[0m import { PrismaClient, Role } from '@prisma/client';
[7m [0m [91m         ~~~~~~~~~~~~[0m

[96mprisma/seed.ts[0m:[93m1[0m:[93m24[0m - [91merror[0m[90m TS2305: [0mModule '"@prisma/client"' has no exported member 'Role'.

[7m1[0m import { PrismaClient, Role } from '@prisma/client';
[7m [0m [91m                       ~~~~[0m

[96msrc/auth/auth.service.ts[0m:[93m5[0m:[93m10[0m - [91merror[0m[90m TS2305: [0mModule '"@prisma/client"' has no exported member 'Prisma'.

[7m5[0m import { Prisma } from '@prisma/client';
[7m [0m [91m         ~~~~~~[0m

[96msrc/haircuts/haircuts.service.ts[0m:[93m16[0m:[93m43[0m - [91merror[0m[90m TS2339: [0mProperty 'haircut' does not exist on type 'PrismaService'.

[7m16[0m         const haircut = await this.prisma.haircut.create({
[7m  [0m [91m                                          ~~~~~~~[0m

[96msrc/haircuts/haircuts.service.ts[0m:[93m42[0m:[93m25[0m - [91merror[0m[90m TS2339: [0mProperty 'haircut' does not exist on type 'PrismaService'.

[7m42[0m             this.prisma.haircut.findMany({
[7m  [0m [91m                        ~~~~~~~[0m

[96msrc/haircuts/haircuts.service.ts[0m:[93m48[0m:[93m25[0m - [91merror[0m[90m TS2339: [0mProperty 'haircut' does not exist on type 'PrismaService'.

[7m48[0m             this.prisma.haircut.count(),
[7m  [0m [91m                        ~~~~~~~[0m

[96msrc/haircuts/haircuts.service.ts[0m:[93m62[0m:[93m43[0m - [91merror[0m[90m TS2339: [0mProperty 'haircut' does not exist on type 'PrismaService'.

[7m62[0m         const haircut = await this.prisma.haircut.findUnique({
[7m  [0m [91m                                          ~~~~~~~[0m

[96msrc/haircuts/haircuts.service.ts[0m:[93m71[0m:[93m28[0m - [91merror[0m[90m TS2339: [0mProperty 'haircut' does not exist on type 'PrismaService'.

[7m71[0m         return this.prisma.haircut.update({
[7m  [0m [91m                           ~~~~~~~[0m

[96msrc/haircuts/haircuts.service.ts[0m:[93m79[0m:[93m28[0m - [91merror[0m[90m TS2339: [0mProperty 'haircut' does not exist on type 'PrismaService'.

[7m79[0m         return this.prisma.haircut.delete({
[7m  [0m [91m                           ~~~~~~~[0m

[96msrc/prisma/prisma.service.ts[0m:[93m2[0m:[93m10[0m - [91merror[0m[90m TS2305: [0mModule '"@prisma/client"' has no exported member 'PrismaClient'.

[7m2[0m import { PrismaClient } from '@prisma/client';
[7m [0m [91m         ~~~~~~~~~~~~[0m

[96msrc/prisma/prisma.service.ts[0m:[93m7[0m:[93m20[0m - [91merror[0m[90m TS2339: [0mProperty '$connect' does not exist on type 'PrismaService'.

[7m7[0m         await this.$connect();
[7m [0m [91m                   ~~~~~~~~[0m

[96msrc/users/users.service.ts[0m:[93m3[0m:[93m10[0m - [91merror[0m[90m TS2305: [0mModule '"@prisma/client"' has no exported member 'Prisma'.

[7m3[0m import { Prisma, User } from '@prisma/client';
[7m [0m [91m         ~~~~~~[0m

[96msrc/users/users.service.ts[0m:[93m3[0m:[93m18[0m - [91merror[0m[90m TS2305: [0mModule '"@prisma/client"' has no exported member 'User'.

[7m3[0m import { Prisma, User } from '@prisma/client';
[7m [0m [91m                 ~~~~[0m

[96msrc/users/users.service.ts[0m:[93m13[0m:[93m28[0m - [91merror[0m[90m TS2339: [0mProperty 'user' does not exist on type 'PrismaService'.

[7m13[0m         return this.prisma.user.create({
[7m  [0m [91m                           ~~~~[0m

[96msrc/users/users.service.ts[0m:[93m22[0m:[93m28[0m - [91merror[0m[90m TS2339: [0mProperty 'user' does not exist on type 'PrismaService'.

[7m22[0m         return this.prisma.user.findUnique({
[7m  [0m [91m                           ~~~~[0m

[[90m10:36:29 PM[0m] Found 15 errors. Watching for file changes.

[2J[3J[H[[90m10:36:30 PM[0m] File change detected. Starting incremental compilation...

[96mprisma/seed.ts[0m:[93m1[0m:[93m10[0m - [91merror[0m[90m TS2305: [0mModule '"@prisma/client"' has no exported member 'PrismaClient'.

[7m1[0m import { PrismaClient, Role } from '@prisma/client';
[7m [0m [91m         ~~~~~~~~~~~~[0m

[96mprisma/seed.ts[0m:[93m1[0m:[93m24[0m - [91merror[0m[90m TS2305: [0mModule '"@prisma/client"' has no exported member 'Role'.

[7m1[0m import { PrismaClient, Role } from '@prisma/client';
[7m [0m [91m                       ~~~~[0m

[96msrc/auth/auth.service.ts[0m:[93m5[0m:[93m10[0m - [91merror[0m[90m TS2305: [0mModule '"@prisma/client"' has no exported member 'Prisma'.

[7m5[0m import { Prisma } from '@prisma/client';
[7m [0m [91m         ~~~~~~[0m

[96msrc/haircuts/haircuts.service.ts[0m:[93m16[0m:[93m43[0m - [91merror[0m[90m TS2339: [0mProperty 'haircut' does not exist on type 'PrismaService'.

[7m16[0m         const haircut = await this.prisma.haircut.create({
[7m  [0m [91m                                          ~~~~~~~[0m

[96msrc/haircuts/haircuts.service.ts[0m:[93m42[0m:[93m25[0m - [91merror[0m[90m TS2339: [0mProperty 'haircut' does not exist on type 'PrismaService'.

[7m42[0m             this.prisma.haircut.findMany({
[7m  [0m [91m                        ~~~~~~~[0m

[96msrc/haircuts/haircuts.service.ts[0m:[93m48[0m:[93m25[0m - [91merror[0m[90m TS2339: [0mProperty 'haircut' does not exist on type 'PrismaService'.

[7m48[0m             this.prisma.haircut.count(),
[7m  [0m [91m                        ~~~~~~~[0m

[96msrc/haircuts/haircuts.service.ts[0m:[93m62[0m:[93m43[0m - [91merror[0m[90m TS2339: [0mProperty 'haircut' does not exist on type 'PrismaService'.

[7m62[0m         const haircut = await this.prisma.haircut.findUnique({
[7m  [0m [91m                                          ~~~~~~~[0m

[96msrc/haircuts/haircuts.service.ts[0m:[93m71[0m:[93m28[0m - [91merror[0m[90m TS2339: [0mProperty 'haircut' does not exist on type 'PrismaService'.

[7m71[0m         return this.prisma.haircut.update({
[7m  [0m [91m                           ~~~~~~~[0m

[96msrc/haircuts/haircuts.service.ts[0m:[93m79[0m:[93m28[0m - [91merror[0m[90m TS2339: [0mProperty 'haircut' does not exist on type 'PrismaService'.

[7m79[0m         return this.prisma.haircut.delete({
[7m  [0m [91m                           ~~~~~~~[0m

[96msrc/prisma/prisma.service.ts[0m:[93m2[0m:[93m10[0m - [91merror[0m[90m TS2305: [0mModule '"@prisma/client"' has no exported member 'PrismaClient'.

[7m2[0m import { PrismaClient } from '@prisma/client';
[7m [0m [91m         ~~~~~~~~~~~~[0m

[96msrc/prisma/prisma.service.ts[0m:[93m7[0m:[93m20[0m - [91merror[0m[90m TS2339: [0mProperty '$connect' does not exist on type 'PrismaService'.

[7m7[0m         await this.$connect();
[7m [0m [91m                   ~~~~~~~~[0m

[96msrc/users/users.service.ts[0m:[93m3[0m:[93m10[0m - [91merror[0m[90m TS2305: [0mModule '"@prisma/client"' has no exported member 'Prisma'.

[7m3[0m import { Prisma, User } from '@prisma/client';
[7m [0m [91m         ~~~~~~[0m

[96msrc/users/users.service.ts[0m:[93m3[0m:[93m18[0m - [91merror[0m[90m TS2305: [0mModule '"@prisma/client"' has no exported member 'User'.

[7m3[0m import { Prisma, User } from '@prisma/client';
[7m [0m [91m                 ~~~~[0m

[96msrc/users/users.service.ts[0m:[93m13[0m:[93m28[0m - [91merror[0m[90m TS2339: [0mProperty 'user' does not exist on type 'PrismaService'.

[7m13[0m         return this.prisma.user.create({
[7m  [0m [91m                           ~~~~[0m

[96msrc/users/users.service.ts[0m:[93m22[0m:[93m28[0m - [91merror[0m[90m TS2339: [0mProperty 'user' does not exist on type 'PrismaService'.

[7m22[0m         return this.prisma.user.findUnique({
[7m  [0m [91m                           ~~~~[0m

[[90m10:36:31 PM[0m] Found 15 errors. Watching for file changes.

[2J[3J[H[[90m10:38:06 PM[0m] File change detected. Starting incremental compilation...

[96mprisma/seed.ts[0m:[93m1[0m:[93m10[0m - [91merror[0m[90m TS2305: [0mModule '"@prisma/client"' has no exported member 'PrismaClient'.

[7m1[0m import { PrismaClient, Role } from '@prisma/client';
[7m [0m [91m         ~~~~~~~~~~~~[0m

[96mprisma/seed.ts[0m:[93m1[0m:[93m24[0m - [91merror[0m[90m TS2305: [0mModule '"@prisma/client"' has no exported member 'Role'.

[7m1[0m import { PrismaClient, Role } from '@prisma/client';
[7m [0m [91m                       ~~~~[0m

[96msrc/auth/auth.service.ts[0m:[93m5[0m:[93m10[0m - [91merror[0m[90m TS2305: [0mModule '"@prisma/client"' has no exported member 'Prisma'.

[7m5[0m import { Prisma } from '@prisma/client';
[7m [0m [91m         ~~~~~~[0m

[96msrc/prisma/prisma.service.ts[0m:[93m2[0m:[93m10[0m - [91merror[0m[90m TS2305: [0mModule '"@prisma/client"' has no exported member 'PrismaClient'.

[7m2[0m import { PrismaClient } from '@prisma/client';
[7m [0m [91m         ~~~~~~~~~~~~[0m

[96msrc/prisma/prisma.service.ts[0m:[93m9[0m:[93m20[0m - [91merror[0m[90m TS2339: [0mProperty '$connect' does not exist on type 'PrismaService'.

[7m9[0m         await this.$connect();
[7m [0m [91m                   ~~~~~~~~[0m

[96msrc/users/users.service.ts[0m:[93m3[0m:[93m10[0m - [91merror[0m[90m TS2305: [0mModule '"@prisma/client"' has no exported member 'Prisma'.

[7m3[0m import { Prisma, User } from '@prisma/client';
[7m [0m [91m         ~~~~~~[0m

[96msrc/users/users.service.ts[0m:[93m3[0m:[93m18[0m - [91merror[0m[90m TS2305: [0mModule '"@prisma/client"' has no exported member 'User'.

[7m3[0m import { Prisma, User } from '@prisma/client';
[7m [0m [91m                 ~~~~[0m

[[90m10:38:08 PM[0m] Found 7 errors. Watching for file changes.

